{"meta": {"format": 3, "version": "7.13.1", "timestamp": "2026-01-23T22:21:35.607561", "branch_coverage": false, "show_contexts": false}, "files": {"src\\__init__.py": {"executed_lines": [1, 2, 3, 4, 5, 8, 10, 13, 14, 17, 18, 21, 24, 25, 28, 29, 32, 33, 39, 40, 41, 42, 48, 49, 50, 51, 56, 57, 58, 59, 64, 65, 66, 67, 72, 73, 74, 75, 80, 81, 82, 83, 88, 89, 92, 95], "summary": {"covered_lines": 46, "num_statements": 72, "percent_covered": 63.888888888888886, "percent_covered_display": "64", "missing_lines": 26, "excluded_lines": 0, "percent_statements_covered": 63.888888888888886, "percent_statements_covered_display": "64"}, "missing_lines": [43, 44, 52, 53, 60, 61, 68, 69, 76, 77, 84, 85, 97, 98, 99, 101, 102, 103, 104, 105, 106, 107, 108, 110, 113, 114], "excluded_lines": [], "functions": {"create_app": {"executed_lines": [10, 13, 14, 17, 18, 21, 24, 25, 28, 29, 32, 33, 39, 40, 41, 42, 48, 49, 50, 51, 56, 57, 58, 59, 64, 65, 66, 67, 72, 73, 74, 75, 80, 81, 82, 83, 88, 89, 92], "summary": {"covered_lines": 39, "num_statements": 51, "percent_covered": 76.47058823529412, "percent_covered_display": "76", "missing_lines": 12, "excluded_lines": 0, "percent_statements_covered": 76.47058823529412, "percent_statements_covered_display": "76"}, "missing_lines": [43, 44, 52, 53, 60, 61, 68, 69, 76, 77, 84, 85], "excluded_lines": [], "start_line": 8}, "init_db": {"executed_lines": [], "summary": {"covered_lines": 0, "num_statements": 14, "percent_covered": 0.0, "percent_covered_display": "0", "missing_lines": 14, "excluded_lines": 0, "percent_statements_covered": 0.0, "percent_statements_covered_display": "0"}, "missing_lines": [97, 98, 99, 101, 102, 103, 104, 105, 106, 107, 108, 110, 113, 114], "excluded_lines": [], "start_line": 95}, "": {"executed_lines": [1, 2, 3, 4, 5, 8, 95], "summary": {"covered_lines": 7, "num_statements": 7, "percent_covered": 100.0, "percent_covered_display": "100", "missing_lines": 0, "excluded_lines": 0, "percent_statements_covered": 100.0, "percent_statements_covered_display": "100"}, "missing_lines": [], "excluded_lines": [], "start_line": 1}}, "classes": {"": {"executed_lines": [1, 2, 3, 4, 5, 8, 10, 13, 14, 17, 18, 21, 24, 25, 28, 29, 32, 33, 39, 40, 41, 42, 48, 49, 50, 51, 56, 57, 58, 59, 64, 65, 66, 67, 72, 73, 74, 75, 80, 81, 82, 83, 88, 89, 92, 95], "summary": {"covered_lines": 46, "num_statements": 72, "percent_covered": 63.888888888888886, "percent_covered_display": "64", "missing_lines": 26, "excluded_lines": 0, "percent_statements_covered": 63.888888888888886, "percent_statements_covered_display": "64"}, "missing_lines": [43, 44, 52, 53, 60, 61, 68, 69, 76, 77, 84, 85, 97, 98, 99, 101, 102, 103, 104, 105, 106, 107, 108, 110, 113, 114], "excluded_lines": [], "start_line": 1}}}, "src\\controllers\\__init__.py": {"executed_lines": [6, 7, 8, 9, 10, 11, 13], "summary": {"covered_lines": 7, "num_statements": 7, "percent_covered": 100.0, "percent_covered_display": "100", "missing_lines": 0, "excluded_lines": 0, "percent_statements_covered": 100.0, "percent_statements_covered_display": "100"}, "missing_lines": [], "excluded_lines": [], "functions": {"": {"executed_lines": [6, 7, 8, 9, 10, 11, 13], "summary": {"covered_lines": 7, "num_statements": 7, "percent_covered": 100.0, "percent_covered_display": "100", "missing_lines": 0, "excluded_lines": 0, "percent_statements_covered": 100.0, "percent_statements_covered_display": "100"}, "missing_lines": [], "excluded_lines": [], "start_line": 1}}, "classes": {"": {"executed_lines": [6, 7, 8, 9, 10, 11, 13], "summary": {"covered_lines": 7, "num_statements": 7, "percent_covered": 100.0, "percent_covered_display": "100", "missing_lines": 0, "excluded_lines": 0, "percent_statements_covered": 100.0, "percent_statements_covered_display": "100"}, "missing_lines": [], "excluded_lines": [], "start_line": 1}}}, "src\\controllers\\events.py": {"executed_lines": [7, 8, 9, 11, 12, 19, 20, 21, 32, 33, 34, 45, 46, 47, 62, 63, 64, 75, 76, 77, 88, 89, 90], "summary": {"covered_lines": 23, "num_statements": 65, "percent_covered": 35.38461538461539, "percent_covered_display": "35", "missing_lines": 42, "excluded_lines": 0, "percent_statements_covered": 35.38461538461539, "percent_statements_covered_display": "35"}, "missing_lines": [23, 24, 25, 26, 27, 28, 29, 36, 37, 38, 39, 40, 41, 42, 49, 50, 51, 52, 53, 54, 55, 66, 67, 68, 69, 70, 71, 72, 79, 80, 81, 82, 83, 84, 85, 92, 93, 94, 95, 96, 97, 98], "excluded_lines": [], "functions": {"product_created": {"executed_lines": [], "summary": {"covered_lines": 0, "num_statements": 7, "percent_covered": 0.0, "percent_covered_display": "0", "missing_lines": 7, "excluded_lines": 0, "percent_statements_covered": 0.0, "percent_statements_covered_display": "0"}, "missing_lines": [23, 24, 25, 26, 27, 28, 29], "excluded_lines": [], "start_line": 21}, "product_updated": {"executed_lines": [], "summary": {"covered_lines": 0, "num_statements": 7, "percent_covered": 0.0, "percent_covered_display": "0", "missing_lines": 7, "excluded_lines": 0, "percent_statements_covered": 0.0, "percent_statements_covered_display": "0"}, "missing_lines": [36, 37, 38, 39, 40, 41, 42], "excluded_lines": [], "start_line": 34}, "product_deleted": {"executed_lines": [], "summary": {"covered_lines": 0, "num_statements": 7, "percent_covered": 0.0, "percent_covered_display": "0", "missing_lines": 7, "excluded_lines": 0, "percent_statements_covered": 0.0, "percent_statements_covered_display": "0"}, "missing_lines": [49, 50, 51, 52, 53, 54, 55], "excluded_lines": [], "start_line": 47}, "order_created": {"executed_lines": [], "summary": {"covered_lines": 0, "num_statements": 7, "percent_covered": 0.0, "percent_covered_display": "0", "missing_lines": 7, "excluded_lines": 0, "percent_statements_covered": 0.0, "percent_statements_covered_display": "0"}, "missing_lines": [66, 67, 68, 69, 70, 71, 72], "excluded_lines": [], "start_line": 64}, "order_cancelled": {"executed_lines": [], "summary": {"covered_lines": 0, "num_statements": 7, "percent_covered": 0.0, "percent_covered_display": "0", "missing_lines": 7, "excluded_lines": 0, "percent_statements_covered": 0.0, "percent_statements_covered_display": "0"}, "missing_lines": [79, 80, 81, 82, 83, 84, 85], "excluded_lines": [], "start_line": 77}, "order_completed": {"executed_lines": [], "summary": {"covered_lines": 0, "num_statements": 7, "percent_covered": 0.0, "percent_covered_display": "0", "missing_lines": 7, "excluded_lines": 0, "percent_statements_covered": 0.0, "percent_statements_covered_display": "0"}, "missing_lines": [92, 93, 94, 95, 96, 97, 98], "excluded_lines": [], "start_line": 90}, "": {"executed_lines": [7, 8, 9, 11, 12, 19, 20, 21, 32, 33, 34, 45, 46, 47, 62, 63, 64, 75, 76, 77, 88, 89, 90], "summary": {"covered_lines": 23, "num_statements": 23, "percent_covered": 100.0, "percent_covered_display": "100", "missing_lines": 0, "excluded_lines": 0, "percent_statements_covered": 100.0, "percent_statements_covered_display": "100"}, "missing_lines": [], "excluded_lines": [], "start_line": 1}}, "classes": {"": {"executed_lines": [7, 8, 9, 11, 12, 19, 20, 21, 32, 33, 34, 45, 46, 47, 62, 63, 64, 75, 76, 77, 88, 89, 90], "summary": {"covered_lines": 23, "num_statements": 65, "percent_covered": 35.38461538461539, "percent_covered_display": "35", "missing_lines": 42, "excluded_lines": 0, "percent_statements_covered": 35.38461538461539, "percent_statements_covered_display": "35"}, "missing_lines": [23, 24, 25, 26, 27, 28, 29, 36, 37, 38, 39, 40, 41, 42, 49, 50, 51, 52, 53, 54, 55, 66, 67, 68, 69, 70, 71, 72, 79, 80, 81, 82, 83, 84, 85, 92, 93, 94, 95, 96, 97, 98], "excluded_lines": [], "start_line": 1}}}, "src\\controllers\\home.py": {"executed_lines": [5, 6, 9, 12, 13, 23, 24], "summary": {"covered_lines": 7, "num_statements": 9, "percent_covered": 77.77777777777777, "percent_covered_display": "78", "missing_lines": 2, "excluded_lines": 0, "percent_statements_covered": 77.77777777777777, "percent_statements_covered_display": "78"}, "missing_lines": [15, 26], "excluded_lines": [], "functions": {"info": {"executed_lines": [], "summary": {"covered_lines": 0, "num_statements": 1, "percent_covered": 0.0, "percent_covered_display": "0", "missing_lines": 1, "excluded_lines": 0, "percent_statements_covered": 0.0, "percent_statements_covered_display": "0"}, "missing_lines": [15], "excluded_lines": [], "start_line": 13}, "version": {"executed_lines": [], "summary": {"covered_lines": 0, "num_statements": 1, "percent_covered": 0.0, "percent_covered_display": "0", "missing_lines": 1, "excluded_lines": 0, "percent_statements_covered": 0.0, "percent_statements_covered_display": "0"}, "missing_lines": [26], "excluded_lines": [], "start_line": 24}, "": {"executed_lines": [5, 6, 9, 12, 13, 23, 24], "summary": {"covered_lines": 7, "num_statements": 7, "percent_covered": 100.0, "percent_covered_display": "100", "missing_lines": 0, "excluded_lines": 0, "percent_statements_covered": 100.0, "percent_statements_covered_display": "100"}, "missing_lines": [], "excluded_lines": [], "start_line": 1}}, "classes": {"": {"executed_lines": [5, 6, 9, 12, 13, 23, 24], "summary": {"covered_lines": 7, "num_statements": 9, "percent_covered": 77.77777777777777, "percent_covered_display": "78", "missing_lines": 2, "excluded_lines": 0, "percent_statements_covered": 77.77777777777777, "percent_statements_covered_display": "78"}, "missing_lines": [15, 26], "excluded_lines": [], "start_line": 1}}}, "src\\controllers\\inventory.py": {"executed_lines": [5, 6, 7, 8, 9, 10, 15, 16, 20, 22, 25, 26, 30, 31, 34, 35, 36, 37, 38, 39, 42, 44, 57, 65, 69, 72, 73, 74, 75, 76, 77, 106, 107, 108, 109, 138, 139, 156, 157, 192, 193, 194, 195, 197, 198, 199, 201, 202, 204, 205, 211, 212, 213, 214, 215, 246, 247, 248, 264, 265, 266, 267, 268, 269, 318, 319, 320, 321, 352, 353, 354, 355, 357, 359, 360, 361, 363, 364, 368, 371, 372, 374, 386, 387, 388, 389, 390, 420, 421, 422, 423, 424], "summary": {"covered_lines": 92, "num_statements": 256, "percent_covered": 35.9375, "percent_covered_display": "36", "missing_lines": 164, "excluded_lines": 0, "percent_statements_covered": 35.9375, "percent_statements_covered_display": "36"}, "missing_lines": [79, 81, 83, 84, 87, 89, 90, 100, 101, 102, 103, 104, 111, 113, 115, 116, 119, 120, 127, 128, 130, 131, 132, 133, 134, 135, 136, 141, 143, 145, 146, 148, 150, 151, 152, 153, 154, 159, 161, 162, 164, 165, 166, 168, 169, 171, 172, 173, 174, 179, 180, 186, 188, 189, 190, 207, 208, 209, 217, 219, 221, 222, 224, 225, 228, 229, 235, 236, 238, 239, 240, 241, 242, 243, 244, 250, 251, 252, 254, 255, 258, 260, 261, 262, 271, 273, 274, 276, 277, 279, 280, 283, 284, 285, 286, 293, 294, 295, 300, 307, 308, 310, 311, 312, 313, 314, 315, 316, 323, 324, 325, 328, 329, 330, 331, 332, 334, 336, 339, 340, 341, 343, 344, 346, 348, 349, 350, 365, 376, 377, 378, 400, 401, 402, 404, 405, 408, 415, 416, 417, 434, 435, 436, 437, 439, 440, 441, 443, 444, 446, 448, 449, 450, 452, 453, 454, 455, 456, 457, 464, 466, 471, 472, 473], "excluded_lines": [], "functions": {"get_inventory_models": {"executed_lines": [44, 57, 65], "summary": {"covered_lines": 3, "num_statements": 3, "percent_covered": 100.0, "percent_covered_display": "100", "missing_lines": 0, "excluded_lines": 0, "percent_statements_covered": 100.0, "percent_statements_covered_display": "100"}, "missing_lines": [], "excluded_lines": [], "start_line": 42}, "InventoryList.get": {"executed_lines": [], "summary": {"covered_lines": 0, "num_statements": 12, "percent_covered": 0.0, "percent_covered_display": "0", "missing_lines": 12, "excluded_lines": 0, "percent_statements_covered": 0.0, "percent_statements_covered_display": "0"}, "missing_lines": [79, 81, 83, 84, 87, 89, 90, 100, 101, 102, 103, 104], "excluded_lines": [], "start_line": 77}, "InventoryList.post": {"executed_lines": [], "summary": {"covered_lines": 0, "num_statements": 15, "percent_covered": 0.0, "percent_covered_display": "0", "missing_lines": 15, "excluded_lines": 0, "percent_statements_covered": 0.0, "percent_statements_covered_display": "0"}, "missing_lines": [111, 113, 115, 116, 119, 120, 127, 128, 130, 131, 132, 133, 134, 135, 136], "excluded_lines": [], "start_line": 109}, "InventoryList.put": {"executed_lines": [], "summary": {"covered_lines": 0, "num_statements": 10, "percent_covered": 0.0, "percent_covered_display": "0", "missing_lines": 10, "excluded_lines": 0, "percent_statements_covered": 0.0, "percent_statements_covered_display": "0"}, "missing_lines": [141, 143, 145, 146, 148, 150, 151, 152, 153, 154], "excluded_lines": [], "start_line": 139}, "InventoryList.delete": {"executed_lines": [], "summary": {"covered_lines": 0, "num_statements": 18, "percent_covered": 0.0, "percent_covered_display": "0", "missing_lines": 18, "excluded_lines": 0, "percent_statements_covered": 0.0, "percent_statements_covered_display": "0"}, "missing_lines": [159, 161, 162, 164, 165, 166, 168, 169, 171, 172, 173, 174, 179, 180, 186, 188, 189, 190], "excluded_lines": [], "start_line": 157}, "InventoryItem.get": {"executed_lines": [197, 198, 199, 201, 202, 204, 205], "summary": {"covered_lines": 7, "num_statements": 10, "percent_covered": 70.0, "percent_covered_display": "70", "missing_lines": 3, "excluded_lines": 0, "percent_statements_covered": 70.0, "percent_statements_covered_display": "70"}, "missing_lines": [207, 208, 209], "excluded_lines": [], "start_line": 195}, "InventoryItem.put": {"executed_lines": [], "summary": {"covered_lines": 0, "num_statements": 17, "percent_covered": 0.0, "percent_covered_display": "0", "missing_lines": 17, "excluded_lines": 0, "percent_statements_covered": 0.0, "percent_statements_covered_display": "0"}, "missing_lines": [217, 219, 221, 222, 224, 225, 228, 229, 235, 236, 238, 239, 240, 241, 242, 243, 244], "excluded_lines": [], "start_line": 215}, "InventoryItem.delete": {"executed_lines": [], "summary": {"covered_lines": 0, "num_statements": 9, "percent_covered": 0.0, "percent_covered_display": "0", "missing_lines": 9, "excluded_lines": 0, "percent_statements_covered": 0.0, "percent_statements_covered_display": "0"}, "missing_lines": [250, 251, 252, 254, 255, 258, 260, 261, 262], "excluded_lines": [], "start_line": 248}, "StockAdjustment.post": {"executed_lines": [], "summary": {"covered_lines": 0, "num_statements": 24, "percent_covered": 0.0, "percent_covered_display": "0", "missing_lines": 24, "excluded_lines": 0, "percent_statements_covered": 0.0, "percent_statements_covered_display": "0"}, "missing_lines": [271, 273, 274, 276, 277, 279, 280, 283, 284, 285, 286, 293, 294, 295, 300, 307, 308, 310, 311, 312, 313, 314, 315, 316], "excluded_lines": [], "start_line": 269}, "CheckAvailability.post": {"executed_lines": [], "summary": {"covered_lines": 0, "num_statements": 19, "percent_covered": 0.0, "percent_covered_display": "0", "missing_lines": 19, "excluded_lines": 0, "percent_statements_covered": 0.0, "percent_statements_covered_display": "0"}, "missing_lines": [323, 324, 325, 328, 329, 330, 331, 332, 334, 336, 339, 340, 341, 343, 344, 346, 348, 349, 350], "excluded_lines": [], "start_line": 321}, "BatchInventoryRetrieval.post": {"executed_lines": [357, 359, 360, 361, 363, 364, 368, 371, 372, 374], "summary": {"covered_lines": 10, "num_statements": 14, "percent_covered": 71.42857142857143, "percent_covered_display": "71", "missing_lines": 4, "excluded_lines": 0, "percent_statements_covered": 71.42857142857143, "percent_statements_covered_display": "71"}, "missing_lines": [365, 376, 377, 378], "excluded_lines": [], "start_line": 355}, "StockQuery.get": {"executed_lines": [], "summary": {"covered_lines": 0, "num_statements": 9, "percent_covered": 0.0, "percent_covered_display": "0", "missing_lines": 9, "excluded_lines": 0, "percent_statements_covered": 0.0, "percent_statements_covered_display": "0"}, "missing_lines": [400, 401, 402, 404, 405, 408, 415, 416, 417], "excluded_lines": [], "start_line": 390}, "StockBatchQuery.post": {"executed_lines": [], "summary": {"covered_lines": 0, "num_statements": 24, "percent_covered": 0.0, "percent_covered_display": "0", "missing_lines": 24, "excluded_lines": 0, "percent_statements_covered": 0.0, "percent_statements_covered_display": "0"}, "missing_lines": [434, 435, 436, 437, 439, 440, 441, 443, 444, 446, 448, 449, 450, 452, 453, 454, 455, 456, 457, 464, 466, 471, 472, 473], "excluded_lines": [], "start_line": 424}, "": {"executed_lines": [5, 6, 7, 8, 9, 10, 15, 16, 20, 22, 25, 26, 30, 31, 34, 35, 36, 37, 38, 39, 42, 69, 72, 73, 74, 75, 76, 77, 106, 107, 108, 109, 138, 139, 156, 157, 192, 193, 194, 195, 211, 212, 213, 214, 215, 246, 247, 248, 264, 265, 266, 267, 268, 269, 318, 319, 320, 321, 352, 353, 354, 355, 386, 387, 388, 389, 390, 420, 421, 422, 423, 424], "summary": {"covered_lines": 72, "num_statements": 72, "percent_covered": 100.0, "percent_covered_display": "100", "missing_lines": 0, "excluded_lines": 0, "percent_statements_covered": 100.0, "percent_statements_covered_display": "100"}, "missing_lines": [], "excluded_lines": [], "start_line": 1}}, "classes": {"InventoryList": {"executed_lines": [], "summary": {"covered_lines": 0, "num_statements": 55, "percent_covered": 0.0, "percent_covered_display": "0", "missing_lines": 55, "excluded_lines": 0, "percent_statements_covered": 0.0, "percent_statements_covered_display": "0"}, "missing_lines": [79, 81, 83, 84, 87, 89, 90, 100, 101, 102, 103, 104, 111, 113, 115, 116, 119, 120, 127, 128, 130, 131, 132, 133, 134, 135, 136, 141, 143, 145, 146, 148, 150, 151, 152, 153, 154, 159, 161, 162, 164, 165, 166, 168, 169, 171, 172, 173, 174, 179, 180, 186, 188, 189, 190], "excluded_lines": [], "start_line": 73}, "InventoryItem": {"executed_lines": [197, 198, 199, 201, 202, 204, 205], "summary": {"covered_lines": 7, "num_statements": 36, "percent_covered": 19.444444444444443, "percent_covered_display": "19", "missing_lines": 29, "excluded_lines": 0, "percent_statements_covered": 19.444444444444443, "percent_statements_covered_display": "19"}, "missing_lines": [207, 208, 209, 217, 219, 221, 222, 224, 225, 228, 229, 235, 236, 238, 239, 240, 241, 242, 243, 244, 250, 251, 252, 254, 255, 258, 260, 261, 262], "excluded_lines": [], "start_line": 193}, "StockAdjustment": {"executed_lines": [], "summary": {"covered_lines": 0, "num_statements": 24, "percent_covered": 0.0, "percent_covered_display": "0", "missing_lines": 24, "excluded_lines": 0, "percent_statements_covered": 0.0, "percent_statements_covered_display": "0"}, "missing_lines": [271, 273, 274, 276, 277, 279, 280, 283, 284, 285, 286, 293, 294, 295, 300, 307, 308, 310, 311, 312, 313, 314, 315, 316], "excluded_lines": [], "start_line": 265}, "CheckAvailability": {"executed_lines": [], "summary": {"covered_lines": 0, "num_statements": 19, "percent_covered": 0.0, "percent_covered_display": "0", "missing_lines": 19, "excluded_lines": 0, "percent_statements_covered": 0.0, "percent_statements_covered_display": "0"}, "missing_lines": [323, 324, 325, 328, 329, 330, 331, 332, 334, 336, 339, 340, 341, 343, 344, 346, 348, 349, 350], "excluded_lines": [], "start_line": 319}, "BatchInventoryRetrieval": {"executed_lines": [357, 359, 360, 361, 363, 364, 368, 371, 372, 374], "summary": {"covered_lines": 10, "num_statements": 14, "percent_covered": 71.42857142857143, "percent_covered_display": "71", "missing_lines": 4, "excluded_lines": 0, "percent_statements_covered": 71.42857142857143, "percent_statements_covered_display": "71"}, "missing_lines": [365, 376, 377, 378], "excluded_lines": [], "start_line": 353}, "StockQuery": {"executed_lines": [], "summary": {"covered_lines": 0, "num_statements": 9, "percent_covered": 0.0, "percent_covered_display": "0", "missing_lines": 9, "excluded_lines": 0, "percent_statements_covered": 0.0, "percent_statements_covered_display": "0"}, "missing_lines": [400, 401, 402, 404, 405, 408, 415, 416, 417], "excluded_lines": [], "start_line": 387}, "StockBatchQuery": {"executed_lines": [], "summary": {"covered_lines": 0, "num_statements": 24, "percent_covered": 0.0, "percent_covered_display": "0", "missing_lines": 24, "excluded_lines": 0, "percent_statements_covered": 0.0, "percent_statements_covered_display": "0"}, "missing_lines": [434, 435, 436, 437, 439, 440, 441, 443, 444, 446, 448, 449, 450, 452, 453, 454, 455, 456, 457, 464, 466, 471, 472, 473], "excluded_lines": [], "start_line": 421}, "": {"executed_lines": [5, 6, 7, 8, 9, 10, 15, 16, 20, 22, 25, 26, 30, 31, 34, 35, 36, 37, 38, 39, 42, 44, 57, 65, 69, 72, 73, 74, 75, 76, 77, 106, 107, 108, 109, 138, 139, 156, 157, 192, 193, 194, 195, 211, 212, 213, 214, 215, 246, 247, 248, 264, 265, 266, 267, 268, 269, 318, 319, 320, 321, 352, 353, 354, 355, 386, 387, 388, 389, 390, 420, 421, 422, 423, 424], "summary": {"covered_lines": 75, "num_statements": 75, "percent_covered": 100.0, "percent_covered_display": "100", "missing_lines": 0, "excluded_lines": 0, "percent_statements_covered": 100.0, "percent_statements_covered_display": "100"}, "missing_lines": [], "excluded_lines": [], "start_line": 1}}}, "src\\controllers\\operational.py": {"executed_lines": [6, 7, 8, 9, 10, 16, 19, 22, 23, 25, 34, 35, 37, 38, 41, 47, 49, 69, 70, 72, 73, 76, 82, 84, 104, 105, 107, 108, 110], "summary": {"covered_lines": 29, "num_statements": 39, "percent_covered": 74.35897435897436, "percent_covered_display": "74", "missing_lines": 10, "excluded_lines": 0, "percent_statements_covered": 74.35897435897436, "percent_statements_covered_display": "74"}, "missing_lines": [58, 59, 60, 77, 93, 94, 95, 115, 116, 117], "excluded_lines": [], "functions": {"health": {"executed_lines": [25], "summary": {"covered_lines": 1, "num_statements": 1, "percent_covered": 100.0, "percent_covered_display": "100", "missing_lines": 0, "excluded_lines": 0, "percent_statements_covered": 100.0, "percent_statements_covered_display": "100"}, "missing_lines": [], "excluded_lines": [], "start_line": 23}, "readiness": {"executed_lines": [37, 38, 41, 47, 49], "summary": {"covered_lines": 5, "num_statements": 8, "percent_covered": 62.5, "percent_covered_display": "62", "missing_lines": 3, "excluded_lines": 0, "percent_statements_covered": 62.5, "percent_statements_covered_display": "62"}, "missing_lines": [58, 59, 60], "excluded_lines": [], "start_line": 35}, "liveness": {"executed_lines": [72, 73, 76, 82, 84], "summary": {"covered_lines": 5, "num_statements": 9, "percent_covered": 55.55555555555556, "percent_covered_display": "56", "missing_lines": 4, "excluded_lines": 0, "percent_statements_covered": 55.55555555555556, "percent_statements_covered_display": "56"}, "missing_lines": [77, 93, 94, 95], "excluded_lines": [], "start_line": 70}, "metrics": {"executed_lines": [107, 108, 110], "summary": {"covered_lines": 3, "num_statements": 6, "percent_covered": 50.0, "percent_covered_display": "50", "missing_lines": 3, "excluded_lines": 0, "percent_statements_covered": 50.0, "percent_statements_covered_display": "50"}, "missing_lines": [115, 116, 117], "excluded_lines": [], "start_line": 105}, "": {"executed_lines": [6, 7, 8, 9, 10, 16, 19, 22, 23, 34, 35, 69, 70, 104, 105], "summary": {"covered_lines": 15, "num_statements": 15, "percent_covered": 100.0, "percent_covered_display": "100", "missing_lines": 0, "excluded_lines": 0, "percent_statements_covered": 100.0, "percent_statements_covered_display": "100"}, "missing_lines": [], "excluded_lines": [], "start_line": 1}}, "classes": {"": {"executed_lines": [6, 7, 8, 9, 10, 16, 19, 22, 23, 25, 34, 35, 37, 38, 41, 47, 49, 69, 70, 72, 73, 76, 82, 84, 104, 105, 107, 108, 110], "summary": {"covered_lines": 29, "num_statements": 39, "percent_covered": 74.35897435897436, "percent_covered_display": "74", "missing_lines": 10, "excluded_lines": 0, "percent_statements_covered": 74.35897435897436, "percent_statements_covered_display": "74"}, "missing_lines": [58, 59, 60, 77, 93, 94, 95, 115, 116, 117], "excluded_lines": [], "start_line": 1}}}, "src\\controllers\\reservations.py": {"executed_lines": [12, 13, 14, 15, 16, 17, 21, 25, 27, 30, 31, 35, 38, 39, 40, 43, 45, 58, 62, 65, 66, 67, 68, 69, 70, 105, 106, 107, 108, 109, 134, 135, 136, 137, 138, 139, 155, 156, 157, 172, 173, 174, 175, 176, 200, 201, 202, 203, 204, 224, 225, 226, 227, 228], "summary": {"covered_lines": 54, "num_statements": 138, "percent_covered": 39.130434782608695, "percent_covered_display": "39", "missing_lines": 84, "excluded_lines": 0, "percent_statements_covered": 39.130434782608695, "percent_statements_covered_display": "39"}, "missing_lines": [72, 74, 75, 76, 77, 78, 80, 81, 89, 91, 101, 102, 103, 111, 113, 115, 116, 118, 120, 121, 123, 124, 126, 127, 128, 129, 130, 131, 132, 141, 142, 143, 145, 146, 148, 149, 151, 152, 153, 159, 160, 161, 163, 164, 166, 168, 169, 170, 178, 180, 181, 183, 184, 186, 187, 189, 190, 192, 194, 195, 196, 197, 198, 206, 207, 208, 210, 211, 213, 218, 219, 220, 221, 222, 230, 232, 234, 235, 240, 242, 243, 244, 245, 246], "excluded_lines": [], "functions": {"get_reservation_models": {"executed_lines": [45, 58], "summary": {"covered_lines": 2, "num_statements": 2, "percent_covered": 100.0, "percent_covered_display": "100", "missing_lines": 0, "excluded_lines": 0, "percent_statements_covered": 100.0, "percent_statements_covered_display": "100"}, "missing_lines": [], "excluded_lines": [], "start_line": 43}, "ReservationList.get": {"executed_lines": [], "summary": {"covered_lines": 0, "num_statements": 13, "percent_covered": 0.0, "percent_covered_display": "0", "missing_lines": 13, "excluded_lines": 0, "percent_statements_covered": 0.0, "percent_statements_covered_display": "0"}, "missing_lines": [72, 74, 75, 76, 77, 78, 80, 81, 89, 91, 101, 102, 103], "excluded_lines": [], "start_line": 70}, "ReservationList.post": {"executed_lines": [], "summary": {"covered_lines": 0, "num_statements": 16, "percent_covered": 0.0, "percent_covered_display": "0", "missing_lines": 16, "excluded_lines": 0, "percent_statements_covered": 0.0, "percent_statements_covered_display": "0"}, "missing_lines": [111, 113, 115, 116, 118, 120, 121, 123, 124, 126, 127, 128, 129, 130, 131, 132], "excluded_lines": [], "start_line": 109}, "Reservation.get": {"executed_lines": [], "summary": {"covered_lines": 0, "num_statements": 10, "percent_covered": 0.0, "percent_covered_display": "0", "missing_lines": 10, "excluded_lines": 0, "percent_statements_covered": 0.0, "percent_statements_covered_display": "0"}, "missing_lines": [141, 142, 143, 145, 146, 148, 149, 151, 152, 153], "excluded_lines": [], "start_line": 139}, "Reservation.delete": {"executed_lines": [], "summary": {"covered_lines": 0, "num_statements": 9, "percent_covered": 0.0, "percent_covered_display": "0", "missing_lines": 9, "excluded_lines": 0, "percent_statements_covered": 0.0, "percent_statements_covered_display": "0"}, "missing_lines": [159, 160, 161, 163, 164, 166, 168, 169, 170], "excluded_lines": [], "start_line": 157}, "ReservationConfirmSingle.post": {"executed_lines": [], "summary": {"covered_lines": 0, "num_statements": 15, "percent_covered": 0.0, "percent_covered_display": "0", "missing_lines": 15, "excluded_lines": 0, "percent_statements_covered": 0.0, "percent_statements_covered_display": "0"}, "missing_lines": [178, 180, 181, 183, 184, 186, 187, 189, 190, 192, 194, 195, 196, 197, 198], "excluded_lines": [], "start_line": 176}, "ReservationRelease.post": {"executed_lines": [], "summary": {"covered_lines": 0, "num_statements": 11, "percent_covered": 0.0, "percent_covered_display": "0", "missing_lines": 11, "excluded_lines": 0, "percent_statements_covered": 0.0, "percent_statements_covered_display": "0"}, "missing_lines": [206, 207, 208, 210, 211, 213, 218, 219, 220, 221, 222], "excluded_lines": [], "start_line": 204}, "ReservationConfirm.post": {"executed_lines": [], "summary": {"covered_lines": 0, "num_statements": 10, "percent_covered": 0.0, "percent_covered_display": "0", "missing_lines": 10, "excluded_lines": 0, "percent_statements_covered": 0.0, "percent_statements_covered_display": "0"}, "missing_lines": [230, 232, 234, 235, 240, 242, 243, 244, 245, 246], "excluded_lines": [], "start_line": 228}, "": {"executed_lines": [12, 13, 14, 15, 16, 17, 21, 25, 27, 30, 31, 35, 38, 39, 40, 43, 62, 65, 66, 67, 68, 69, 70, 105, 106, 107, 108, 109, 134, 135, 136, 137, 138, 139, 155, 156, 157, 172, 173, 174, 175, 176, 200, 201, 202, 203, 204, 224, 225, 226, 227, 228], "summary": {"covered_lines": 52, "num_statements": 52, "percent_covered": 100.0, "percent_covered_display": "100", "missing_lines": 0, "excluded_lines": 0, "percent_statements_covered": 100.0, "percent_statements_covered_display": "100"}, "missing_lines": [], "excluded_lines": [], "start_line": 1}}, "classes": {"ReservationList": {"executed_lines": [], "summary": {"covered_lines": 0, "num_statements": 29, "percent_covered": 0.0, "percent_covered_display": "0", "missing_lines": 29, "excluded_lines": 0, "percent_statements_covered": 0.0, "percent_statements_covered_display": "0"}, "missing_lines": [72, 74, 75, 76, 77, 78, 80, 81, 89, 91, 101, 102, 103, 111, 113, 115, 116, 118, 120, 121, 123, 124, 126, 127, 128, 129, 130, 131, 132], "excluded_lines": [], "start_line": 66}, "Reservation": {"executed_lines": [], "summary": {"covered_lines": 0, "num_statements": 19, "percent_covered": 0.0, "percent_covered_display": "0", "missing_lines": 19, "excluded_lines": 0, "percent_statements_covered": 0.0, "percent_statements_covered_display": "0"}, "missing_lines": [141, 142, 143, 145, 146, 148, 149, 151, 152, 153, 159, 160, 161, 163, 164, 166, 168, 169, 170], "excluded_lines": [], "start_line": 135}, "ReservationConfirmSingle": {"executed_lines": [], "summary": {"covered_lines": 0, "num_statements": 15, "percent_covered": 0.0, "percent_covered_display": "0", "missing_lines": 15, "excluded_lines": 0, "percent_statements_covered": 0.0, "percent_statements_covered_display": "0"}, "missing_lines": [178, 180, 181, 183, 184, 186, 187, 189, 190, 192, 194, 195, 196, 197, 198], "excluded_lines": [], "start_line": 173}, "ReservationRelease": {"executed_lines": [], "summary": {"covered_lines": 0, "num_statements": 11, "percent_covered": 0.0, "percent_covered_display": "0", "missing_lines": 11, "excluded_lines": 0, "percent_statements_covered": 0.0, "percent_statements_covered_display": "0"}, "missing_lines": [206, 207, 208, 210, 211, 213, 218, 219, 220, 221, 222], "excluded_lines": [], "start_line": 201}, "ReservationConfirm": {"executed_lines": [], "summary": {"covered_lines": 0, "num_statements": 10, "percent_covered": 0.0, "percent_covered_display": "0", "missing_lines": 10, "excluded_lines": 0, "percent_statements_covered": 0.0, "percent_statements_covered_display": "0"}, "missing_lines": [230, 232, 234, 235, 240, 242, 243, 244, 245, 246], "excluded_lines": [], "start_line": 225}, "": {"executed_lines": [12, 13, 14, 15, 16, 17, 21, 25, 27, 30, 31, 35, 38, 39, 40, 43, 45, 58, 62, 65, 66, 67, 68, 69, 70, 105, 106, 107, 108, 109, 134, 135, 136, 137, 138, 139, 155, 156, 157, 172, 173, 174, 175, 176, 200, 201, 202, 203, 204, 224, 225, 226, 227, 228], "summary": {"covered_lines": 54, "num_statements": 54, "percent_covered": 100.0, "percent_covered_display": "100", "missing_lines": 0, "excluded_lines": 0, "percent_statements_covered": 100.0, "percent_statements_covered_display": "100"}, "missing_lines": [], "excluded_lines": [], "start_line": 1}}}, "src\\controllers\\stats.py": {"executed_lines": [5, 6, 7, 9, 12, 15, 18, 19, 32, 33, 43, 44], "summary": {"covered_lines": 12, "num_statements": 15, "percent_covered": 80.0, "percent_covered_display": "80", "missing_lines": 3, "excluded_lines": 0, "percent_statements_covered": 80.0, "percent_statements_covered_display": "80"}, "missing_lines": [46, 47, 48], "excluded_lines": [], "functions": {"get_inventory_stats": {"executed_lines": [32, 33, 43, 44], "summary": {"covered_lines": 4, "num_statements": 7, "percent_covered": 57.142857142857146, "percent_covered_display": "57", "missing_lines": 3, "excluded_lines": 0, "percent_statements_covered": 57.142857142857146, "percent_statements_covered_display": "57"}, "missing_lines": [46, 47, 48], "excluded_lines": [], "start_line": 19}, "": {"executed_lines": [5, 6, 7, 9, 12, 15, 18, 19], "summary": {"covered_lines": 8, "num_statements": 8, "percent_covered": 100.0, "percent_covered_display": "100", "missing_lines": 0, "excluded_lines": 0, "percent_statements_covered": 100.0, "percent_statements_covered_display": "100"}, "missing_lines": [], "excluded_lines": [], "start_line": 1}}, "classes": {"": {"executed_lines": [5, 6, 7, 9, 12, 15, 18, 19, 32, 33, 43, 44], "summary": {"covered_lines": 12, "num_statements": 15, "percent_covered": 80.0, "percent_covered_display": "80", "missing_lines": 3, "excluded_lines": 0, "percent_statements_covered": 80.0, "percent_statements_covered_display": "80"}, "missing_lines": [46, 47, 48], "excluded_lines": [], "start_line": 1}}}, "src\\database.py": {"executed_lines": [5, 6, 9, 10, 13, 15, 16, 17], "summary": {"covered_lines": 8, "num_statements": 8, "percent_covered": 100.0, "percent_covered_display": "100", "missing_lines": 0, "excluded_lines": 0, "percent_statements_covered": 100.0, "percent_statements_covered_display": "100"}, "missing_lines": [], "excluded_lines": [], "functions": {"init_db": {"executed_lines": [15, 16, 17], "summary": {"covered_lines": 3, "num_statements": 3, "percent_covered": 100.0, "percent_covered_display": "100", "missing_lines": 0, "excluded_lines": 0, "percent_statements_covered": 100.0, "percent_statements_covered_display": "100"}, "missing_lines": [], "excluded_lines": [], "start_line": 13}, "": {"executed_lines": [5, 6, 9, 10, 13], "summary": {"covered_lines": 5, "num_statements": 5, "percent_covered": 100.0, "percent_covered_display": "100", "missing_lines": 0, "excluded_lines": 0, "percent_statements_covered": 100.0, "percent_statements_covered_display": "100"}, "missing_lines": [], "excluded_lines": [], "start_line": 1}}, "classes": {"": {"executed_lines": [5, 6, 9, 10, 13, 15, 16, 17], "summary": {"covered_lines": 8, "num_statements": 8, "percent_covered": 100.0, "percent_covered_display": "100", "missing_lines": 0, "excluded_lines": 0, "percent_statements_covered": 100.0, "percent_statements_covered_display": "100"}, "missing_lines": [], "excluded_lines": [], "start_line": 1}}}, "src\\messaging\\__init__.py": {"executed_lines": [5, 6, 8], "summary": {"covered_lines": 3, "num_statements": 3, "percent_covered": 100.0, "percent_covered_display": "100", "missing_lines": 0, "excluded_lines": 0, "percent_statements_covered": 100.0, "percent_statements_covered_display": "100"}, "missing_lines": [], "excluded_lines": [], "functions": {"": {"executed_lines": [5, 6, 8], "summary": {"covered_lines": 3, "num_statements": 3, "percent_covered": 100.0, "percent_covered_display": "100", "missing_lines": 0, "excluded_lines": 0, "percent_statements_covered": 100.0, "percent_statements_covered_display": "100"}, "missing_lines": [], "excluded_lines": [], "start_line": 1}}, "classes": {"": {"executed_lines": [5, 6, 8], "summary": {"covered_lines": 3, "num_statements": 3, "percent_covered": 100.0, "percent_covered_display": "100", "missing_lines": 0, "excluded_lines": 0, "percent_statements_covered": 100.0, "percent_statements_covered_display": "100"}, "missing_lines": [], "excluded_lines": [], "start_line": 1}}}, "src\\messaging\\dapr_provider.py": {"executed_lines": [10, 11, 12, 13, 15, 17, 20, 26, 35, 36, 37, 39, 55, 57, 58, 62, 64, 71, 79, 81, 83, 91, 93, 98], "summary": {"covered_lines": 24, "num_statements": 25, "percent_covered": 96.0, "percent_covered_display": "96", "missing_lines": 1, "excluded_lines": 0, "percent_statements_covered": 96.0, "percent_statements_covered_display": "96"}, "missing_lines": [59], "excluded_lines": [], "functions": {"DaprProvider.__init__": {"executed_lines": [35, 36, 37], "summary": {"covered_lines": 3, "num_statements": 3, "percent_covered": 100.0, "percent_covered_display": "100", "missing_lines": 0, "excluded_lines": 0, "percent_statements_covered": 100.0, "percent_statements_covered_display": "100"}, "missing_lines": [], "excluded_lines": [], "start_line": 26}, "DaprProvider.publish_event": {"executed_lines": [55, 57, 58, 62, 64, 71, 79, 81, 83, 91], "summary": {"covered_lines": 10, "num_statements": 11, "percent_covered": 90.9090909090909, "percent_covered_display": "91", "missing_lines": 1, "excluded_lines": 0, "percent_statements_covered": 90.9090909090909, "percent_statements_covered_display": "91"}, "missing_lines": [59], "excluded_lines": [], "start_line": 39}, "DaprProvider.close": {"executed_lines": [98], "summary": {"covered_lines": 1, "num_statements": 1, "percent_covered": 100.0, "percent_covered_display": "100", "missing_lines": 0, "excluded_lines": 0, "percent_statements_covered": 100.0, "percent_statements_covered_display": "100"}, "missing_lines": [], "excluded_lines": [], "start_line": 93}, "": {"executed_lines": [10, 11, 12, 13, 15, 17, 20, 26, 39, 93], "summary": {"covered_lines": 10, "num_statements": 10, "percent_covered": 100.0, "percent_covered_display": "100", "missing_lines": 0, "excluded_lines": 0, "percent_statements_covered": 100.0, "percent_statements_covered_display": "100"}, "missing_lines": [], "excluded_lines": [], "start_line": 1}}, "classes": {"DaprProvider": {"executed_lines": [35, 36, 37, 55, 57, 58, 62, 64, 71, 79, 81, 83, 91, 98], "summary": {"covered_lines": 14, "num_statements": 15, "percent_covered": 93.33333333333333, "percent_covered_display": "93", "missing_lines": 1, "excluded_lines": 0, "percent_statements_covered": 93.33333333333333, "percent_statements_covered_display": "93"}, "missing_lines": [59], "excluded_lines": [], "start_line": 20}, "": {"executed_lines": [10, 11, 12, 13, 15, 17, 20, 26, 39, 93], "summary": {"covered_lines": 10, "num_statements": 10, "percent_covered": 100.0, "percent_covered_display": "100", "missing_lines": 0, "excluded_lines": 0, "percent_statements_covered": 100.0, "percent_statements_covered_display": "100"}, "missing_lines": [], "excluded_lines": [], "start_line": 1}}}, "src\\messaging\\factory.py": {"executed_lines": [8, 9, 10, 12, 13, 14, 15, 17, 20, 40, 42, 45, 46, 47, 48, 49, 50, 52, 58, 64, 65, 68, 69, 71, 72, 75, 81, 82, 85, 86, 89, 94, 95, 101, 107, 108, 111, 112, 116, 117], "summary": {"covered_lines": 40, "num_statements": 41, "percent_covered": 97.5609756097561, "percent_covered_display": "98", "missing_lines": 1, "excluded_lines": 0, "percent_statements_covered": 97.5609756097561, "percent_statements_covered_display": "98"}, "missing_lines": [90], "excluded_lines": [], "functions": {"create_messaging_provider": {"executed_lines": [40, 42, 45, 46, 47, 48, 49, 50, 52], "summary": {"covered_lines": 9, "num_statements": 9, "percent_covered": 100.0, "percent_covered_display": "100", "missing_lines": 0, "excluded_lines": 0, "percent_statements_covered": 100.0, "percent_statements_covered_display": "100"}, "missing_lines": [], "excluded_lines": [], "start_line": 20}, "_create_dapr_provider": {"executed_lines": [64, 65, 68, 69, 71, 72], "summary": {"covered_lines": 6, "num_statements": 6, "percent_covered": 100.0, "percent_covered_display": "100", "missing_lines": 0, "excluded_lines": 0, "percent_statements_covered": 100.0, "percent_statements_covered_display": "100"}, "missing_lines": [], "excluded_lines": [], "start_line": 58}, "_create_servicebus_provider": {"executed_lines": [81, 82, 85, 86, 89, 94, 95], "summary": {"covered_lines": 7, "num_statements": 8, "percent_covered": 87.5, "percent_covered_display": "88", "missing_lines": 1, "excluded_lines": 0, "percent_statements_covered": 87.5, "percent_statements_covered_display": "88"}, "missing_lines": [90], "excluded_lines": [], "start_line": 75}, "_create_rabbitmq_provider": {"executed_lines": [107, 108, 111, 112, 116, 117], "summary": {"covered_lines": 6, "num_statements": 6, "percent_covered": 100.0, "percent_covered_display": "100", "missing_lines": 0, "excluded_lines": 0, "percent_statements_covered": 100.0, "percent_statements_covered_display": "100"}, "missing_lines": [], "excluded_lines": [], "start_line": 101}, "": {"executed_lines": [8, 9, 10, 12, 13, 14, 15, 17, 20, 58, 75, 101], "summary": {"covered_lines": 12, "num_statements": 12, "percent_covered": 100.0, "percent_covered_display": "100", "missing_lines": 0, "excluded_lines": 0, "percent_statements_covered": 100.0, "percent_statements_covered_display": "100"}, "missing_lines": [], "excluded_lines": [], "start_line": 1}}, "classes": {"": {"executed_lines": [8, 9, 10, 12, 13, 14, 15, 17, 20, 40, 42, 45, 46, 47, 48, 49, 50, 52, 58, 64, 65, 68, 69, 71, 72, 75, 81, 82, 85, 86, 89, 94, 95, 101, 107, 108, 111, 112, 116, 117], "summary": {"covered_lines": 40, "num_statements": 41, "percent_covered": 97.5609756097561, "percent_covered_display": "98", "missing_lines": 1, "excluded_lines": 0, "percent_statements_covered": 97.5609756097561, "percent_statements_covered_display": "98"}, "missing_lines": [90], "excluded_lines": [], "start_line": 1}}}, "src\\messaging\\provider.py": {"executed_lines": [5, 6, 9, 15, 16, 31, 32], "summary": {"covered_lines": 7, "num_statements": 9, "percent_covered": 77.77777777777777, "percent_covered_display": "78", "missing_lines": 2, "excluded_lines": 0, "percent_statements_covered": 77.77777777777777, "percent_statements_covered_display": "78"}, "missing_lines": [29, 34], "excluded_lines": [], "functions": {"MessagingProvider.publish_event": {"executed_lines": [], "summary": {"covered_lines": 0, "num_statements": 1, "percent_covered": 0.0, "percent_covered_display": "0", "missing_lines": 1, "excluded_lines": 0, "percent_statements_covered": 0.0, "percent_statements_covered_display": "0"}, "missing_lines": [29], "excluded_lines": [], "start_line": 16}, "MessagingProvider.close": {"executed_lines": [], "summary": {"covered_lines": 0, "num_statements": 1, "percent_covered": 0.0, "percent_covered_display": "0", "missing_lines": 1, "excluded_lines": 0, "percent_statements_covered": 0.0, "percent_statements_covered_display": "0"}, "missing_lines": [34], "excluded_lines": [], "start_line": 32}, "": {"executed_lines": [5, 6, 9, 15, 16, 31, 32], "summary": {"covered_lines": 7, "num_statements": 7, "percent_covered": 100.0, "percent_covered_display": "100", "missing_lines": 0, "excluded_lines": 0, "percent_statements_covered": 100.0, "percent_statements_covered_display": "100"}, "missing_lines": [], "excluded_lines": [], "start_line": 1}}, "classes": {"MessagingProvider": {"executed_lines": [], "summary": {"covered_lines": 0, "num_statements": 2, "percent_covered": 0.0, "percent_covered_display": "0", "missing_lines": 2, "excluded_lines": 0, "percent_statements_covered": 0.0, "percent_statements_covered_display": "0"}, "missing_lines": [29, 34], "excluded_lines": [], "start_line": 9}, "": {"executed_lines": [5, 6, 9, 15, 16, 31, 32], "summary": {"covered_lines": 7, "num_statements": 7, "percent_covered": 100.0, "percent_covered_display": "100", "missing_lines": 0, "excluded_lines": 0, "percent_statements_covered": 100.0, "percent_statements_covered_display": "100"}, "missing_lines": [], "excluded_lines": [], "start_line": 1}}}, "src\\messaging\\rabbitmq_provider.py": {"executed_lines": [9, 10, 11, 13, 15, 18, 26, 34, 35, 36, 37, 39, 42, 44, 46, 48, 51, 52, 53, 56, 62, 64, 69, 70, 72, 85, 86, 87, 88, 91, 94, 105, 113, 126, 128, 129, 130, 131, 132, 133], "summary": {"covered_lines": 40, "num_statements": 46, "percent_covered": 86.95652173913044, "percent_covered_display": "87", "missing_lines": 6, "excluded_lines": 0, "percent_statements_covered": 86.95652173913044, "percent_statements_covered_display": "87"}, "missing_lines": [65, 115, 116, 124, 134, 135], "excluded_lines": [], "functions": {"RabbitMQProvider.__init__": {"executed_lines": [34, 35, 36, 37, 39, 42], "summary": {"covered_lines": 6, "num_statements": 6, "percent_covered": 100.0, "percent_covered_display": "100", "missing_lines": 0, "excluded_lines": 0, "percent_statements_covered": 100.0, "percent_statements_covered_display": "100"}, "missing_lines": [], "excluded_lines": [], "start_line": 26}, "RabbitMQProvider._initialize_connection": {"executed_lines": [46, 48, 51, 52, 53, 56, 62, 64, 69, 70], "summary": {"covered_lines": 10, "num_statements": 11, "percent_covered": 90.9090909090909, "percent_covered_display": "91", "missing_lines": 1, "excluded_lines": 0, "percent_statements_covered": 90.9090909090909, "percent_statements_covered_display": "91"}, "missing_lines": [65], "excluded_lines": [], "start_line": 44}, "RabbitMQProvider.publish_event": {"executed_lines": [85, 86, 87, 88, 91, 94, 105, 113], "summary": {"covered_lines": 8, "num_statements": 11, "percent_covered": 72.72727272727273, "percent_covered_display": "73", "missing_lines": 3, "excluded_lines": 0, "percent_statements_covered": 72.72727272727273, "percent_statements_covered_display": "73"}, "missing_lines": [115, 116, 124], "excluded_lines": [], "start_line": 72}, "RabbitMQProvider.close": {"executed_lines": [128, 129, 130, 131, 132, 133], "summary": {"covered_lines": 6, "num_statements": 8, "percent_covered": 75.0, "percent_covered_display": "75", "missing_lines": 2, "excluded_lines": 0, "percent_statements_covered": 75.0, "percent_statements_covered_display": "75"}, "missing_lines": [134, 135], "excluded_lines": [], "start_line": 126}, "": {"executed_lines": [9, 10, 11, 13, 15, 18, 26, 44, 72, 126], "summary": {"covered_lines": 10, "num_statements": 10, "percent_covered": 100.0, "percent_covered_display": "100", "missing_lines": 0, "excluded_lines": 0, "percent_statements_covered": 100.0, "percent_statements_covered_display": "100"}, "missing_lines": [], "excluded_lines": [], "start_line": 1}}, "classes": {"RabbitMQProvider": {"executed_lines": [34, 35, 36, 37, 39, 42, 46, 48, 51, 52, 53, 56, 62, 64, 69, 70, 85, 86, 87, 88, 91, 94, 105, 113, 128, 129, 130, 131, 132, 133], "summary": {"covered_lines": 30, "num_statements": 36, "percent_covered": 83.33333333333333, "percent_covered_display": "83", "missing_lines": 6, "excluded_lines": 0, "percent_statements_covered": 83.33333333333333, "percent_statements_covered_display": "83"}, "missing_lines": [65, 115, 116, 124, 134, 135], "excluded_lines": [], "start_line": 18}, "": {"executed_lines": [9, 10, 11, 13, 15, 18, 26, 44, 72, 126], "summary": {"covered_lines": 10, "num_statements": 10, "percent_covered": 100.0, "percent_covered_display": "100", "missing_lines": 0, "excluded_lines": 0, "percent_statements_covered": 100.0, "percent_statements_covered_display": "100"}, "missing_lines": [], "excluded_lines": [], "start_line": 1}}}, "src\\messaging\\servicebus_provider.py": {"executed_lines": [8, 9, 10, 12, 14, 17, 25, 33, 34, 35, 37, 40, 42, 44, 46, 47, 50, 51, 56, 57, 59, 72, 73, 74, 75, 78, 81, 89, 90, 92, 100, 113, 115, 116, 117, 118], "summary": {"covered_lines": 36, "num_statements": 42, "percent_covered": 85.71428571428571, "percent_covered_display": "86", "missing_lines": 6, "excluded_lines": 0, "percent_statements_covered": 85.71428571428571, "percent_statements_covered_display": "86"}, "missing_lines": [52, 102, 103, 111, 119, 120], "excluded_lines": [], "functions": {"ServiceBusProvider.__init__": {"executed_lines": [33, 34, 35, 37, 40], "summary": {"covered_lines": 5, "num_statements": 5, "percent_covered": 100.0, "percent_covered_display": "100", "missing_lines": 0, "excluded_lines": 0, "percent_statements_covered": 100.0, "percent_statements_covered_display": "100"}, "missing_lines": [], "excluded_lines": [], "start_line": 25}, "ServiceBusProvider._initialize_client": {"executed_lines": [44, 46, 47, 50, 51, 56, 57], "summary": {"covered_lines": 7, "num_statements": 8, "percent_covered": 87.5, "percent_covered_display": "88", "missing_lines": 1, "excluded_lines": 0, "percent_statements_covered": 87.5, "percent_statements_covered_display": "88"}, "missing_lines": [52], "excluded_lines": [], "start_line": 42}, "ServiceBusProvider.publish_event": {"executed_lines": [72, 73, 74, 75, 78, 81, 89, 90, 92, 100], "summary": {"covered_lines": 10, "num_statements": 13, "percent_covered": 76.92307692307692, "percent_covered_display": "77", "missing_lines": 3, "excluded_lines": 0, "percent_statements_covered": 76.92307692307692, "percent_statements_covered_display": "77"}, "missing_lines": [102, 103, 111], "excluded_lines": [], "start_line": 59}, "ServiceBusProvider.close": {"executed_lines": [115, 116, 117, 118], "summary": {"covered_lines": 4, "num_statements": 6, "percent_covered": 66.66666666666667, "percent_covered_display": "67", "missing_lines": 2, "excluded_lines": 0, "percent_statements_covered": 66.66666666666667, "percent_statements_covered_display": "67"}, "missing_lines": [119, 120], "excluded_lines": [], "start_line": 113}, "": {"executed_lines": [8, 9, 10, 12, 14, 17, 25, 42, 59, 113], "summary": {"covered_lines": 10, "num_statements": 10, "percent_covered": 100.0, "percent_covered_display": "100", "missing_lines": 0, "excluded_lines": 0, "percent_statements_covered": 100.0, "percent_statements_covered_display": "100"}, "missing_lines": [], "excluded_lines": [], "start_line": 1}}, "classes": {"ServiceBusProvider": {"executed_lines": [33, 34, 35, 37, 40, 44, 46, 47, 50, 51, 56, 57, 72, 73, 74, 75, 78, 81, 89, 90, 92, 100, 115, 116, 117, 118], "summary": {"covered_lines": 26, "num_statements": 32, "percent_covered": 81.25, "percent_covered_display": "81", "missing_lines": 6, "excluded_lines": 0, "percent_statements_covered": 81.25, "percent_statements_covered_display": "81"}, "missing_lines": [52, 102, 103, 111, 119, 120], "excluded_lines": [], "start_line": 17}, "": {"executed_lines": [8, 9, 10, 12, 14, 17, 25, 42, 59, 113], "summary": {"covered_lines": 10, "num_statements": 10, "percent_covered": 100.0, "percent_covered_display": "100", "missing_lines": 0, "excluded_lines": 0, "percent_statements_covered": 100.0, "percent_statements_covered_display": "100"}, "missing_lines": [], "excluded_lines": [], "start_line": 1}}}, "src\\middlewares\\__init__.py": {"executed_lines": [], "summary": {"covered_lines": 0, "num_statements": 0, "percent_covered": 100.0, "percent_covered_display": "100", "missing_lines": 0, "excluded_lines": 0, "percent_statements_covered": 100.0, "percent_statements_covered_display": "100"}, "missing_lines": [], "excluded_lines": [], "functions": {"": {"executed_lines": [], "summary": {"covered_lines": 0, "num_statements": 0, "percent_covered": 100.0, "percent_covered_display": "100", "missing_lines": 0, "excluded_lines": 0, "percent_statements_covered": 100.0, "percent_statements_covered_display": "100"}, "missing_lines": [], "excluded_lines": [], "start_line": 1}}, "classes": {"": {"executed_lines": [], "summary": {"covered_lines": 0, "num_statements": 0, "percent_covered": 100.0, "percent_covered_display": "100", "missing_lines": 0, "excluded_lines": 0, "percent_statements_covered": 100.0, "percent_statements_covered_display": "100"}, "missing_lines": [], "excluded_lines": [], "start_line": 1}}}, "src\\middlewares\\auth.py": {"executed_lines": [7, 8, 9, 10, 11, 12, 14, 17, 20, 23, 42, 55, 57, 58, 59, 60, 63, 65, 67, 68, 70, 71, 80, 99, 104, 105, 106, 107, 109, 110, 111, 144, 145, 146, 159, 162, 167, 168, 169, 170, 195, 196, 199, 204, 207, 248, 256, 269, 270, 271, 273, 275, 276, 277, 315], "summary": {"covered_lines": 55, "num_statements": 141, "percent_covered": 39.00709219858156, "percent_covered_display": "39", "missing_lines": 86, "excluded_lines": 0, "percent_statements_covered": 39.00709219858156, "percent_statements_covered_display": "39"}, "missing_lines": [29, 30, 37, 38, 39, 45, 46, 47, 48, 49, 50, 51, 52, 73, 74, 75, 77, 82, 83, 84, 91, 92, 93, 94, 95, 96, 118, 121, 122, 123, 125, 126, 127, 134, 140, 142, 151, 152, 153, 171, 172, 175, 177, 178, 182, 188, 193, 212, 213, 214, 215, 217, 218, 219, 220, 221, 222, 224, 225, 230, 231, 233, 234, 236, 237, 239, 240, 241, 243, 245, 253, 284, 287, 288, 289, 290, 291, 293, 294, 295, 302, 303, 305, 307, 308, 309], "excluded_lines": [], "functions": {"_get_service_tokens": {"executed_lines": [], "summary": {"covered_lines": 0, "num_statements": 5, "percent_covered": 0.0, "percent_covered_display": "0", "missing_lines": 5, "excluded_lines": 0, "percent_statements_covered": 0.0, "percent_statements_covered_display": "0"}, "missing_lines": [29, 30, 37, 38, 39], "excluded_lines": [], "start_line": 23}, "_get_jwt_config": {"executed_lines": [], "summary": {"covered_lines": 0, "num_statements": 8, "percent_covered": 0.0, "percent_covered_display": "0", "missing_lines": 8, "excluded_lines": 0, "percent_statements_covered": 0.0, "percent_statements_covered_display": "0"}, "missing_lines": [45, 46, 47, 48, 49, 50, 51, 52], "excluded_lines": [], "start_line": 42}, "AuthError.__init__": {"executed_lines": [58, 59, 60], "summary": {"covered_lines": 3, "num_statements": 3, "percent_covered": 100.0, "percent_covered_display": "100", "missing_lines": 0, "excluded_lines": 0, "percent_statements_covered": 100.0, "percent_statements_covered_display": "100"}, "missing_lines": [], "excluded_lines": [], "start_line": 57}, "get_token_from_request": {"executed_lines": [65, 67, 68, 70, 71], "summary": {"covered_lines": 5, "num_statements": 9, "percent_covered": 55.55555555555556, "percent_covered_display": "56", "missing_lines": 4, "excluded_lines": 0, "percent_statements_covered": 55.55555555555556, "percent_statements_covered_display": "56"}, "missing_lines": [73, 74, 75, 77], "excluded_lines": [], "start_line": 63}, "decode_jwt": {"executed_lines": [], "summary": {"covered_lines": 0, "num_statements": 9, "percent_covered": 0.0, "percent_covered_display": "0", "missing_lines": 9, "excluded_lines": 0, "percent_statements_covered": 0.0, "percent_statements_covered_display": "0"}, "missing_lines": [82, 83, 84, 91, 92, 93, 94, 95, 96], "excluded_lines": [], "start_line": 80}, "require_auth": {"executed_lines": [104, 105, 159], "summary": {"covered_lines": 3, "num_statements": 3, "percent_covered": 100.0, "percent_covered_display": "100", "missing_lines": 0, "excluded_lines": 0, "percent_statements_covered": 100.0, "percent_statements_covered_display": "100"}, "missing_lines": [], "excluded_lines": [], "start_line": 99}, "require_auth.decorated_function": {"executed_lines": [106, 107, 109, 110, 111, 144, 145, 146], "summary": {"covered_lines": 8, "num_statements": 21, "percent_covered": 38.095238095238095, "percent_covered_display": "38", "missing_lines": 13, "excluded_lines": 0, "percent_statements_covered": 38.095238095238095, "percent_statements_covered_display": "38"}, "missing_lines": [118, 121, 122, 123, 125, 126, 127, 134, 140, 142, 151, 152, 153], "excluded_lines": [], "start_line": 105}, "require_roles": {"executed_lines": [167, 168, 169, 196], "summary": {"covered_lines": 4, "num_statements": 4, "percent_covered": 100.0, "percent_covered_display": "100", "missing_lines": 0, "excluded_lines": 0, "percent_statements_covered": 100.0, "percent_statements_covered_display": "100"}, "missing_lines": [], "excluded_lines": [], "start_line": 162}, "require_roles.decorator": {"executed_lines": [170, 195], "summary": {"covered_lines": 2, "num_statements": 2, "percent_covered": 100.0, "percent_covered_display": "100", "missing_lines": 0, "excluded_lines": 0, "percent_statements_covered": 100.0, "percent_statements_covered_display": "100"}, "missing_lines": [], "excluded_lines": [], "start_line": 167}, "require_roles.decorator.decorated_function": {"executed_lines": [], "summary": {"covered_lines": 0, "num_statements": 8, "percent_covered": 0.0, "percent_covered_display": "0", "missing_lines": 8, "excluded_lines": 0, "percent_statements_covered": 0.0, "percent_statements_covered_display": "0"}, "missing_lines": [171, 172, 175, 177, 178, 182, 188, 193], "excluded_lines": [], "start_line": 170}, "require_admin": {"executed_lines": [204], "summary": {"covered_lines": 1, "num_statements": 1, "percent_covered": 100.0, "percent_covered_display": "100", "missing_lines": 0, "excluded_lines": 0, "percent_statements_covered": 100.0, "percent_statements_covered_display": "100"}, "missing_lines": [], "excluded_lines": [], "start_line": 199}, "optional_auth": {"executed_lines": [], "summary": {"covered_lines": 0, "num_statements": 3, "percent_covered": 0.0, "percent_covered_display": "0", "missing_lines": 3, "excluded_lines": 0, "percent_statements_covered": 0.0, "percent_statements_covered_display": "0"}, "missing_lines": [212, 213, 245], "excluded_lines": [], "start_line": 207}, "optional_auth.decorated_function": {"executed_lines": [], "summary": {"covered_lines": 0, "num_statements": 20, "percent_covered": 0.0, "percent_covered_display": "0", "missing_lines": 20, "excluded_lines": 0, "percent_statements_covered": 0.0, "percent_statements_covered_display": "0"}, "missing_lines": [214, 215, 217, 218, 219, 220, 221, 222, 224, 225, 230, 231, 233, 234, 236, 237, 239, 240, 241, 243], "excluded_lines": [], "start_line": 213}, "get_current_user": {"executed_lines": [], "summary": {"covered_lines": 0, "num_statements": 1, "percent_covered": 0.0, "percent_covered_display": "0", "missing_lines": 1, "excluded_lines": 0, "percent_statements_covered": 0.0, "percent_statements_covered_display": "0"}, "missing_lines": [253], "excluded_lines": [], "start_line": 248}, "require_service_token": {"executed_lines": [269, 270, 315], "summary": {"covered_lines": 3, "num_statements": 3, "percent_covered": 100.0, "percent_covered_display": "100", "missing_lines": 0, "excluded_lines": 0, "percent_statements_covered": 100.0, "percent_statements_covered_display": "100"}, "missing_lines": [], "excluded_lines": [], "start_line": 256}, "require_service_token.decorated_function": {"executed_lines": [271, 273, 275, 276, 277], "summary": {"covered_lines": 5, "num_statements": 20, "percent_covered": 25.0, "percent_covered_display": "25", "missing_lines": 15, "excluded_lines": 0, "percent_statements_covered": 25.0, "percent_statements_covered_display": "25"}, "missing_lines": [284, 287, 288, 289, 290, 291, 293, 294, 295, 302, 303, 305, 307, 308, 309], "excluded_lines": [], "start_line": 270}, "": {"executed_lines": [7, 8, 9, 10, 11, 12, 14, 17, 20, 23, 42, 55, 57, 63, 80, 99, 162, 199, 207, 248, 256], "summary": {"covered_lines": 21, "num_statements": 21, "percent_covered": 100.0, "percent_covered_display": "100", "missing_lines": 0, "excluded_lines": 0, "percent_statements_covered": 100.0, "percent_statements_covered_display": "100"}, "missing_lines": [], "excluded_lines": [], "start_line": 1}}, "classes": {"AuthError": {"executed_lines": [58, 59, 60], "summary": {"covered_lines": 3, "num_statements": 3, "percent_covered": 100.0, "percent_covered_display": "100", "missing_lines": 0, "excluded_lines": 0, "percent_statements_covered": 100.0, "percent_statements_covered_display": "100"}, "missing_lines": [], "excluded_lines": [], "start_line": 55}, "": {"executed_lines": [7, 8, 9, 10, 11, 12, 14, 17, 20, 23, 42, 55, 57, 63, 65, 67, 68, 70, 71, 80, 99, 104, 105, 106, 107, 109, 110, 111, 144, 145, 146, 159, 162, 167, 168, 169, 170, 195, 196, 199, 204, 207, 248, 256, 269, 270, 271, 273, 275, 276, 277, 315], "summary": {"covered_lines": 52, "num_statements": 138, "percent_covered": 37.68115942028985, "percent_covered_display": "38", "missing_lines": 86, "excluded_lines": 0, "percent_statements_covered": 37.68115942028985, "percent_statements_covered_display": "38"}, "missing_lines": [29, 30, 37, 38, 39, 45, 46, 47, 48, 49, 50, 51, 52, 73, 74, 75, 77, 82, 83, 84, 91, 92, 93, 94, 95, 96, 118, 121, 122, 123, 125, 126, 127, 134, 140, 142, 151, 152, 153, 171, 172, 175, 177, 178, 182, 188, 193, 212, 213, 214, 215, 217, 218, 219, 220, 221, 222, 224, 225, 230, 231, 233, 234, 236, 237, 239, 240, 241, 243, 245, 253, 284, 287, 288, 289, 290, 291, 293, 294, 295, 302, 303, 305, 307, 308, 309], "excluded_lines": [], "start_line": 1}}}, "src\\middlewares\\correlation_id.py": {"executed_lines": [], "summary": {"covered_lines": 0, "num_statements": 73, "percent_covered": 0.0, "percent_covered_display": "0", "missing_lines": 73, "excluded_lines": 0, "percent_statements_covered": 0.0, "percent_statements_covered_display": "0"}, "missing_lines": [5, 6, 7, 8, 9, 10, 13, 15, 20, 21, 22, 23, 25, 27, 28, 30, 33, 40, 43, 46, 50, 52, 53, 56, 61, 64, 69, 70, 73, 74, 77, 79, 80, 82, 84, 89, 90, 92, 94, 95, 102, 105, 111, 114, 116, 117, 119, 120, 122, 123, 124, 125, 126, 129, 134, 137, 139, 140, 142, 144, 147, 152, 153, 157, 159, 161, 163, 165, 167, 171, 173, 177, 179], "excluded_lines": [], "functions": {"CorrelationIdMiddleware.__init__": {"executed_lines": [], "summary": {"covered_lines": 0, "num_statements": 3, "percent_covered": 0.0, "percent_covered_display": "0", "missing_lines": 3, "excluded_lines": 0, "percent_statements_covered": 0.0, "percent_statements_covered_display": "0"}, "missing_lines": [21, 22, 23], "excluded_lines": [], "start_line": 20}, "CorrelationIdMiddleware.init_app": {"executed_lines": [], "summary": {"covered_lines": 0, "num_statements": 2, "percent_covered": 0.0, "percent_covered_display": "0", "missing_lines": 2, "excluded_lines": 0, "percent_statements_covered": 0.0, "percent_statements_covered_display": "0"}, "missing_lines": [27, 28], "excluded_lines": [], "start_line": 25}, "CorrelationIdMiddleware.before_request": {"executed_lines": [], "summary": {"covered_lines": 0, "num_statements": 4, "percent_covered": 0.0, "percent_covered_display": "0", "missing_lines": 4, "excluded_lines": 0, "percent_statements_covered": 0.0, "percent_statements_covered_display": "0"}, "missing_lines": [33, 40, 43, 46], "excluded_lines": [], "start_line": 30}, "CorrelationIdMiddleware.after_request": {"executed_lines": [], "summary": {"covered_lines": 0, "num_statements": 4, "percent_covered": 0.0, "percent_covered_display": "0", "missing_lines": 4, "excluded_lines": 0, "percent_statements_covered": 0.0, "percent_statements_covered_display": "0"}, "missing_lines": [52, 53, 56, 61], "excluded_lines": [], "start_line": 50}, "CorrelationIdHelper.get_correlation_id": {"executed_lines": [], "summary": {"covered_lines": 0, "num_statements": 3, "percent_covered": 0.0, "percent_covered_display": "0", "missing_lines": 3, "excluded_lines": 0, "percent_statements_covered": 0.0, "percent_statements_covered_display": "0"}, "missing_lines": [73, 74, 77], "excluded_lines": [], "start_line": 70}, "CorrelationIdHelper.create_headers": {"executed_lines": [], "summary": {"covered_lines": 0, "num_statements": 5, "percent_covered": 0.0, "percent_covered_display": "0", "missing_lines": 5, "excluded_lines": 0, "percent_statements_covered": 0.0, "percent_statements_covered_display": "0"}, "missing_lines": [82, 84, 89, 90, 92], "excluded_lines": [], "start_line": 80}, "CorrelationIdHelper.log_with_correlation": {"executed_lines": [], "summary": {"covered_lines": 0, "num_statements": 4, "percent_covered": 0.0, "percent_covered_display": "0", "missing_lines": 4, "excluded_lines": 0, "percent_statements_covered": 0.0, "percent_statements_covered_display": "0"}, "missing_lines": [102, 105, 111, 114], "excluded_lines": [], "start_line": 95}, "CorrelationIdHelper.with_correlation_context": {"executed_lines": [], "summary": {"covered_lines": 0, "num_statements": 3, "percent_covered": 0.0, "percent_covered_display": "0", "missing_lines": 3, "excluded_lines": 0, "percent_statements_covered": 0.0, "percent_statements_covered_display": "0"}, "missing_lines": [119, 120, 126], "excluded_lines": [], "start_line": 117}, "CorrelationIdHelper.with_correlation_context.wrapper": {"executed_lines": [], "summary": {"covered_lines": 0, "num_statements": 4, "percent_covered": 0.0, "percent_covered_display": "0", "missing_lines": 4, "excluded_lines": 0, "percent_statements_covered": 0.0, "percent_statements_covered_display": "0"}, "missing_lines": [122, 123, 124, 125], "excluded_lines": [], "start_line": 120}, "init_correlation_id_logging": {"executed_lines": [], "summary": {"covered_lines": 0, "num_statements": 5, "percent_covered": 0.0, "percent_covered_display": "0", "missing_lines": 5, "excluded_lines": 0, "percent_statements_covered": 0.0, "percent_statements_covered_display": "0"}, "missing_lines": [134, 137, 147, 152, 153], "excluded_lines": [], "start_line": 129}, "init_correlation_id_logging.CorrelationIdFormatter.format": {"executed_lines": [], "summary": {"covered_lines": 0, "num_statements": 4, "percent_covered": 0.0, "percent_covered_display": "0", "missing_lines": 4, "excluded_lines": 0, "percent_statements_covered": 0.0, "percent_statements_covered_display": "0"}, "missing_lines": [139, 140, 142, 144], "excluded_lines": [], "start_line": 137}, "get_correlation_id": {"executed_lines": [], "summary": {"covered_lines": 0, "num_statements": 1, "percent_covered": 0.0, "percent_covered_display": "0", "missing_lines": 1, "excluded_lines": 0, "percent_statements_covered": 0.0, "percent_statements_covered_display": "0"}, "missing_lines": [159], "excluded_lines": [], "start_line": 157}, "create_request_headers": {"executed_lines": [], "summary": {"covered_lines": 0, "num_statements": 1, "percent_covered": 0.0, "percent_covered_display": "0", "missing_lines": 1, "excluded_lines": 0, "percent_statements_covered": 0.0, "percent_statements_covered_display": "0"}, "missing_lines": [163], "excluded_lines": [], "start_line": 161}, "log_info": {"executed_lines": [], "summary": {"covered_lines": 0, "num_statements": 1, "percent_covered": 0.0, "percent_covered_display": "0", "missing_lines": 1, "excluded_lines": 0, "percent_statements_covered": 0.0, "percent_statements_covered_display": "0"}, "missing_lines": [167], "excluded_lines": [], "start_line": 165}, "log_error": {"executed_lines": [], "summary": {"covered_lines": 0, "num_statements": 1, "percent_covered": 0.0, "percent_covered_display": "0", "missing_lines": 1, "excluded_lines": 0, "percent_statements_covered": 0.0, "percent_statements_covered_display": "0"}, "missing_lines": [173], "excluded_lines": [], "start_line": 171}, "log_warning": {"executed_lines": [], "summary": {"covered_lines": 0, "num_statements": 1, "percent_covered": 0.0, "percent_covered_display": "0", "missing_lines": 1, "excluded_lines": 0, "percent_statements_covered": 0.0, "percent_statements_covered_display": "0"}, "missing_lines": [179], "excluded_lines": [], "start_line": 177}, "": {"executed_lines": [], "summary": {"covered_lines": 0, "num_statements": 27, "percent_covered": 0.0, "percent_covered_display": "0", "missing_lines": 27, "excluded_lines": 0, "percent_statements_covered": 0.0, "percent_statements_covered_display": "0"}, "missing_lines": [5, 6, 7, 8, 9, 10, 13, 15, 20, 25, 30, 50, 64, 69, 70, 79, 80, 94, 95, 116, 117, 129, 157, 161, 165, 171, 177], "excluded_lines": [], "start_line": 1}}, "classes": {"CorrelationIdMiddleware": {"executed_lines": [], "summary": {"covered_lines": 0, "num_statements": 13, "percent_covered": 0.0, "percent_covered_display": "0", "missing_lines": 13, "excluded_lines": 0, "percent_statements_covered": 0.0, "percent_statements_covered_display": "0"}, "missing_lines": [21, 22, 23, 27, 28, 33, 40, 43, 46, 52, 53, 56, 61], "excluded_lines": [], "start_line": 15}, "CorrelationIdHelper": {"executed_lines": [], "summary": {"covered_lines": 0, "num_statements": 19, "percent_covered": 0.0, "percent_covered_display": "0", "missing_lines": 19, "excluded_lines": 0, "percent_statements_covered": 0.0, "percent_statements_covered_display": "0"}, "missing_lines": [73, 74, 77, 82, 84, 89, 90, 92, 102, 105, 111, 114, 119, 120, 122, 123, 124, 125, 126], "excluded_lines": [], "start_line": 64}, "init_correlation_id_logging.CorrelationIdFormatter": {"executed_lines": [], "summary": {"covered_lines": 0, "num_statements": 4, "percent_covered": 0.0, "percent_covered_display": "0", "missing_lines": 4, "excluded_lines": 0, "percent_statements_covered": 0.0, "percent_statements_covered_display": "0"}, "missing_lines": [139, 140, 142, 144], "excluded_lines": [], "start_line": 134}, "": {"executed_lines": [], "summary": {"covered_lines": 0, "num_statements": 37, "percent_covered": 0.0, "percent_covered_display": "0", "missing_lines": 37, "excluded_lines": 0, "percent_statements_covered": 0.0, "percent_statements_covered_display": "0"}, "missing_lines": [5, 6, 7, 8, 9, 10, 13, 15, 20, 25, 30, 50, 64, 69, 70, 79, 80, 94, 95, 116, 117, 129, 134, 137, 147, 152, 153, 157, 159, 161, 163, 165, 167, 171, 173, 177, 179], "excluded_lines": [], "start_line": 1}}}, "src\\middlewares\\trace_context.py": {"executed_lines": [5, 6, 7, 8, 9, 12, 16, 19, 24, 25, 26, 27, 29, 31, 32, 34, 37, 39, 50, 51, 54, 55, 58, 62, 64, 65, 68, 69, 72, 75, 80, 82, 83, 112, 113, 121, 124, 126, 129, 139, 149, 161], "summary": {"covered_lines": 42, "num_statements": 65, "percent_covered": 64.61538461538461, "percent_covered_display": "65", "missing_lines": 23, "excluded_lines": 0, "percent_statements_covered": 64.61538461538461, "percent_statements_covered_display": "65"}, "missing_lines": [40, 41, 42, 43, 46, 47, 96, 97, 99, 100, 101, 103, 104, 107, 108, 110, 136, 146, 157, 158, 168, 169, 171], "excluded_lines": [], "functions": {"TraceContextMiddleware.__init__": {"executed_lines": [25, 26, 27], "summary": {"covered_lines": 3, "num_statements": 3, "percent_covered": 100.0, "percent_covered_display": "100", "missing_lines": 0, "excluded_lines": 0, "percent_statements_covered": 100.0, "percent_statements_covered_display": "100"}, "missing_lines": [], "excluded_lines": [], "start_line": 24}, "TraceContextMiddleware.init_app": {"executed_lines": [31, 32], "summary": {"covered_lines": 2, "num_statements": 2, "percent_covered": 100.0, "percent_covered_display": "100", "missing_lines": 0, "excluded_lines": 0, "percent_statements_covered": 100.0, "percent_statements_covered_display": "100"}, "missing_lines": [], "excluded_lines": [], "start_line": 29}, "TraceContextMiddleware.before_request": {"executed_lines": [37, 39, 50, 51, 54, 55, 58], "summary": {"covered_lines": 7, "num_statements": 13, "percent_covered": 53.84615384615385, "percent_covered_display": "54", "missing_lines": 6, "excluded_lines": 0, "percent_statements_covered": 53.84615384615385, "percent_statements_covered_display": "54"}, "missing_lines": [40, 41, 42, 43, 46, 47], "excluded_lines": [], "start_line": 34}, "TraceContextMiddleware.after_request": {"executed_lines": [64, 65, 68, 69, 72, 75, 80], "summary": {"covered_lines": 7, "num_statements": 7, "percent_covered": 100.0, "percent_covered_display": "100", "missing_lines": 0, "excluded_lines": 0, "percent_statements_covered": 100.0, "percent_statements_covered_display": "100"}, "missing_lines": [], "excluded_lines": [], "start_line": 62}, "TraceContextMiddleware.extract_trace_context": {"executed_lines": [], "summary": {"covered_lines": 0, "num_statements": 10, "percent_covered": 0.0, "percent_covered_display": "0", "missing_lines": 10, "excluded_lines": 0, "percent_statements_covered": 0.0, "percent_statements_covered_display": "0"}, "missing_lines": [96, 97, 99, 100, 101, 103, 104, 107, 108, 110], "excluded_lines": [], "start_line": 83}, "TraceContextMiddleware.generate_trace_context": {"executed_lines": [121, 124, 126], "summary": {"covered_lines": 3, "num_statements": 3, "percent_covered": 100.0, "percent_covered_display": "100", "missing_lines": 0, "excluded_lines": 0, "percent_statements_covered": 100.0, "percent_statements_covered_display": "100"}, "missing_lines": [], "excluded_lines": [], "start_line": 113}, "get_trace_id": {"executed_lines": [], "summary": {"covered_lines": 0, "num_statements": 1, "percent_covered": 0.0, "percent_covered_display": "0", "missing_lines": 1, "excluded_lines": 0, "percent_statements_covered": 0.0, "percent_statements_covered_display": "0"}, "missing_lines": [136], "excluded_lines": [], "start_line": 129}, "get_span_id": {"executed_lines": [], "summary": {"covered_lines": 0, "num_statements": 1, "percent_covered": 0.0, "percent_covered_display": "0", "missing_lines": 1, "excluded_lines": 0, "percent_statements_covered": 0.0, "percent_statements_covered_display": "0"}, "missing_lines": [146], "excluded_lines": [], "start_line": 139}, "set_trace_context": {"executed_lines": [], "summary": {"covered_lines": 0, "num_statements": 2, "percent_covered": 0.0, "percent_covered_display": "0", "missing_lines": 2, "excluded_lines": 0, "percent_statements_covered": 0.0, "percent_statements_covered_display": "0"}, "missing_lines": [157, 158], "excluded_lines": [], "start_line": 149}, "create_traceparent_header": {"executed_lines": [], "summary": {"covered_lines": 0, "num_statements": 3, "percent_covered": 0.0, "percent_covered_display": "0", "missing_lines": 3, "excluded_lines": 0, "percent_statements_covered": 0.0, "percent_statements_covered_display": "0"}, "missing_lines": [168, 169, 171], "excluded_lines": [], "start_line": 161}, "": {"executed_lines": [5, 6, 7, 8, 9, 12, 16, 19, 24, 29, 34, 62, 82, 83, 112, 113, 129, 139, 149, 161], "summary": {"covered_lines": 20, "num_statements": 20, "percent_covered": 100.0, "percent_covered_display": "100", "missing_lines": 0, "excluded_lines": 0, "percent_statements_covered": 100.0, "percent_statements_covered_display": "100"}, "missing_lines": [], "excluded_lines": [], "start_line": 1}}, "classes": {"TraceContextMiddleware": {"executed_lines": [25, 26, 27, 31, 32, 37, 39, 50, 51, 54, 55, 58, 64, 65, 68, 69, 72, 75, 80, 121, 124, 126], "summary": {"covered_lines": 22, "num_statements": 38, "percent_covered": 57.89473684210526, "percent_covered_display": "58", "missing_lines": 16, "excluded_lines": 0, "percent_statements_covered": 57.89473684210526, "percent_statements_covered_display": "58"}, "missing_lines": [40, 41, 42, 43, 46, 47, 96, 97, 99, 100, 101, 103, 104, 107, 108, 110], "excluded_lines": [], "start_line": 19}, "": {"executed_lines": [5, 6, 7, 8, 9, 12, 16, 19, 24, 29, 34, 62, 82, 83, 112, 113, 129, 139, 149, 161], "summary": {"covered_lines": 20, "num_statements": 27, "percent_covered": 74.07407407407408, "percent_covered_display": "74", "missing_lines": 7, "excluded_lines": 0, "percent_statements_covered": 74.07407407407408, "percent_statements_covered_display": "74"}, "missing_lines": [136, 146, 157, 158, 168, 169, 171], "excluded_lines": [], "start_line": 1}}}, "src\\models\\__init__.py": {"executed_lines": [6, 9, 12, 13, 14, 17], "summary": {"covered_lines": 6, "num_statements": 6, "percent_covered": 100.0, "percent_covered_display": "100", "missing_lines": 0, "excluded_lines": 0, "percent_statements_covered": 100.0, "percent_statements_covered_display": "100"}, "missing_lines": [], "excluded_lines": [], "functions": {"": {"executed_lines": [6, 9, 12, 13, 14, 17], "summary": {"covered_lines": 6, "num_statements": 6, "percent_covered": 100.0, "percent_covered_display": "100", "missing_lines": 0, "excluded_lines": 0, "percent_statements_covered": 100.0, "percent_statements_covered_display": "100"}, "missing_lines": [], "excluded_lines": [], "start_line": 1}}, "classes": {"": {"executed_lines": [6, 9, 12, 13, 14, 17], "summary": {"covered_lines": 6, "num_statements": 6, "percent_covered": 100.0, "percent_covered_display": "100", "missing_lines": 0, "excluded_lines": 0, "percent_statements_covered": 100.0, "percent_statements_covered_display": "100"}, "missing_lines": [], "excluded_lines": [], "start_line": 1}}}, "src\\models\\enums.py": {"executed_lines": [5, 8, 9, 10, 11, 12, 13, 14, 17, 18, 19, 20, 21, 22], "summary": {"covered_lines": 14, "num_statements": 14, "percent_covered": 100.0, "percent_covered_display": "100", "missing_lines": 0, "excluded_lines": 0, "percent_statements_covered": 100.0, "percent_statements_covered_display": "100"}, "missing_lines": [], "excluded_lines": [], "functions": {"": {"executed_lines": [5, 8, 9, 10, 11, 12, 13, 14, 17, 18, 19, 20, 21, 22], "summary": {"covered_lines": 14, "num_statements": 14, "percent_covered": 100.0, "percent_covered_display": "100", "missing_lines": 0, "excluded_lines": 0, "percent_statements_covered": 100.0, "percent_statements_covered_display": "100"}, "missing_lines": [], "excluded_lines": [], "start_line": 1}}, "classes": {"ReservationStatus": {"executed_lines": [], "summary": {"covered_lines": 0, "num_statements": 0, "percent_covered": 100.0, "percent_covered_display": "100", "missing_lines": 0, "excluded_lines": 0, "percent_statements_covered": 100.0, "percent_statements_covered_display": "100"}, "missing_lines": [], "excluded_lines": [], "start_line": 8}, "StockMovementType": {"executed_lines": [], "summary": {"covered_lines": 0, "num_statements": 0, "percent_covered": 100.0, "percent_covered_display": "100", "missing_lines": 0, "excluded_lines": 0, "percent_statements_covered": 100.0, "percent_statements_covered_display": "100"}, "missing_lines": [], "excluded_lines": [], "start_line": 17}, "": {"executed_lines": [5, 8, 9, 10, 11, 12, 13, 14, 17, 18, 19, 20, 21, 22], "summary": {"covered_lines": 14, "num_statements": 14, "percent_covered": 100.0, "percent_covered_display": "100", "missing_lines": 0, "excluded_lines": 0, "percent_statements_covered": 100.0, "percent_statements_covered_display": "100"}, "missing_lines": [], "excluded_lines": [], "start_line": 1}}}, "src\\models\\inventory_item.py": {"executed_lines": [5, 6, 7, 10, 12, 14, 15, 16, 17, 18, 19, 20, 21, 22, 23, 26, 27, 29, 32, 33, 35, 37, 38, 40, 42, 44], "summary": {"covered_lines": 26, "num_statements": 27, "percent_covered": 96.29629629629629, "percent_covered_display": "96", "missing_lines": 1, "excluded_lines": 0, "percent_statements_covered": 96.29629629629629, "percent_statements_covered_display": "96"}, "missing_lines": [30], "excluded_lines": [], "functions": {"InventoryItem.__repr__": {"executed_lines": [], "summary": {"covered_lines": 0, "num_statements": 1, "percent_covered": 0.0, "percent_covered_display": "0", "missing_lines": 1, "excluded_lines": 0, "percent_statements_covered": 0.0, "percent_statements_covered_display": "0"}, "missing_lines": [30], "excluded_lines": [], "start_line": 29}, "InventoryItem.total_quantity": {"executed_lines": [35], "summary": {"covered_lines": 1, "num_statements": 1, "percent_covered": 100.0, "percent_covered_display": "100", "missing_lines": 0, "excluded_lines": 0, "percent_statements_covered": 100.0, "percent_statements_covered_display": "100"}, "missing_lines": [], "excluded_lines": [], "start_line": 33}, "InventoryItem.is_low_stock": {"executed_lines": [40], "summary": {"covered_lines": 1, "num_statements": 1, "percent_covered": 100.0, "percent_covered_display": "100", "missing_lines": 0, "excluded_lines": 0, "percent_statements_covered": 100.0, "percent_statements_covered_display": "100"}, "missing_lines": [], "excluded_lines": [], "start_line": 38}, "InventoryItem.to_dict": {"executed_lines": [44], "summary": {"covered_lines": 1, "num_statements": 1, "percent_covered": 100.0, "percent_covered_display": "100", "missing_lines": 0, "excluded_lines": 0, "percent_statements_covered": 100.0, "percent_statements_covered_display": "100"}, "missing_lines": [], "excluded_lines": [], "start_line": 42}, "": {"executed_lines": [5, 6, 7, 10, 12, 14, 15, 16, 17, 18, 19, 20, 21, 22, 23, 26, 27, 29, 32, 33, 37, 38, 42], "summary": {"covered_lines": 23, "num_statements": 23, "percent_covered": 100.0, "percent_covered_display": "100", "missing_lines": 0, "excluded_lines": 0, "percent_statements_covered": 100.0, "percent_statements_covered_display": "100"}, "missing_lines": [], "excluded_lines": [], "start_line": 1}}, "classes": {"InventoryItem": {"executed_lines": [35, 40, 44], "summary": {"covered_lines": 3, "num_statements": 4, "percent_covered": 75.0, "percent_covered_display": "75", "missing_lines": 1, "excluded_lines": 0, "percent_statements_covered": 75.0, "percent_statements_covered_display": "75"}, "missing_lines": [30], "excluded_lines": [], "start_line": 10}, "": {"executed_lines": [5, 6, 7, 10, 12, 14, 15, 16, 17, 18, 19, 20, 21, 22, 23, 26, 27, 29, 32, 33, 37, 38, 42], "summary": {"covered_lines": 23, "num_statements": 23, "percent_covered": 100.0, "percent_covered_display": "100", "missing_lines": 0, "excluded_lines": 0, "percent_statements_covered": 100.0, "percent_statements_co
[...]
ed_display": "0"}, "missing_lines": [59, 61, 62, 64, 67, 73, 74, 83, 85, 86, 94], "excluded_lines": [], "start_line": 46}, "InventoryEventPublisher.publish_stock_updated": {"executed_lines": [], "summary": {"covered_lines": 0, "num_statements": 2, "percent_covered": 0.0, "percent_covered_display": "0", "missing_lines": 2, "excluded_lines": 0, "percent_statements_covered": 0.0, "percent_statements_covered_display": "0"}, "missing_lines": [104, 110], "excluded_lines": [], "start_line": 100}, "InventoryEventPublisher.publish_stock_reserved": {"executed_lines": [], "summary": {"covered_lines": 0, "num_statements": 2, "percent_covered": 0.0, "percent_covered_display": "0", "missing_lines": 2, "excluded_lines": 0, "percent_statements_covered": 0.0, "percent_statements_covered_display": "0"}, "missing_lines": [116, 123], "excluded_lines": [], "start_line": 112}, "InventoryEventPublisher.publish_stock_released": {"executed_lines": [], "summary": {"covered_lines": 0, "num_statements": 2, "percent_covered": 0.0, "percent_covered_display": "0", "missing_lines": 2, "excluded_lines": 0, "percent_statements_covered": 0.0, "percent_statements_covered_display": "0"}, "missing_lines": [129, 136], "excluded_lines": [], "start_line": 125}, "InventoryEventPublisher.publish_low_stock_alert": {"executed_lines": [], "summary": {"covered_lines": 0, "num_statements": 2, "percent_covered": 0.0, "percent_covered_display": "0", "missing_lines": 2, "excluded_lines": 0, "percent_statements_covered": 0.0, "percent_statements_covered_display": "0"}, "missing_lines": [141, 148], "excluded_lines": [], "start_line": 138}, "InventoryEventPublisher.publish_out_of_stock_alert": {"executed_lines": [], "summary": {"covered_lines": 0, "num_statements": 2, "percent_covered": 0.0, "percent_covered_display": "0", "missing_lines": 2, "excluded_lines": 0, "percent_statements_covered": 0.0, "percent_statements_covered_display": "0"}, "missing_lines": [153, 158], "excluded_lines": [], "start_line": 150}, "InventoryEventPublisher.publish_inventory_created": {"executed_lines": [], "summary": {"covered_lines": 0, "num_statements": 2, "percent_covered": 0.0, "percent_covered_display": "0", "missing_lines": 2, "excluded_lines": 0, "percent_statements_covered": 0.0, "percent_statements_covered_display": "0"}, "missing_lines": [163, 168], "excluded_lines": [], "start_line": 160}, "": {"executed_lines": [5, 6, 7, 8, 11, 12, 15, 21, 25, 26, 32, 46, 100, 112, 125, 138, 150, 160, 172], "summary": {"covered_lines": 19, "num_statements": 19, "percent_covered": 100.0, "percent_covered_display": "100", "missing_lines": 0, "excluded_lines": 0, "percent_statements_covered": 100.0, "percent_statements_covered_display": "100"}, "missing_lines": [], "excluded_lines": [], "start_line": 1}}, "classes": {"InventoryEventPublisher": {"executed_lines": [22, 23], "summary": {"covered_lines": 2, "num_statements": 29, "percent_covered": 6.896551724137931, "percent_covered_display": "7", "missing_lines": 27, "excluded_lines": 0, "percent_statements_covered": 6.896551724137931, "percent_statements_covered_display": "7"}, "missing_lines": [28, 29, 30, 35, 59, 61, 62, 64, 67, 73, 74, 83, 85, 86, 94, 104, 110, 116, 123, 129, 136, 141, 148, 153, 158, 163, 168], "excluded_lines": [], "start_line": 15}, "": {"executed_lines": [5, 6, 7, 8, 11, 12, 15, 21, 25, 26, 32, 46, 100, 112, 125, 138, 150, 160, 172], "summary": {"covered_lines": 19, "num_statements": 19, "percent_covered": 100.0, "percent_covered_display": "100", "missing_lines": 0, "excluded_lines": 0, "percent_statements_covered": 100.0, "percent_statements_covered_display": "100"}, "missing_lines": [], "excluded_lines": [], "start_line": 1}}}, "src\\utils\\health_checks.py": {"executed_lines": [6, 7, 8, 9, 10, 11, 12, 13, 15, 17, 19, 20, 23, 24, 26, 29, 44, 45, 63, 131, 133, 134, 135, 137, 139, 140, 141, 142, 145, 146, 153, 157, 158, 170, 176, 178, 197, 199, 201, 204, 205, 206, 209, 210, 213, 214, 215, 216, 217, 219, 220, 221, 222, 227, 229, 268, 270, 271, 272, 274], "summary": {"covered_lines": 60, "num_statements": 97, "percent_covered": 61.855670103092784, "percent_covered_display": "62", "missing_lines": 37, "excluded_lines": 0, "percent_statements_covered": 61.855670103092784, "percent_statements_covered_display": "62"}, "missing_lines": [30, 32, 65, 67, 68, 69, 75, 84, 86, 87, 88, 89, 90, 92, 103, 113, 114, 115, 121, 122, 123, 159, 160, 167, 168, 185, 186, 188, 223, 224, 225, 258, 259, 261, 305, 306, 307], "excluded_lines": [], "functions": {"check_database_health": {"executed_lines": [19, 20, 23, 24, 26, 29, 44, 45], "summary": {"covered_lines": 8, "num_statements": 10, "percent_covered": 80.0, "percent_covered_display": "80", "missing_lines": 2, "excluded_lines": 0, "percent_statements_covered": 80.0, "percent_statements_covered_display": "80"}, "missing_lines": [30, 32], "excluded_lines": [], "start_line": 17}, "check_database_health.check_redis_health": {"executed_lines": [], "summary": {"covered_lines": 0, "num_statements": 0, "percent_covered": 100.0, "percent_covered_display": "100", "missing_lines": 0, "excluded_lines": 0, "percent_statements_covered": 100.0, "percent_statements_covered_display": "100"}, "missing_lines": [], "excluded_lines": [], "start_line": 56}, "check_external_service_health": {"executed_lines": [], "summary": {"covered_lines": 0, "num_statements": 19, "percent_covered": 0.0, "percent_covered_display": "0", "missing_lines": 19, "excluded_lines": 0, "percent_statements_covered": 0.0, "percent_statements_covered_display": "0"}, "missing_lines": [65, 67, 68, 69, 75, 84, 86, 87, 88, 89, 90, 92, 103, 113, 114, 115, 121, 122, 123], "excluded_lines": [], "start_line": 63}, "perform_readiness_check": {"executed_lines": [133, 134, 135, 137, 139, 140, 141, 142, 145, 146, 153, 157, 158, 170, 176, 178], "summary": {"covered_lines": 16, "num_statements": 23, "percent_covered": 69.56521739130434, "percent_covered_display": "70", "missing_lines": 7, "excluded_lines": 0, "percent_statements_covered": 69.56521739130434, "percent_statements_covered_display": "70"}, "missing_lines": [159, 160, 167, 168, 185, 186, 188], "excluded_lines": [], "start_line": 131}, "perform_liveness_check": {"executed_lines": [199, 201, 204, 205, 206, 209, 210, 213, 214, 215, 216, 219, 220, 221, 222, 227, 229], "summary": {"covered_lines": 17, "num_statements": 23, "percent_covered": 73.91304347826087, "percent_covered_display": "74", "missing_lines": 6, "excluded_lines": 0, "percent_statements_covered": 73.91304347826087, "percent_statements_covered_display": "74"}, "missing_lines": [223, 224, 225, 258, 259, 261], "excluded_lines": [], "start_line": 197}, "perform_liveness_check.dummy_task": {"executed_lines": [217], "summary": {"covered_lines": 1, "num_statements": 1, "percent_covered": 100.0, "percent_covered_display": "100", "missing_lines": 0, "excluded_lines": 0, "percent_statements_covered": 100.0, "percent_statements_covered_display": "100"}, "missing_lines": [], "excluded_lines": [], "start_line": 216}, "get_system_metrics": {"executed_lines": [270, 271, 272, 274], "summary": {"covered_lines": 4, "num_statements": 7, "percent_covered": 57.142857142857146, "percent_covered_display": "57", "missing_lines": 3, "excluded_lines": 0, "percent_statements_covered": 57.142857142857146, "percent_statements_covered_display": "57"}, "missing_lines": [305, 306, 307], "excluded_lines": [], "start_line": 268}, "": {"executed_lines": [6, 7, 8, 9, 10, 11, 12, 13, 15, 17, 63, 131, 197, 268], "summary": {"covered_lines": 14, "num_statements": 14, "percent_covered": 100.0, "percent_covered_display": "100", "missing_lines": 0, "excluded_lines": 0, "percent_statements_covered": 100.0, "percent_statements_covered_display": "100"}, "missing_lines": [], "excluded_lines": [], "start_line": 1}}, "classes": {"": {"executed_lines": [6, 7, 8, 9, 10, 11, 12, 13, 15, 17, 19, 20, 23, 24, 26, 29, 44, 45, 63, 131, 133, 134, 135, 137, 139, 140, 141, 142, 145, 146, 153, 157, 158, 170, 176, 178, 197, 199, 201, 204, 205, 206, 209, 210, 213, 214, 215, 216, 217, 219, 220, 221, 222, 227, 229, 268, 270, 271, 272, 274], "summary": {"covered_lines": 60, "num_statements": 97, "percent_covered": 61.855670103092784, "percent_covered_display": "62", "missing_lines": 37, "excluded_lines": 0, "percent_statements_covered": 61.855670103092784, "percent_statements_covered_display": "62"}, "missing_lines": [30, 32, 65, 67, 68, 69, 75, 84, 86, 87, 88, 89, 90, 92, 103, 113, 114, 115, 121, 122, 123, 159, 160, 167, 168, 185, 186, 188, 223, 224, 225, 258, 259, 261, 305, 306, 307], "excluded_lines": [], "start_line": 1}}}, "src\\utils\\schemas.py": {"executed_lines": [1, 2, 3, 6, 8, 9, 10, 11, 12, 13, 14, 16, 17, 28, 30, 31, 32, 33, 34, 35, 36, 37, 38, 39, 40, 41, 42, 45, 47, 48, 49, 50, 51, 52, 55, 57, 58, 59, 60, 61, 62, 63, 64, 65, 66, 67, 70, 72, 73, 74, 78, 79, 82, 84, 85, 86, 87, 88, 89, 90, 91, 94, 96, 98, 99, 116, 118, 119, 120, 121, 122, 123, 124, 126, 127, 136, 138, 143, 146, 148, 149, 150, 151, 152], "summary": {"covered_lines": 84, "num_statements": 104, "percent_covered": 80.76923076923077, "percent_covered_display": "81", "missing_lines": 20, "excluded_lines": 0, "percent_statements_covered": 80.76923076923077, "percent_statements_covered_display": "81"}, "missing_lines": [18, 20, 22, 23, 25, 100, 101, 102, 104, 105, 106, 107, 109, 110, 111, 113, 129, 130, 131, 133], "excluded_lines": [], "functions": {"InventoryItemRequestSchema.validate_stock_levels": {"executed_lines": [], "summary": {"covered_lines": 0, "num_statements": 5, "percent_covered": 0.0, "percent_covered_display": "0", "missing_lines": 5, "excluded_lines": 0, "percent_statements_covered": 0.0, "percent_statements_covered_display": "0"}, "missing_lines": [18, 20, 22, 23, 25], "excluded_lines": [], "start_line": 17}, "BulkOperationRequestSchema.validate_operations": {"executed_lines": [], "summary": {"covered_lines": 0, "num_statements": 11, "percent_covered": 0.0, "percent_covered_display": "0", "missing_lines": 11, "excluded_lines": 0, "percent_statements_covered": 0.0, "percent_statements_covered_display": "0"}, "missing_lines": [100, 101, 102, 104, 105, 106, 107, 109, 110, 111, 113], "excluded_lines": [], "start_line": 99}, "InventorySearchSchema.validate_search_params": {"executed_lines": [], "summary": {"covered_lines": 0, "num_statements": 4, "percent_covered": 0.0, "percent_covered_display": "0", "missing_lines": 4, "excluded_lines": 0, "percent_statements_covered": 0.0, "percent_statements_covered_display": "0"}, "missing_lines": [129, 130, 131, 133], "excluded_lines": [], "start_line": 127}, "": {"executed_lines": [1, 2, 3, 6, 8, 9, 10, 11, 12, 13, 14, 16, 17, 28, 30, 31, 32, 33, 34, 35, 36, 37, 38, 39, 40, 41, 42, 45, 47, 48, 49, 50, 51, 52, 55, 57, 58, 59, 60, 61, 62, 63, 64, 65, 66, 67, 70, 72, 73, 74, 78, 79, 82, 84, 85, 86, 87, 88, 89, 90, 91, 94, 96, 98, 99, 116, 118, 119, 120, 121, 122, 123, 124, 126, 127, 136, 138, 143, 146, 148, 149, 150, 151, 152], "summary": {"covered_lines": 84, "num_statements": 84, "percent_covered": 100.0, "percent_covered_display": "100", "missing_lines": 0, "excluded_lines": 0, "percent_statements_covered": 100.0, "percent_statements_covered_display": "100"}, "missing_lines": [], "excluded_lines": [], "start_line": 1}}, "classes": {"InventoryItemRequestSchema": {"executed_lines": [], "summary": {"covered_lines": 0, "num_statements": 5, "percent_covered": 0.0, "percent_covered_display": "0", "missing_lines": 5, "excluded_lines": 0, "percent_statements_covered": 0.0, "percent_statements_covered_display": "0"}, "missing_lines": [18, 20, 22, 23, 25], "excluded_lines": [], "start_line": 6}, "InventoryItemResponseSchema": {"executed_lines": [], "summary": {"covered_lines": 0, "num_statements": 0, "percent_covered": 100.0, "percent_covered_display": "100", "missing_lines": 0, "excluded_lines": 0, "percent_statements_covered": 100.0, "percent_statements_covered_display": "100"}, "missing_lines": [], "excluded_lines": [], "start_line": 28}, "ReservationRequestSchema": {"executed_lines": [], "summary": {"covered_lines": 0, "num_statements": 0, "percent_covered": 100.0, "percent_covered_display": "100", "missing_lines": 0, "excluded_lines": 0, "percent_statements_covered": 100.0, "percent_statements_covered_display": "100"}, "missing_lines": [], "excluded_lines": [], "start_line": 45}, "ReservationResponseSchema": {"executed_lines": [], "summary": {"covered_lines": 0, "num_statements": 0, "percent_covered": 100.0, "percent_covered_display": "100", "missing_lines": 0, "excluded_lines": 0, "percent_statements_covered": 100.0, "percent_statements_covered_display": "100"}, "missing_lines": [], "excluded_lines": [], "start_line": 55}, "StockAdjustmentRequestSchema": {"executed_lines": [], "summary": {"covered_lines": 0, "num_statements": 0, "percent_covered": 100.0, "percent_covered_display": "100", "missing_lines": 0, "excluded_lines": 0, "percent_statements_covered": 100.0, "percent_statements_covered_display": "100"}, "missing_lines": [], "excluded_lines": [], "start_line": 70}, "StockMovementResponseSchema": {"executed_lines": [], "summary": {"covered_lines": 0, "num_statements": 0, "percent_covered": 100.0, "percent_covered_display": "100", "missing_lines": 0, "excluded_lines": 0, "percent_statements_covered": 100.0, "percent_statements_covered_display": "100"}, "missing_lines": [], "excluded_lines": [], "start_line": 82}, "BulkOperationRequestSchema": {"executed_lines": [], "summary": {"covered_lines": 0, "num_statements": 11, "percent_covered": 0.0, "percent_covered_display": "0", "missing_lines": 11, "excluded_lines": 0, "percent_statements_covered": 0.0, "percent_statements_covered_display": "0"}, "missing_lines": [100, 101, 102, 104, 105, 106, 107, 109, 110, 111, 113], "excluded_lines": [], "start_line": 94}, "InventorySearchSchema": {"executed_lines": [], "summary": {"covered_lines": 0, "num_statements": 4, "percent_covered": 0.0, "percent_covered_display": "0", "missing_lines": 4, "excluded_lines": 0, "percent_statements_covered": 0.0, "percent_statements_covered_display": "0"}, "missing_lines": [129, 130, 131, 133], "excluded_lines": [], "start_line": 116}, "ReservationConfirmRequestSchema": {"executed_lines": [], "summary": {"covered_lines": 0, "num_statements": 0, "percent_covered": 100.0, "percent_covered_display": "100", "missing_lines": 0, "excluded_lines": 0, "percent_statements_covered": 100.0, "percent_statements_covered_display": "100"}, "missing_lines": [], "excluded_lines": [], "start_line": 136}, "HealthCheckResponseSchema": {"executed_lines": [], "summary": {"covered_lines": 0, "num_statements": 0, "percent_covered": 100.0, "percent_covered_display": "100", "missing_lines": 0, "excluded_lines": 0, "percent_statements_covered": 100.0, "percent_statements_covered_display": "100"}, "missing_lines": [], "excluded_lines": [], "start_line": 146}, "": {"executed_lines": [1, 2, 3, 6, 8, 9, 10, 11, 12, 13, 14, 16, 17, 28, 30, 31, 32, 33, 34, 35, 36, 37, 38, 39, 40, 41, 42, 45, 47, 48, 49, 50, 51, 52, 55, 57, 58, 59, 60, 61, 62, 63, 64, 65, 66, 67, 70, 72, 73, 74, 78, 79, 82, 84, 85, 86, 87, 88, 89, 90, 91, 94, 96, 98, 99, 116, 118, 119, 120, 121, 122, 123, 124, 126, 127, 136, 138, 143, 146, 148, 149, 150, 151, 152], "summary": {"covered_lines": 84, "num_statements": 84, "percent_covered": 100.0, "percent_covered_display": "100", "missing_lines": 0, "excluded_lines": 0, "percent_statements_covered": 100.0, "percent_statements_covered_display": "100"}, "missing_lines": [], "excluded_lines": [], "start_line": 1}}}, "src\\utils\\secret_manager.py": {"executed_lines": [5, 6, 7, 8, 10, 13, 16, 20, 50, 66, 86, 89, 98, 103], "summary": {"covered_lines": 14, "num_statements": 34, "percent_covered": 41.1764705882353, "percent_covered_display": "41", "missing_lines": 20, "excluded_lines": 0, "percent_statements_covered": 41.1764705882353, "percent_statements_covered_display": "41"}, "missing_lines": [17, 18, 33, 34, 39, 40, 41, 42, 44, 46, 47, 48, 57, 74, 75, 92, 93, 94, 100, 105], "excluded_lines": [], "functions": {"DaprSecretManager.__init__": {"executed_lines": [], "summary": {"covered_lines": 0, "num_statements": 2, "percent_covered": 0.0, "percent_covered_display": "0", "missing_lines": 2, "excluded_lines": 0, "percent_statements_covered": 0.0, "percent_statements_covered_display": "0"}, "missing_lines": [17, 18], "excluded_lines": [], "start_line": 16}, "DaprSecretManager.get_secret": {"executed_lines": [], "summary": {"covered_lines": 0, "num_statements": 10, "percent_covered": 0.0, "percent_covered_display": "0", "missing_lines": 10, "excluded_lines": 0, "percent_statements_covered": 0.0, "percent_statements_covered_display": "0"}, "missing_lines": [33, 34, 39, 40, 41, 42, 44, 46, 47, 48], "excluded_lines": [], "start_line": 20}, "DaprSecretManager.get_database_config": {"executed_lines": [], "summary": {"covered_lines": 0, "num_statements": 1, "percent_covered": 0.0, "percent_covered_display": "0", "missing_lines": 1, "excluded_lines": 0, "percent_statements_covered": 0.0, "percent_statements_covered_display": "0"}, "missing_lines": [57], "excluded_lines": [], "start_line": 50}, "DaprSecretManager.get_jwt_config": {"executed_lines": [], "summary": {"covered_lines": 0, "num_statements": 2, "percent_covered": 0.0, "percent_covered_display": "0", "missing_lines": 2, "excluded_lines": 0, "percent_statements_covered": 0.0, "percent_statements_covered_display": "0"}, "missing_lines": [74, 75], "excluded_lines": [], "start_line": 66}, "get_secret_manager": {"executed_lines": [], "summary": {"covered_lines": 0, "num_statements": 3, "percent_covered": 0.0, "percent_covered_display": "0", "missing_lines": 3, "excluded_lines": 0, "percent_statements_covered": 0.0, "percent_statements_covered_display": "0"}, "missing_lines": [92, 93, 94], "excluded_lines": [], "start_line": 89}, "get_database_config": {"executed_lines": [], "summary": {"covered_lines": 0, "num_statements": 1, "percent_covered": 0.0, "percent_covered_display": "0", "missing_lines": 1, "excluded_lines": 0, "percent_statements_covered": 0.0, "percent_statements_covered_display": "0"}, "missing_lines": [100], "excluded_lines": [], "start_line": 98}, "get_jwt_config": {"executed_lines": [], "summary": {"covered_lines": 0, "num_statements": 1, "percent_covered": 0.0, "percent_covered_display": "0", "missing_lines": 1, "excluded_lines": 0, "percent_statements_covered": 0.0, "percent_statements_covered_display": "0"}, "missing_lines": [105], "excluded_lines": [], "start_line": 103}, "": {"executed_lines": [5, 6, 7, 8, 10, 13, 16, 20, 50, 66, 86, 89, 98, 103], "summary": {"covered_lines": 14, "num_statements": 14, "percent_covered": 100.0, "percent_covered_display": "100", "missing_lines": 0, "excluded_lines": 0, "percent_statements_covered": 100.0, "percent_statements_covered_display": "100"}, "missing_lines": [], "excluded_lines": [], "start_line": 1}}, "classes": {"DaprSecretManager": {"executed_lines": [], "summary": {"covered_lines": 0, "num_statements": 15, "percent_covered": 0.0, "percent_covered_display": "0", "missing_lines": 15, "excluded_lines": 0, "percent_statements_covered": 0.0, "percent_statements_covered_display": "0"}, "missing_lines": [17, 18, 33, 34, 39, 40, 41, 42, 44, 46, 47, 48, 57, 74, 75], "excluded_lines": [], "start_line": 13}, "": {"executed_lines": [5, 6, 7, 8, 10, 13, 16, 20, 50, 66, 86, 89, 98, 103], "summary": {"covered_lines": 14, "num_statements": 19, "percent_covered": 73.6842105263158, "percent_covered_display": "74", "missing_lines": 5, "excluded_lines": 0, "percent_statements_covered": 73.6842105263158, "percent_statements_covered_display": "74"}, "missing_lines": [92, 93, 94, 100, 105], "excluded_lines": [], "start_line": 1}}}}, "totals": {"covered_lines": 1253, "num_statements": 2329, "percent_covered": 53.799914126234434, "percent_covered_display": "54", "missing_lines": 1076, "excluded_lines": 0, "percent_statements_covered": 53.799914126234434, "percent_statements_covered_display": "54"}}