{"meta": {"format": 3, "version": "7.13.1", "timestamp": "2026-01-23T11:44:01.725993", "branch_coverage": false, "show_contexts": false}, "files": {"src/__init__.py": {"executed_lines": [1, 2, 3, 4, 5, 8, 94], "summary": {"covered_lines": 7, "num_statements": 72, "percent_covered": 9.722222222222221, "percent_covered_display": "10", "missing_lines": 65, "excluded_lines": 0, "percent_statements_covered": 9.722222222222221, "percent_statements_covered_display": "10"}, "missing_lines": [10, 13, 14, 17, 18, 21, 24, 25, 28, 29, 32, 33, 39, 40, 41, 42, 43, 44, 47, 48, 49, 50, 51, 52, 55, 56, 57, 58, 59, 60, 63, 64, 65, 66, 67, 68, 71, 72, 73, 74, 75, 76, 79, 80, 81, 82, 83, 84, 87, 88, 91, 96, 97, 98, 100, 101, 102, 103, 104, 105, 106, 107, 109, 112, 113], "excluded_lines": [], "functions": {"create_app": {"executed_lines": [], "summary": {"covered_lines": 0, "num_statements": 51, "percent_covered": 0.0, "percent_covered_display": "0", "missing_lines": 51, "excluded_lines": 0, "percent_statements_covered": 0.0, "percent_statements_covered_display": "0"}, "missing_lines": [10, 13, 14, 17, 18, 21, 24, 25, 28, 29, 32, 33, 39, 40, 41, 42, 43, 44, 47, 48, 49, 50, 51, 52, 55, 56, 57, 58, 59, 60, 63, 64, 65, 66, 67, 68, 71, 72, 73, 74, 75, 76, 79, 80, 81, 82, 83, 84, 87, 88, 91], "excluded_lines": [], "start_line": 8}, "init_db": {"executed_lines": [], "summary": {"covered_lines": 0, "num_statements": 14, "percent_covered": 0.0, "percent_covered_display": "0", "missing_lines": 14, "excluded_lines": 0, "percent_statements_covered": 0.0, "percent_statements_covered_display": "0"}, "missing_lines": [96, 97, 98, 100, 101, 102, 103, 104, 105, 106, 107, 109, 112, 113], "excluded_lines": [], "start_line": 94}, "": {"executed_lines": [1, 2, 3, 4, 5, 8, 94], "summary": {"covered_lines": 7, "num_statements": 7, "percent_covered": 100.0, "percent_covered_display": "100", "missing_lines": 0, "excluded_lines": 0, "percent_statements_covered": 100.0, "percent_statements_covered_display": "100"}, "missing_lines": [], "excluded_lines": [], "start_line": 1}}, "classes": {"": {"executed_lines": [1, 2, 3, 4, 5, 8, 94], "summary": {"covered_lines": 7, "num_statements": 72, "percent_covered": 9.722222222222221, "percent_covered_display": "10", "missing_lines": 65, "excluded_lines": 0, "percent_statements_covered": 9.722222222222221, "percent_statements_covered_display": "10"}, "missing_lines": [10, 13, 14, 17, 18, 21, 24, 25, 28, 29, 32, 33, 39, 40, 41, 42, 43, 44, 47, 48, 49, 50, 51, 52, 55, 56, 57, 58, 59, 60, 63, 64, 65, 66, 67, 68, 71, 72, 73, 74, 75, 76, 79, 80, 81, 82, 83, 84, 87, 88, 91, 96, 97, 98, 100, 101, 102, 103, 104, 105, 106, 107, 109, 112, 113], "excluded_lines": [], "start_line": 1}}}, "src/controllers/__init__.py": {"executed_lines": [], "summary": {"covered_lines": 0, "num_statements": 7, "percent_covered": 0.0, "percent_covered_display": "0", "missing_lines": 7, "excluded_lines": 0, "percent_statements_covered": 0.0, "percent_statements_covered_display": "0"}, "missing_lines": [6, 7, 8, 9, 10, 11, 13], "excluded_lines": [], "functions": {"": {"executed_lines": [], "summary": {"covered_lines": 0, "num_statements": 7, "percent_covered": 0.0, "percent_covered_display": "0", "missing_lines": 7, "excluded_lines": 0, "percent_statements_covered": 0.0, "percent_statements_covered_display": "0"}, "missing_lines": [6, 7, 8, 9, 10, 11, 13], "excluded_lines": [], "start_line": 1}}, "classes": {"": {"executed_lines": [], "summary": {"covered_lines": 0, "num_statements": 7, "percent_covered": 0.0, "percent_covered_display": "0", "missing_lines": 7, "excluded_lines": 0, "percent_statements_covered": 0.0, "percent_statements_covered_display": "0"}, "missing_lines": [6, 7, 8, 9, 10, 11, 13], "excluded_lines": [], "start_line": 1}}}, "src/controllers/events.py": {"executed_lines": [], "summary": {"covered_lines": 0, "num_statements": 58, "percent_covered": 0.0, "percent_covered_display": "0", "missing_lines": 58, "excluded_lines": 0, "percent_statements_covered": 0.0, "percent_statements_covered_display": "0"}, "missing_lines": [6, 7, 9, 10, 17, 18, 20, 21, 22, 23, 24, 25, 26, 29, 30, 32, 33, 34, 35, 36, 37, 38, 41, 42, 44, 45, 46, 47, 48, 49, 50, 57, 58, 60, 61, 62, 63, 64, 65, 66, 69, 70, 72, 73, 74, 75, 76, 77, 78, 81, 82, 84, 85, 86, 87, 88, 89, 90], "excluded_lines": [], "functions": {"product_created": {"executed_lines": [], "summary": {"covered_lines": 0, "num_statements": 7, "percent_covered": 0.0, "percent_covered_display": "0", "missing_lines": 7, "excluded_lines": 0, "percent_statements_covered": 0.0, "percent_statements_covered_display": "0"}, "missing_lines": [20, 21, 22, 23, 24, 25, 26], "excluded_lines": [], "start_line": 18}, "product_updated": {"executed_lines": [], "summary": {"covered_lines": 0, "num_statements": 7, "percent_covered": 0.0, "percent_covered_display": "0", "missing_lines": 7, "excluded_lines": 0, "percent_statements_covered": 0.0, "percent_statements_covered_display": "0"}, "missing_lines": [32, 33, 34, 35, 36, 37, 38], "excluded_lines": [], "start_line": 30}, "product_deleted": {"executed_lines": [], "summary": {"covered_lines": 0, "num_statements": 7, "percent_covered": 0.0, "percent_covered_display": "0", "missing_lines": 7, "excluded_lines": 0, "percent_statements_covered": 0.0, "percent_statements_covered_display": "0"}, "missing_lines": [44, 45, 46, 47, 48, 49, 50], "excluded_lines": [], "start_line": 42}, "order_created": {"executed_lines": [], "summary": {"covered_lines": 0, "num_statements": 7, "percent_covered": 0.0, "percent_covered_display": "0", "missing_lines": 7, "excluded_lines": 0, "percent_statements_covered": 0.0, "percent_statements_covered_display": "0"}, "missing_lines": [60, 61, 62, 63, 64, 65, 66], "excluded_lines": [], "start_line": 58}, "order_cancelled": {"executed_lines": [], "summary": {"covered_lines": 0, "num_statements": 7, "percent_covered": 0.0, "percent_covered_display": "0", "missing_lines": 7, "excluded_lines": 0, "percent_statements_covered": 0.0, "percent_statements_covered_display": "0"}, "missing_lines": [72, 73, 74, 75, 76, 77, 78], "excluded_lines": [], "start_line": 70}, "order_completed": {"executed_lines": [], "summary": {"covered_lines": 0, "num_statements": 7, "percent_covered": 0.0, "percent_covered_display": "0", "missing_lines": 7, "excluded_lines": 0, "percent_statements_covered": 0.0, "percent_statements_covered_display": "0"}, "missing_lines": [84, 85, 86, 87, 88, 89, 90], "excluded_lines": [], "start_line": 82}, "": {"executed_lines": [], "summary": {"covered_lines": 0, "num_statements": 16, "percent_covered": 0.0, "percent_covered_display": "0", "missing_lines": 16, "excluded_lines": 0, "percent_statements_covered": 0.0, "percent_statements_covered_display": "0"}, "missing_lines": [6, 7, 9, 10, 17, 18, 29, 30, 41, 42, 57, 58, 69, 70, 81, 82], "excluded_lines": [], "start_line": 1}}, "classes": {"": {"executed_lines": [], "summary": {"covered_lines": 0, "num_statements": 58, "percent_covered": 0.0, "percent_covered_display": "0", "missing_lines": 58, "excluded_lines": 0, "percent_statements_covered": 0.0, "percent_statements_covered_display": "0"}, "missing_lines": [6, 7, 9, 10, 17, 18, 20, 21, 22, 23, 24, 25, 26, 29, 30, 32, 33, 34, 35, 36, 37, 38, 41, 42, 44, 45, 46, 47, 48, 49, 50, 57, 58, 60, 61, 62, 63, 64, 65, 66, 69, 70, 72, 73, 74, 75, 76, 77, 78, 81, 82, 84, 85, 86, 87, 88, 89, 90], "excluded_lines": [], "start_line": 1}}}, "src/controllers/home.py": {"executed_lines": [], "summary": {"covered_lines": 0, "num_statements": 9, "percent_covered": 0.0, "percent_covered_display": "0", "missing_lines": 9, "excluded_lines": 0, "percent_statements_covered": 0.0, "percent_statements_covered_display": "0"}, "missing_lines": [5, 6, 9, 12, 13, 15, 23, 24, 26], "excluded_lines": [], "functions": {"info": {"executed_lines": [], "summary": {"covered_lines": 0, "num_statements": 1, "percent_covered": 0.0, "percent_covered_display": "0", "missing_lines": 1, "excluded_lines": 0, "percent_statements_covered": 0.0, "percent_statements_covered_display": "0"}, "missing_lines": [15], "excluded_lines": [], "start_line": 13}, "version": {"executed_lines": [], "summary": {"covered_lines": 0, "num_statements": 1, "percent_covered": 0.0, "percent_covered_display": "0", "missing_lines": 1, "excluded_lines": 0, "percent_statements_covered": 0.0, "percent_statements_covered_display": "0"}, "missing_lines": [26], "excluded_lines": [], "start_line": 24}, "": {"executed_lines": [], "summary": {"covered_lines": 0, "num_statements": 7, "percent_covered": 0.0, "percent_covered_display": "0", "missing_lines": 7, "excluded_lines": 0, "percent_statements_covered": 0.0, "percent_statements_covered_display": "0"}, "missing_lines": [5, 6, 9, 12, 13, 23, 24], "excluded_lines": [], "start_line": 1}}, "classes": {"": {"executed_lines": [], "summary": {"covered_lines": 0, "num_statements": 9, "percent_covered": 0.0, "percent_covered_display": "0", "missing_lines": 9, "excluded_lines": 0, "percent_statements_covered": 0.0, "percent_statements_covered_display": "0"}, "missing_lines": [5, 6, 9, 12, 13, 15, 23, 24, 26], "excluded_lines": [], "start_line": 1}}}, "src/controllers/inventory.py": {"executed_lines": [], "summary": {"covered_lines": 0, "num_statements": 211, "percent_covered": 0.0, "percent_covered_display": "0", "missing_lines": 211, "excluded_lines": 0, "percent_statements_covered": 0.0, "percent_statements_covered_display": "0"}, "missing_lines": [5, 6, 7, 8, 9, 10, 15, 16, 20, 22, 25, 26, 30, 33, 34, 35, 36, 37, 38, 41, 43, 56, 64, 68, 71, 72, 73, 74, 75, 76, 78, 80, 82, 83, 86, 88, 98, 99, 100, 101, 102, 104, 105, 106, 107, 109, 111, 113, 114, 117, 118, 125, 126, 128, 129, 130, 131, 132, 133, 134, 136, 137, 139, 141, 143, 144, 146, 148, 149, 150, 151, 152, 154, 155, 157, 159, 160, 162, 163, 164, 166, 167, 169, 170, 171, 172, 177, 178, 184, 186, 187, 188, 190, 191, 192, 193, 195, 196, 197, 199, 200, 202, 203, 205, 206, 207, 209, 210, 211, 212, 213, 215, 217, 219, 220, 222, 223, 226, 227, 233, 234, 236, 237, 238, 239, 240, 241, 242, 244, 245, 246, 248, 249, 250, 252, 253, 256, 258, 259, 260, 262, 263, 264, 265, 266, 267, 269, 271, 272, 274, 275, 277, 278, 281, 282, 283, 284, 291, 292, 293, 298, 305, 306, 308, 309, 310, 311, 312, 313, 314, 316, 317, 318, 319, 321, 322, 323, 326, 327, 328, 329, 330, 332, 334, 337, 338, 339, 341, 342, 344, 346, 347, 348, 350, 351, 352, 353, 355, 357, 358, 359, 361, 362, 363, 366, 369, 370, 372, 374, 375, 376], "excluded_lines": [], "functions": {"get_inventory_models": {"executed_lines": [], "summary": {"covered_lines": 0, "num_statements": 3, "percent_covered": 0.0, "percent_covered_display": "0", "missing_lines": 3, "excluded_lines": 0, "percent_statements_covered": 0.0, "percent_statements_covered_display": "0"}, "missing_lines": [43, 56, 64], "excluded_lines": [], "start_line": 41}, "InventoryList.get": {"executed_lines": [], "summary": {"covered_lines": 0, "num_statements": 11, "percent_covered": 0.0, "percent_covered_display": "0", "missing_lines": 11, "excluded_lines": 0, "percent_statements_covered": 0.0, "percent_statements_covered_display": "0"}, "missing_lines": [78, 80, 82, 83, 86, 88, 98, 99, 100, 101, 102], "excluded_lines": [], "start_line": 76}, "InventoryList.post": {"executed_lines": [], "summary": {"covered_lines": 0, "num_statements": 15, "percent_covered": 0.0, "percent_covered_display": "0", "missing_lines": 15, "excluded_lines": 0, "percent_statements_covered": 0.0, "percent_statements_covered_display": "0"}, "missing_lines": [109, 111, 113, 114, 117, 118, 125, 126, 128, 129, 130, 131, 132, 133, 134], "excluded_lines": [], "start_line": 107}, "InventoryList.put": {"executed_lines": [], "summary": {"covered_lines": 0, "num_statements": 10, "percent_covered": 0.0, "percent_covered_display": "0", "missing_lines": 10, "excluded_lines": 0, "percent_statements_covered": 0.0, "percent_statements_covered_display": "0"}, "missing_lines": [139, 141, 143, 144, 146, 148, 149, 150, 151, 152], "excluded_lines": [], "start_line": 137}, "InventoryList.delete": {"executed_lines": [], "summary": {"covered_lines": 0, "num_statements": 18, "percent_covered": 0.0, "percent_covered_display": "0", "missing_lines": 18, "excluded_lines": 0, "percent_statements_covered": 0.0, "percent_statements_covered_display": "0"}, "missing_lines": [157, 159, 160, 162, 163, 164, 166, 167, 169, 170, 171, 172, 177, 178, 184, 186, 187, 188], "excluded_lines": [], "start_line": 155}, "InventoryItem.get": {"executed_lines": [], "summary": {"covered_lines": 0, "num_statements": 10, "percent_covered": 0.0, "percent_covered_display": "0", "missing_lines": 10, "excluded_lines": 0, "percent_statements_covered": 0.0, "percent_statements_covered_display": "0"}, "missing_lines": [195, 196, 197, 199, 200, 202, 203, 205, 206, 207], "excluded_lines": [], "start_line": 193}, "InventoryItem.put": {"executed_lines": [], "summary": {"covered_lines": 0, "num_statements": 17, "percent_covered": 0.0, "percent_covered_display": "0", "missing_lines": 17, "excluded_lines": 0, "percent_statements_covered": 0.0, "percent_statements_covered_display": "0"}, "missing_lines": [215, 217, 219, 220, 222, 223, 226, 227, 233, 234, 236, 237, 238, 239, 240, 241, 242], "excluded_lines": [], "start_line": 213}, "InventoryItem.delete": {"executed_lines": [], "summary": {"covered_lines": 0, "num_statements": 9, "percent_covered": 0.0, "percent_covered_display": "0", "missing_lines": 9, "excluded_lines": 0, "percent_statements_covered": 0.0, "percent_statements_covered_display": "0"}, "missing_lines": [248, 249, 250, 252, 253, 256, 258, 259, 260], "excluded_lines": [], "start_line": 246}, "StockAdjustment.post": {"executed_lines": [], "summary": {"covered_lines": 0, "num_statements": 24, "percent_covered": 0.0, "percent_covered_display": "0", "missing_lines": 24, "excluded_lines": 0, "percent_statements_covered": 0.0, "percent_statements_covered_display": "0"}, "missing_lines": [269, 271, 272, 274, 275, 277, 278, 281, 282, 283, 284, 291, 292, 293, 298, 305, 306, 308, 309, 310, 311, 312, 313, 314], "excluded_lines": [], "start_line": 267}, "CheckAvailability.post": {"executed_lines": [], "summary": {"covered_lines": 0, "num_statements": 19, "percent_covered": 0.0, "percent_covered_display": "0", "missing_lines": 19, "excluded_lines": 0, "percent_statements_covered": 0.0, "percent_statements_covered_display": "0"}, "missing_lines": [321, 322, 323, 326, 327, 328, 329, 330, 332, 334, 337, 338, 339, 341, 342, 344, 346, 347, 348], "excluded_lines": [], "start_line": 319}, "BatchInventoryRetrieval.post": {"executed_lines": [], "summary": {"covered_lines": 0, "num_statements": 14, "percent_covered": 0.0, "percent_covered_display": "0", "missing_lines": 14, "excluded_lines": 0, "percent_statements_covered": 0.0, "percent_statements_covered_display": "0"}, "missing_lines": [355, 357, 358, 359, 361, 362, 363, 366, 369, 370, 372, 374, 375, 376], "excluded_lines": [], "start_line": 353}, "": {"executed_lines": [], "summary": {"covered_lines": 0, "num_statements": 61, "percent_covered": 0.0, "percent_covered_display": "0", "missing_lines": 61, "excluded_lines": 0, "percent_statements_covered": 0.0, "percent_statements_covered_display": "0"}, "missing_lines": [5, 6, 7, 8, 9, 10, 15, 16, 20, 22, 25, 26, 30, 33, 34, 35, 36, 37, 38, 41, 68, 71, 72, 73, 74, 75, 76, 104, 105, 106, 107, 136, 137, 154, 155, 190, 191, 192, 193, 209, 210, 211, 212, 213, 244, 245, 246, 262, 263, 264, 265, 266, 267, 316, 317, 318, 319, 350, 351, 352, 353], "excluded_lines": [], "start_line": 1}}, "classes": {"InventoryList": {"executed_lines": [], "summary": {"covered_lines": 0, "num_statements": 54, "percent_covered": 0.0, "percent_covered_display": "0", "missing_lines": 54, "excluded_lines": 0, "percent_statements_covered": 0.0, "percent_statements_covered_display": "0"}, "missing_lines": [78, 80, 82, 83, 86, 88, 98, 99, 100, 101, 102, 109, 111, 113, 114, 117, 118, 125, 126, 128, 129, 130, 131, 132, 133, 134, 139, 141, 143, 144, 146, 148, 149, 150, 151, 152, 157, 159, 160, 162, 163, 164, 166, 167, 169, 170, 171, 172, 177, 178, 184, 186, 187, 188], "excluded_lines": [], "start_line": 72}, "InventoryItem": {"executed_lines": [], "summary": {"covered_lines": 0, "num_statements": 36, "percent_covered": 0.0, "percent_covered_display": "0", "missing_lines": 36, "excluded_lines": 0, "percent_statements_covered": 0.0, "percent_statements_covered_display": "0"}, "missing_lines": [195, 196, 197, 199, 200, 202, 203, 205, 206, 207, 215, 217, 219, 220, 222, 223, 226, 227, 233, 234, 236, 237, 238, 239, 240, 241, 242, 248, 249, 250, 252, 253, 256, 258, 259, 260], "excluded_lines": [], "start_line": 191}, "StockAdjustment": {"executed_lines": [], "summary": {"covered_lines": 0, "num_statements": 24, "percent_covered": 0.0, "percent_covered_display": "0", "missing_lines": 24, "excluded_lines": 0, "percent_statements_covered": 0.0, "percent_statements_covered_display": "0"}, "missing_lines": [269, 271, 272, 274, 275, 277, 278, 281, 282, 283, 284, 291, 292, 293, 298, 305, 306, 308, 309, 310, 311, 312, 313, 314], "excluded_lines": [], "start_line": 263}, "CheckAvailability": {"executed_lines": [], "summary": {"covered_lines": 0, "num_statements": 19, "percent_covered": 0.0, "percent_covered_display": "0", "missing_lines": 19, "excluded_lines": 0, "percent_statements_covered": 0.0, "percent_statements_covered_display": "0"}, "missing_lines": [321, 322, 323, 326, 327, 328, 329, 330, 332, 334, 337, 338, 339, 341, 342, 344, 346, 347, 348], "excluded_lines": [], "start_line": 317}, "BatchInventoryRetrieval": {"executed_lines": [], "summary": {"covered_lines": 0, "num_statements": 14, "percent_covered": 0.0, "percent_covered_display": "0", "missing_lines": 14, "excluded_lines": 0, "percent_statements_covered": 0.0, "percent_statements_covered_display": "0"}, "missing_lines": [355, 357, 358, 359, 361, 362, 363, 366, 369, 370, 372, 374, 375, 376], "excluded_lines": [], "start_line": 351}, "": {"executed_lines": [], "summary": {"covered_lines": 0, "num_statements": 64, "percent_covered": 0.0, "percent_covered_display": "0", "missing_lines": 64, "excluded_lines": 0, "percent_statements_covered": 0.0, "percent_statements_covered_display": "0"}, "missing_lines": [5, 6, 7, 8, 9, 10, 15, 16, 20, 22, 25, 26, 30, 33, 34, 35, 36, 37, 38, 41, 43, 56, 64, 68, 71, 72, 73, 74, 75, 76, 104, 105, 106, 107, 136, 137, 154, 155, 190, 191, 192, 193, 209, 210, 211, 212, 213, 244, 245, 246, 262, 263, 264, 265, 266, 267, 316, 317, 318, 319, 350, 351, 352, 353], "excluded_lines": [], "start_line": 1}}}, "src/controllers/operational.py": {"executed_lines": [], "summary": {"covered_lines": 0, "num_statements": 39, "percent_covered": 0.0, "percent_covered_display": "0", "missing_lines": 39, "excluded_lines": 0, "percent_statements_covered": 0.0, "percent_statements_covered_display": "0"}, "missing_lines": [6, 7, 8, 9, 10, 16, 19, 22, 23, 25, 34, 35, 37, 38, 41, 47, 49, 58, 59, 60, 69, 70, 72, 73, 76, 77, 82, 84, 93, 94, 95, 104, 105, 107, 108, 110, 115, 116, 117], "excluded_lines": [], "functions": {"health": {"executed_lines": [], "summary": {"covered_lines": 0, "num_statements": 1, "percent_covered": 0.0, "percent_covered_display": "0", "missing_lines": 1, "excluded_lines": 0, "percent_statements_covered": 0.0, "percent_statements_covered_display": "0"}, "missing_lines": [25], "excluded_lines": [], "start_line": 23}, "readiness": {"executed_lines": [], "summary": {"covered_lines": 0, "num_statements": 8, "percent_covered": 0.0, "percent_covered_display": "0", "missing_lines": 8, "excluded_lines": 0, "percent_statements_covered": 0.0, "percent_statements_covered_display": "0"}, "missing_lines": [37, 38, 41, 47, 49, 58, 59, 60], "excluded_lines": [], "start_line": 35}, "liveness": {"executed_lines": [], "summary": {"covered_lines": 0, "num_statements": 9, "percent_covered": 0.0, "percent_covered_display": "0", "missing_lines": 9, "excluded_lines": 0, "percent_statements_covered": 0.0, "percent_statements_covered_display": "0"}, "missing_lines": [72, 73, 76, 77, 82, 84, 93, 94, 95], "excluded_lines": [], "start_line": 70}, "metrics": {"executed_lines": [], "summary": {"covered_lines": 0, "num_statements": 6, "percent_covered": 0.0, "percent_covered_display": "0", "missing_lines": 6, "excluded_lines": 0, "percent_statements_covered": 0.0, "percent_statements_covered_display": "0"}, "missing_lines": [107, 108, 110, 115, 116, 117], "excluded_lines": [], "start_line": 105}, "": {"executed_lines": [], "summary": {"covered_lines": 0, "num_statements": 15, "percent_covered": 0.0, "percent_covered_display": "0", "missing_lines": 15, "excluded_lines": 0, "percent_statements_covered": 0.0, "percent_statements_covered_display": "0"}, "missing_lines": [6, 7, 8, 9, 10, 16, 19, 22, 23, 34, 35, 69, 70, 104, 105], "excluded_lines": [], "start_line": 1}}, "classes": {"": {"executed_lines": [], "summary": {"covered_lines": 0, "num_statements": 39, "percent_covered": 0.0, "percent_covered_display": "0", "missing_lines": 39, "excluded_lines": 0, "percent_statements_covered": 0.0, "percent_statements_covered_display": "0"}, "missing_lines": [6, 7, 8, 9, 10, 16, 19, 22, 23, 25, 34, 35, 37, 38, 41, 47, 49, 58, 59, 60, 69, 70, 72, 73, 76, 77, 82, 84, 93, 94, 95, 104, 105, 107, 108, 110, 115, 116, 117], "excluded_lines": [], "start_line": 1}}}, "src/controllers/reservations.py": {"executed_lines": [], "summary": {"covered_lines": 0, "num_statements": 130, "percent_covered": 0.0, "percent_covered_display": "0", "missing_lines": 130, "excluded_lines": 0, "percent_statements_covered": 0.0, "percent_statements_covered_display": "0"}, "missing_lines": [5, 6, 7, 8, 9, 13, 17, 19, 22, 23, 27, 30, 31, 32, 35, 37, 50, 54, 57, 58, 59, 60, 61, 63, 65, 66, 67, 68, 69, 71, 72, 80, 82, 92, 93, 94, 96, 97, 98, 99, 101, 103, 105, 106, 108, 110, 111, 113, 114, 116, 117, 118, 119, 120, 121, 122, 124, 125, 126, 127, 128, 130, 131, 132, 134, 135, 137, 138, 140, 141, 142, 144, 145, 147, 148, 149, 151, 152, 154, 156, 157, 158, 160, 161, 162, 163, 165, 167, 168, 170, 171, 173, 174, 176, 177, 179, 181, 182, 183, 184, 185, 187, 188, 189, 190, 192, 193, 194, 196, 197, 199, 204, 205, 206, 207, 208, 210, 211, 212, 213, 215, 217, 219, 220, 225, 227, 228, 229, 230, 231], "excluded_lines": [], "functions": {"get_reservation_models": {"executed_lines": [], "summary": {"covered_lines": 0, "num_statements": 2, "percent_covered": 0.0, "percent_covered_display": "0", "missing_lines": 2, "excluded_lines": 0, "percent_statements_covered": 0.0, "percent_statements_covered_display": "0"}, "missing_lines": [37, 50], "excluded_lines": [], "start_line": 35}, "ReservationList.get": {"executed_lines": [], "summary": {"covered_lines": 0, "num_statements": 13, "percent_covered": 0.0, "percent_covered_display": "0", "missing_lines": 13, "excluded_lines": 0, "percent_statements_covered": 0.0, "percent_statements_covered_display": "0"}, "missing_lines": [63, 65, 66, 67, 68, 69, 71, 72, 80, 82, 92, 93, 94], "excluded_lines": [], "start_line": 61}, "ReservationList.post": {"executed_lines": [], "summary": {"covered_lines": 0, "num_statements": 16, "percent_covered": 0.0, "percent_covered_display": "0", "missing_lines": 16, "excluded_lines": 0, "percent_statements_covered": 0.0, "percent_statements_covered_display": "0"}, "missing_lines": [101, 103, 105, 106, 108, 110, 111, 113, 114, 116, 117, 118, 119, 120, 121, 122], "excluded_lines": [], "start_line": 99}, "Reservation.get": {"executed_lines": [], "summary": {"covered_lines": 0, "num_statements": 10, "percent_covered": 0.0, "percent_covered_display": "0", "missing_lines": 10, "excluded_lines": 0, "percent_statements_covered": 0.0, "percent_statements_covered_display": "0"}, "missing_lines": [130, 131, 132, 134, 135, 137, 138, 140, 141, 142], "excluded_lines": [], "start_line": 128}, "Reservation.delete": {"executed_lines": [], "summary": {"covered_lines": 0, "num_statements": 9, "percent_covered": 0.0, "percent_covered_display": "0", "missing_lines": 9, "excluded_lines": 0, "percent_statements_covered": 0.0, "percent_statements_covered_display": "0"}, "missing_lines": [147, 148, 149, 151, 152, 154, 156, 157, 158], "excluded_lines": [], "start_line": 145}, "ReservationConfirmSingle.post": {"executed_lines": [], "summary": {"covered_lines": 0, "num_statements": 15, "percent_covered": 0.0, "percent_covered_display": "0", "missing_lines": 15, "excluded_lines": 0, "percent_statements_covered": 0.0, "percent_statements_covered_display": "0"}, "missing_lines": [165, 167, 168, 170, 171, 173, 174, 176, 177, 179, 181, 182, 183, 184, 185], "excluded_lines": [], "start_line": 163}, "ReservationRelease.post": {"executed_lines": [], "summary": {"covered_lines": 0, "num_statements": 11, "percent_covered": 0.0, "percent_covered_display": "0", "missing_lines": 11, "excluded_lines": 0, "percent_statements_covered": 0.0, "percent_statements_covered_display": "0"}, "missing_lines": [192, 193, 194, 196, 197, 199, 204, 205, 206, 207, 208], "excluded_lines": [], "start_line": 190}, "ReservationConfirm.post": {"executed_lines": [], "summary": {"covered_lines": 0, "num_statements": 10, "percent_covered": 0.0, "percent_covered_display": "0", "missing_lines": 10, "excluded_lines": 0, "percent_statements_covered": 0.0, "percent_statements_covered_display": "0"}, "missing_lines": [215, 217, 219, 220, 225, 227, 228, 229, 230, 231], "excluded_lines": [], "start_line": 213}, "": {"executed_lines": [], "summary": {"covered_lines": 0, "num_statements": 44, "percent_covered": 0.0, "percent_covered_display": "0", "missing_lines": 44, "excluded_lines": 0, "percent_statements_covered": 0.0, "percent_statements_covered_display": "0"}, "missing_lines": [5, 6, 7, 8, 9, 13, 17, 19, 22, 23, 27, 30, 31, 32, 35, 54, 57, 58, 59, 60, 61, 96, 97, 98, 99, 124, 125, 126, 127, 128, 144, 145, 160, 161, 162, 163, 187, 188, 189, 190, 210, 211, 212, 213], "excluded_lines": [], "start_line": 1}}, "classes": {"ReservationList": {"executed_lines": [], "summary": {"covered_lines": 0, "num_statements": 29, "percent_covered": 0.0, "percent_covered_display": "0", "missing_lines": 29, "excluded_lines": 0, "percent_statements_covered": 0.0, "percent_statements_covered_display": "0"}, "missing_lines": [63, 65, 66, 67, 68, 69, 71, 72, 80, 82, 92, 93, 94, 101, 103, 105, 106, 108, 110, 111, 113, 114, 116, 117, 118, 119, 120, 121, 122], "excluded_lines": [], "start_line": 58}, "Reservation": {"executed_lines": [], "summary": {"covered_lines": 0, "num_statements": 19, "percent_covered": 0.0, "percent_covered_display": "0", "missing_lines": 19, "excluded_lines": 0, "percent_statements_covered": 0.0, "percent_statements_covered_display": "0"}, "missing_lines": [130, 131, 132, 134, 135, 137, 138, 140, 141, 142, 147, 148, 149, 151, 152, 154, 156, 157, 158], "excluded_lines": [], "start_line": 125}, "ReservationConfirmSingle": {"executed_lines": [], "summary": {"covered_lines": 0, "num_statements": 15, "percent_covered": 0.0, "percent_covered_display": "0", "missing_lines": 15, "excluded_lines": 0, "percent_statements_covered": 0.0, "percent_statements_covered_display": "0"}, "missing_lines": [165, 167, 168, 170, 171, 173, 174, 176, 177, 179, 181, 182, 183, 184, 185], "excluded_lines": [], "start_line": 161}, "ReservationRelease": {"executed_lines": [], "summary": {"covered_lines": 0, "num_statements": 11, "percent_covered": 0.0, "percent_covered_display": "0", "missing_lines": 11, "excluded_lines": 0, "percent_statements_covered": 0.0, "percent_statements_covered_display": "0"}, "missing_lines": [192, 193, 194, 196, 197, 199, 204, 205, 206, 207, 208], "excluded_lines": [], "start_line": 188}, "ReservationConfirm": {"executed_lines": [], "summary": {"covered_lines": 0, "num_statements": 10, "percent_covered": 0.0, "percent_covered_display": "0", "missing_lines": 10, "excluded_lines": 0, "percent_statements_covered": 0.0, "percent_statements_covered_display": "0"}, "missing_lines": [215, 217, 219, 220, 225, 227, 228, 229, 230, 231], "excluded_lines": [], "start_line": 211}, "": {"executed_lines": [], "summary": {"covered_lines": 0, "num_statements": 46, "percent_covered": 0.0, "percent_covered_display": "0", "missing_lines": 46, "excluded_lines": 0, "percent_statements_covered": 0.0, "percent_statements_covered_display": "0"}, "missing_lines": [5, 6, 7, 8, 9, 13, 17, 19, 22, 23, 27, 30, 31, 32, 35, 37, 50, 54, 57, 58, 59, 60, 61, 96, 97, 98, 99, 124, 125, 126, 127, 128, 144, 145, 160, 161, 162, 163, 187, 188, 189, 190, 210, 211, 212, 213], "excluded_lines": [], "start_line": 1}}}, "src/controllers/stats.py": {"executed_lines": [], "summary": {"covered_lines": 0, "num_statements": 15, "percent_covered": 0.0, "percent_covered_display": "0", "missing_lines": 15, "excluded_lines": 0, "percent_statements_covered": 0.0, "percent_statements_covered_display": "0"}, "missing_lines": [5, 6, 7, 9, 12, 15, 18, 19, 32, 33, 43, 44, 46, 47, 48], "excluded_lines": [], "functions": {"get_inventory_stats": {"executed_lines": [], "summary": {"covered_lines": 0, "num_statements": 7, "percent_covered": 0.0, "percent_covered_display": "0", "missing_lines": 7, "excluded_lines": 0, "percent_statements_covered": 0.0, "percent_statements_covered_display": "0"}, "missing_lines": [32, 33, 43, 44, 46, 47, 48], "excluded_lines": [], "start_line": 19}, "": {"executed_lines": [], "summary": {"covered_lines": 0, "num_statements": 8, "percent_covered": 0.0, "percent_covered_display": "0", "missing_lines": 8, "excluded_lines": 0, "percent_statements_covered": 0.0, "percent_statements_covered_display": "0"}, "missing_lines": [5, 6, 7, 9, 12, 15, 18, 19], "excluded_lines": [], "start_line": 1}}, "classes": {"": {"executed_lines": [], "summary": {"covered_lines": 0, "num_statements": 15, "percent_covered": 0.0, "percent_covered_display": "0", "missing_lines": 15, "excluded_lines": 0, "percent_statements_covered": 0.0, "percent_statements_covered_display": "0"}, "missing_lines": [5, 6, 7, 9, 12, 15, 18, 19, 32, 33, 43, 44, 46, 47, 48], "excluded_lines": [], "start_line": 1}}}, "src/database.py": {"executed_lines": [5, 6, 9, 10, 13], "summary": {"covered_lines": 5, "num_statements": 8, "percent_covered": 62.5, "percent_covered_display": "62", "missing_lines": 3, "excluded_lines": 0, "percent_statements_covered": 62.5, "percent_statements_covered_display": "62"}, "missing_lines": [15, 16, 17], "excluded_lines": [], "functions": {"init_db": {"executed_lines": [], "summary": {"covered_lines": 0, "num_statements": 3, "percent_covered": 0.0, "percent_covered_display": "0", "missing_lines": 3, "excluded_lines": 0, "percent_statements_covered": 0.0, "percent_statements_covered_display": "0"}, "missing_lines": [15, 16, 17], "excluded_lines": [], "start_line": 13}, "": {"executed_lines": [5, 6, 9, 10, 13], "summary": {"covered_lines": 5, "num_statements": 5, "percent_covered": 100.0, "percent_covered_display": "100", "missing_lines": 0, "excluded_lines": 0, "percent_statements_covered": 100.0, "percent_statements_covered_display": "100"}, "missing_lines": [], "excluded_lines": [], "start_line": 1}}, "classes": {"": {"executed_lines": [5, 6, 9, 10, 13], "summary": {"covered_lines": 5, "num_statements": 8, "percent_covered": 62.5, "percent_covered_display": "62", "missing_lines": 3, "excluded_lines": 0, "percent_statements_covered": 62.5, "percent_statements_covered_display": "62"}, "missing_lines": [15, 16, 17], "excluded_lines": [], "start_line": 1}}}, "src/messaging/__init__.py": {"executed_lines": [5, 6, 8], "summary": {"covered_lines": 3, "num_statements": 3, "percent_covered": 100.0, "percent_covered_display": "100", "missing_lines": 0, "excluded_lines": 0, "percent_statements_covered": 100.0, "percent_statements_covered_display": "100"}, "missing_lines": [], "excluded_lines": [], "functions": {"": {"executed_lines": [5, 6, 8], "summary": {"covered_lines": 3, "num_statements": 3, "percent_covered": 100.0, "percent_covered_display": "100", "missing_lines": 0, "excluded_lines": 0, "percent_statements_covered": 100.0, "percent_statements_covered_display": "100"}, "missing_lines": [], "excluded_lines": [], "start_line": 1}}, "classes": {"": {"executed_lines": [5, 6, 8], "summary": {"covered_lines": 3, "num_statements": 3, "percent_covered": 100.0, "percent_covered_display": "100", "missing_lines": 0, "excluded_lines": 0, "percent_statements_covered": 100.0, "percent_statements_covered_display": "100"}, "missing_lines": [], "excluded_lines": [], "start_line": 1}}}, "src/messaging/dapr_provider.py": {"executed_lines": [10, 11, 12, 13, 15, 17, 20, 26, 35, 36, 37, 39, 52, 54, 55, 58, 59, 66, 74, 76, 77, 85, 87, 89], "summary": {"covered_lines": 24, "num_statements": 25, "percent_covered": 96.0, "percent_covered_display": "96", "missing_lines": 1, "excluded_lines": 0, "percent_statements_covered": 96.0, "percent_statements_covered_display": "96"}, "missing_lines": [56], "excluded_lines": [], "functions": {"DaprProvider.__init__": {"executed_lines": [35, 36, 37], "summary": {"covered_lines": 3, "num_statements": 3, "percent_covered": 100.0, "percent_covered_display": "100", "missing_lines": 0, "excluded_lines": 0, "percent_statements_covered": 100.0, "percent_statements_covered_display": "100"}, "missing_lines": [], "excluded_lines": [], "start_line": 26}, "DaprProvider.publish_event": {"executed_lines": [52, 54, 55, 58, 59, 66, 74, 76, 77, 85], "summary": {"covered_lines": 10, "num_statements": 11, "percent_covered": 90.9090909090909, "percent_covered_display": "91", "missing_lines": 1, "excluded_lines": 0, "percent_statements_covered": 90.9090909090909, "percent_statements_covered_display": "91"}, "missing_lines": [56], "excluded_lines": [], "start_line": 39}, "DaprProvider.close": {"executed_lines": [89], "summary": {"covered_lines": 1, "num_statements": 1, "percent_covered": 100.0, "percent_covered_display": "100", "missing_lines": 0, "excluded_lines": 0, "percent_statements_covered": 100.0, "percent_statements_covered_display": "100"}, "missing_lines": [], "excluded_lines": [], "start_line": 87}, "": {"executed_lines": [10, 11, 12, 13, 15, 17, 20, 26, 39, 87], "summary": {"covered_lines": 10, "num_statements": 10, "percent_covered": 100.0, "percent_covered_display": "100", "missing_lines": 0, "excluded_lines": 0, "percent_statements_covered": 100.0, "percent_statements_covered_display": "100"}, "missing_lines": [], "excluded_lines": [], "start_line": 1}}, "classes": {"DaprProvider": {"executed_lines": [35, 36, 37, 52, 54, 55, 58, 59, 66, 74, 76, 77, 85, 89], "summary": {"covered_lines": 14, "num_statements": 15, "percent_covered": 93.33333333333333, "percent_covered_display": "93", "missing_lines": 1, "excluded_lines": 0, "percent_statements_covered": 93.33333333333333, "percent_statements_covered_display": "93"}, "missing_lines": [56], "excluded_lines": [], "start_line": 20}, "": {"executed_lines": [10, 11, 12, 13, 15, 17, 20, 26, 39, 87], "summary": {"covered_lines": 10, "num_statements": 10, "percent_covered": 100.0, "percent_covered_display": "100", "missing_lines": 0, "excluded_lines": 0, "percent_statements_covered": 100.0, "percent_statements_covered_display": "100"}, "missing_lines": [], "excluded_lines": [], "start_line": 1}}}, "src/messaging/factory.py": {"executed_lines": [7, 8, 9, 11, 12, 13, 14, 16, 19, 35, 37, 39, 40, 41, 42, 43, 44, 46, 52, 54, 55, 57, 58, 60, 61, 64, 66, 67, 69, 70, 73, 78, 79, 85, 87, 88, 90, 91, 95, 96], "summary": {"covered_lines": 40, "num_statements": 41, "percent_covered": 97.5609756097561, "percent_covered_display": "98", "missing_lines": 1, "excluded_lines": 0, "percent_statements_covered": 97.5609756097561, "percent_statements_covered_display": "98"}, "missing_lines": [74], "excluded_lines": [], "functions": {"create_messaging_provider": {"executed_lines": [35, 37, 39, 40, 41, 42, 43, 44, 46], "summary": {"covered_lines": 9, "num_statements": 9, "percent_covered": 100.0, "percent_covered_display": "100", "missing_lines": 0, "excluded_lines": 0, "percent_statements_covered": 100.0, "percent_statements_covered_display": "100"}, "missing_lines": [], "excluded_lines": [], "start_line": 19}, "_create_dapr_provider": {"executed_lines": [54, 55, 57, 58, 60, 61], "summary": {"covered_lines": 6, "num_statements": 6, "percent_covered": 100.0, "percent_covered_display": "100", "missing_lines": 0, "excluded_lines": 0, "percent_statements_covered": 100.0, "percent_statements_covered_display": "100"}, "missing_lines": [], "excluded_lines": [], "start_line": 52}, "_create_servicebus_provider": {"executed_lines": [66, 67, 69, 70, 73, 78, 79], "summary": {"covered_lines": 7, "num_statements": 8, "percent_covered": 87.5, "percent_covered_display": "88", "missing_lines": 1, "excluded_lines": 0, "percent_statements_covered": 87.5, "percent_statements_covered_display": "88"}, "missing_lines": [74], "excluded_lines": [], "start_line": 64}, "_create_rabbitmq_provider": {"executed_lines": [87, 88, 90, 91, 95, 96], "summary": {"covered_lines": 6, "num_statements": 6, "percent_covered": 100.0, "percent_covered_display": "100", "missing_lines": 0, "excluded_lines": 0, "percent_statements_covered": 100.0, "percent_statements_covered_display": "100"}, "missing_lines": [], "excluded_lines": [], "start_line": 85}, "": {"executed_lines": [7, 8, 9, 11, 12, 13, 14, 16, 19, 52, 64, 85], "summary": {"covered_lines": 12, "num_statements": 12, "percent_covered": 100.0, "percent_covered_display": "100", "missing_lines": 0, "excluded_lines": 0, "percent_statements_covered": 100.0, "percent_statements_covered_display": "100"}, "missing_lines": [], "excluded_lines": [], "start_line": 1}}, "classes": {"": {"executed_lines": [7, 8, 9, 11, 12, 13, 14, 16, 19, 35, 37, 39, 40, 41, 42, 43, 44, 46, 52, 54, 55, 57, 58, 60, 61, 64, 66, 67, 69, 70, 73, 78, 79, 85, 87, 88, 90, 91, 95, 96], "summary": {"covered_lines": 40, "num_statements": 41, "percent_covered": 97.5609756097561, "percent_covered_display": "98", "missing_lines": 1, "excluded_lines": 0, "percent_statements_covered": 97.5609756097561, "percent_statements_covered_display": "98"}, "missing_lines": [74], "excluded_lines": [], "start_line": 1}}}, "src/messaging/provider.py": {"executed_lines": [5, 6, 9, 15, 16, 31, 32], "summary": {"covered_lines": 7, "num_statements": 9, "percent_covered": 77.77777777777777, "percent_covered_display": "78", "missing_lines": 2, "excluded_lines": 0, "percent_statements_covered": 77.77777777777777, "percent_statements_covered_display": "78"}, "missing_lines": [29, 34], "excluded_lines": [], "functions": {"MessagingProvider.publish_event": {"executed_lines": [], "summary": {"covered_lines": 0, "num_statements": 1, "percent_covered": 0.0, "percent_covered_display": "0", "missing_lines": 1, "excluded_lines": 0, "percent_statements_covered": 0.0, "percent_statements_covered_display": "0"}, "missing_lines": [29], "excluded_lines": [], "start_line": 16}, "MessagingProvider.close": {"executed_lines": [], "summary": {"covered_lines": 0, "num_statements": 1, "percent_covered": 0.0, "percent_covered_display": "0", "missing_lines": 1, "excluded_lines": 0, "percent_statements_covered": 0.0, "percent_statements_covered_display": "0"}, "missing_lines": [34], "excluded_lines": [], "start_line": 32}, "": {"executed_lines": [5, 6, 9, 15, 16, 31, 32], "summary": {"covered_lines": 7, "num_statements": 7, "percent_covered": 100.0, "percent_covered_display": "100", "missing_lines": 0, "excluded_lines": 0, "percent_statements_covered": 100.0, "percent_statements_covered_display": "100"}, "missing_lines": [], "excluded_lines": [], "start_line": 1}}, "classes": {"MessagingProvider": {"executed_lines": [], "summary": {"covered_lines": 0, "num_statements": 2, "percent_covered": 0.0, "percent_covered_display": "0", "missing_lines": 2, "excluded_lines": 0, "percent_statements_covered": 0.0, "percent_statements_covered_display": "0"}, "missing_lines": [29, 34], "excluded_lines": [], "start_line": 9}, "": {"executed_lines": [5, 6, 9, 15, 16, 31, 32], "summary": {"covered_lines": 7, "num_statements": 7, "percent_covered": 100.0, "percent_covered_display": "100", "missing_lines": 0, "excluded_lines": 0, "percent_statements_covered": 100.0, "percent_statements_covered_display": "100"}, "missing_lines": [], "excluded_lines": [], "start_line": 1}}}, "src/messaging/rabbitmq_provider.py": {"executed_lines": [9, 10, 11, 13, 15, 18, 26, 34, 35, 36, 37, 39, 42, 44, 46, 48, 51, 52, 53, 56, 62, 64, 69, 70, 72, 85, 86, 87, 88, 91, 94, 105, 113, 126, 128, 129, 130, 131, 132, 133], "summary": {"covered_lines": 40, "num_statements": 46, "percent_covered": 86.95652173913044, "percent_covered_display": "87", "missing_lines": 6, "excluded_lines": 0, "percent_statements_covered": 86.95652173913044, "percent_statements_covered_display": "87"}, "missing_lines": [65, 115, 116, 124, 134, 135], "excluded_lines": [], "functions": {"RabbitMQProvider.__init__": {"executed_lines": [34, 35, 36, 37, 39, 42], "summary": {"covered_lines": 6, "num_statements": 6, "percent_covered": 100.0, "percent_covered_display": "100", "missing_lines": 0, "excluded_lines": 0, "percent_statements_covered": 100.0, "percent_statements_covered_display": "100"}, "missing_lines": [], "excluded_lines": [], "start_line": 26}, "RabbitMQProvider._initialize_connection": {"executed_lines": [46, 48, 51, 52, 53, 56, 62, 64, 69, 70], "summary": {"covered_lines": 10, "num_statements": 11, "percent_covered": 90.9090909090909, "percent_covered_display": "91", "missing_lines": 1, "excluded_lines": 0, "percent_statements_covered": 90.9090909090909, "percent_statements_covered_display": "91"}, "missing_lines": [65], "excluded_lines": [], "start_line": 44}, "RabbitMQProvider.publish_event": {"executed_lines": [85, 86, 87, 88, 91, 94, 105, 113], "summary": {"covered_lines": 8, "num_statements": 11, "percent_covered": 72.72727272727273, "percent_covered_display": "73", "missing_lines": 3, "excluded_lines": 0, "percent_statements_covered": 72.72727272727273, "percent_statements_covered_display": "73"}, "missing_lines": [115, 116, 124], "excluded_lines": [], "start_line": 72}, "RabbitMQProvider.close": {"executed_lines": [128, 129, 130, 131, 132, 133], "summary": {"covered_lines": 6, "num_statements": 8, "percent_covered": 75.0, "percent_covered_display": "75", "missing_lines": 2, "excluded_lines": 0, "percent_statements_covered": 75.0, "percent_statements_covered_display": "75"}, "missing_lines": [134, 135], "excluded_lines": [], "start_line": 126}, "": {"executed_lines": [9, 10, 11, 13, 15, 18, 26, 44, 72, 126], "summary": {"covered_lines": 10, "num_statements": 10, "percent_covered": 100.0, "percent_covered_display": "100", "missing_lines": 0, "excluded_lines": 0, "percent_statements_covered": 100.0, "percent_statements_covered_display": "100"}, "missing_lines": [], "excluded_lines": [], "start_line": 1}}, "classes": {"RabbitMQProvider": {"executed_lines": [34, 35, 36, 37, 39, 42, 46, 48, 51, 52, 53, 56, 62, 64, 69, 70, 85, 86, 87, 88, 91, 94, 105, 113, 128, 129, 130, 131, 132, 133], "summary": {"covered_lines": 30, "num_statements": 36, "percent_covered": 83.33333333333333, "percent_covered_display": "83", "missing_lines": 6, "excluded_lines": 0, "percent_statements_covered": 83.33333333333333, "percent_statements_covered_display": "83"}, "missing_lines": [65, 115, 116, 124, 134, 135], "excluded_lines": [], "start_line": 18}, "": {"executed_lines": [9, 10, 11, 13, 15, 18, 26, 44, 72, 126], "summary": {"covered_lines": 10, "num_statements": 10, "percent_covered": 100.0, "percent_covered_display": "100", "missing_lines": 0, "excluded_lines": 0, "percent_statements_covered": 100.0, "percent_statements_covered_display": "100"}, "missing_lines": [], "excluded_lines": [], "start_line": 1}}}, "src/messaging/servicebus_provider.py": {"executed_lines": [8, 9, 10, 12, 14, 17, 25, 33, 34, 35, 37, 40, 42, 44, 46, 47, 50, 51, 56, 57, 59, 72, 73, 74, 75, 78, 81, 89, 90, 92, 100, 113, 115, 116, 117, 118], "summary": {"covered_lines": 36, "num_statements": 42, "percent_covered": 85.71428571428571, "percent_covered_display": "86", "missing_lines": 6, "excluded_lines": 0, "percent_statements_covered": 85.71428571428571, "percent_statements_covered_display": "86"}, "missing_lines": [52, 102, 103, 111, 119, 120], "excluded_lines": [], "functions": {"ServiceBusProvider.__init__": {"executed_lines": [33, 34, 35, 37, 40], "summary": {"covered_lines": 5, "num_statements": 5, "percent_covered": 100.0, "percent_covered_display": "100", "missing_lines": 0, "excluded_lines": 0, "percent_statements_covered": 100.0, "percent_statements_covered_display": "100"}, "missing_lines": [], "excluded_lines": [], "start_line": 25}, "ServiceBusProvider._initialize_client": {"executed_lines": [44, 46, 47, 50, 51, 56, 57], "summary": {"covered_lines": 7, "num_statements": 8, "percent_covered": 87.5, "percent_covered_display": "88", "missing_lines": 1, "excluded_lines": 0, "percent_statements_covered": 87.5, "percent_statements_covered_display": "88"}, "missing_lines": [52], "excluded_lines": [], "start_line": 42}, "ServiceBusProvider.publish_event": {"executed_lines": [72, 73, 74, 75, 78, 81, 89, 90, 92, 100], "summary": {"covered_lines": 10, "num_statements": 13, "percent_covered": 76.92307692307692, "percent_covered_display": "77", "missing_lines": 3, "excluded_lines": 0, "percent_statements_covered": 76.92307692307692, "percent_statements_covered_display": "77"}, "missing_lines": [102, 103, 111], "excluded_lines": [], "start_line": 59}, "ServiceBusProvider.close": {"executed_lines": [115, 116, 117, 118], "summary": {"covered_lines": 4, "num_statements": 6, "percent_covered": 66.66666666666667, "percent_covered_display": "67", "missing_lines": 2, "excluded_lines": 0, "percent_statements_covered": 66.66666666666667, "percent_statements_covered_display": "67"}, "missing_lines": [119, 120], "excluded_lines": [], "start_line": 113}, "": {"executed_lines": [8, 9, 10, 12, 14, 17, 25, 42, 59, 113], "summary": {"covered_lines": 10, "num_statements": 10, "percent_covered": 100.0, "percent_covered_display": "100", "missing_lines": 0, "excluded_lines": 0, "percent_statements_covered": 100.0, "percent_statements_covered_display": "100"}, "missing_lines": [], "excluded_lines": [], "start_line": 1}}, "classes": {"ServiceBusProvider": {"executed_lines": [33, 34, 35, 37, 40, 44, 46, 47, 50, 51, 56, 57, 72, 73, 74, 75, 78, 81, 89, 90, 92, 100, 115, 116, 117, 118], "summary": {"covered_lines": 26, "num_statements": 32, "percent_covered": 81.25, "percent_covered_display": "81", "missing_lines": 6, "excluded_lines": 0, "percent_statements_covered": 81.25, "percent_statements_covered_display": "81"}, "missing_lines": [52, 102, 103, 111, 119, 120], "excluded_lines": [], "start_line": 17}, "": {"executed_lines": [8, 9, 10, 12, 14, 17, 25, 42, 59, 113], "summary": {"covered_lines": 10, "num_statements": 10, "percent_covered": 100.0, "percent_covered_display": "100", "missing_lines": 0, "excluded_lines": 0, "percent_statements_covered": 100.0, "percent_statements_covered_display": "100"}, "missing_lines": [], "excluded_lines": [], "start_line": 1}}}, "src/middlewares/__init__.py": {"executed_lines": [], "summary": {"covered_lines": 0, "num_statements": 0, "percent_covered": 100.0, "percent_covered_display": "100", "missing_lines": 0, "excluded_lines": 0, "percent_statements_covered": 100.0, "percent_statements_covered_display": "100"}, "missing_lines": [], "excluded_lines": [], "functions": {"": {"executed_lines": [], "summary": {"covered_lines": 0, "num_statements": 0, "percent_covered": 100.0, "percent_covered_display": "100", "missing_lines": 0, "excluded_lines": 0, "percent_statements_covered": 100.0, "percent_statements_covered_display": "100"}, "missing_lines": [], "excluded_lines": [], "start_line": 1}}, "classes": {"": {"executed_lines": [], "summary": {"covered_lines": 0, "num_statements": 0, "percent_covered": 100.0, "percent_covered_display": "100", "missing_lines": 0, "excluded_lines": 0, "percent_statements_covered": 100.0, "percent_statements_covered_display": "100"}, "missing_lines": [], "excluded_lines": [], "start_line": 1}}}, "src/middlewares/auth.py": {"executed_lines": [], "summary": {"covered_lines": 0, "num_statements": 109, "percent_covered": 0.0, "percent_covered_display": "0", "missing_lines": 109, "excluded_lines": 0, "percent_statements_covered": 0.0, "percent_statements_covered_display": "0"}, "missing_lines": [6, 7, 8, 9, 10, 12, 15, 18, 21, 22, 23, 24, 25, 26, 27, 28, 31, 33, 34, 35, 36, 39, 41, 43, 44, 46, 47, 49, 50, 51, 53, 56, 58, 59, 60, 67, 68, 69, 70, 71, 72, 75, 80, 81, 82, 83, 85, 86, 87, 94, 97, 98, 99, 101, 102, 103, 110, 116, 118, 120, 121, 122, 127, 128, 129, 135, 138, 143, 144, 145, 146, 147, 148, 151, 153, 154, 158, 164, 169, 171, 172, 175, 180, 183, 188, 189, 190, 191, 193, 194, 195, 196, 197, 198, 200, 201, 206, 207, 209, 210, 212, 213, 215, 216, 217, 219, 221, 224, 229], "excluded_lines": [], "functions": {"_get_jwt_config": {"executed_lines": [], "summary": {"covered_lines": 0, "num_statements": 8, "percent_covered": 0.0, "percent_covered_display": "0", "missing_lines": 8, "excluded_lines": 0, "percent_statements_covered": 0.0, "percent_statements_covered_display": "0"}, "missing_lines": [21, 22, 23, 24, 25, 26, 27, 28], "excluded_lines": [], "start_line": 18}, "AuthError.__init__": {"executed_lines": [], "summary": {"covered_lines": 0, "num_statements": 3, "percent_covered": 0.0, "percent_covered_display": "0", "missing_lines": 3, "excluded_lines": 0, "percent_statements_covered": 0.0, "percent_statements_covered_display": "0"}, "missing_lines": [34, 35, 36], "excluded_lines": [], "start_line": 33}, "get_token_from_request": {"executed_lines": [], "summary": {"covered_lines": 0, "num_statements": 9, "percent_covered": 0.0, "percent_covered_display": "0", "missing_lines": 9, "excluded_lines": 0, "percent_statements_covered": 0.0, "percent_statements_covered_display": "0"}, "missing_lines": [41, 43, 44, 46, 47, 49, 50, 51, 53], "excluded_lines": [], "start_line": 39}, "decode_jwt": {"executed_lines": [], "summary": {"covered_lines": 0, "num_statements": 9, "percent_covered": 0.0, "percent_covered_display": "0", "missing_lines": 9, "excluded_lines": 0, "percent_statements_covered": 0.0, "percent_statements_covered_display": "0"}, "missing_lines": [58, 59, 60, 67, 68, 69, 70, 71, 72], "excluded_lines": [], "start_line": 56}, "require_auth": {"executed_lines": [], "summary": {"covered_lines": 0, "num_statements": 3, "percent_covered": 0.0, "percent_covered_display": "0", "missing_lines": 3, "excluded_lines": 0, "percent_statements_covered": 0.0, "percent_statements_covered_display": "0"}, "missing_lines": [80, 81, 135], "excluded_lines": [], "start_line": 75}, "require_auth.decorated_function": {"executed_lines": [], "summary": {"covered_lines": 0, "num_statements": 21, "percent_covered": 0.0, "percent_covered_display": "0", "missing_lines": 21, "excluded_lines": 0, "percent_statements_covered": 0.0, "percent_statements_covered_display": "0"}, "missing_lines": [82, 83, 85, 86, 87, 94, 97, 98, 99, 101, 102, 103, 110, 116, 118, 120, 121, 122, 127, 128, 129], "excluded_lines": [], "start_line": 81}, "require_roles": {"executed_lines": [], "summary": {"covered_lines": 0, "num_statements": 4, "percent_covered": 0.0, "percent_covered_display": "0", "missing_lines": 4, "excluded_lines": 0, "percent_statements_covered": 0.0, "percent_statements_covered_display": "0"}, "missing_lines": [143, 144, 145, 172], "excluded_lines": [], "start_line": 138}, "require_roles.decorator": {"executed_lines": [], "summary": {"covered_lines": 0, "num_statements": 2, "percent_covered": 0.0, "percent_covered_display": "0", "missing_lines": 2, "excluded_lines": 0, "percent_statements_covered": 0.0, "percent_statements_covered_display": "0"}, "missing_lines": [146, 171], "excluded_lines": [], "start_line": 143}, "require_roles.decorator.decorated_function": {"executed_lines": [], "summary": {"covered_lines": 0, "num_statements": 8, "percent_covered": 0.0, "percent_covered_display": "0", "missing_lines": 8, "excluded_lines": 0, "percent_statements_covered": 0.0, "percent_statements_covered_display": "0"}, "missing_lines": [147, 148, 151, 153, 154, 158, 164, 169], "excluded_lines": [], "start_line": 146}, "require_admin": {"executed_lines": [], "summary": {"covered_lines": 0, "num_statements": 1, "percent_covered": 0.0, "percent_covered_display": "0", "missing_lines": 1, "excluded_lines": 0, "percent_statements_covered": 0.0, "percent_statements_covered_display": "0"}, "missing_lines": [180], "excluded_lines": [], "start_line": 175}, "optional_auth": {"executed_lines": [], "summary": {"covered_lines": 0, "num_statements": 3, "percent_covered": 0.0, "percent_covered_display": "0", "missing_lines": 3, "excluded_lines": 0, "percent_statements_covered": 0.0, "percent_statements_covered_display": "0"}, "missing_lines": [188, 189, 221], "excluded_lines": [], "start_line": 183}, "optional_auth.decorated_function": {"executed_lines": [], "summary": {"covered_lines": 0, "num_statements": 20, "percent_covered": 0.0, "percent_covered_display": "0", "missing_lines": 20, "excluded_lines": 0, "percent_statements_covered": 0.0, "percent_statements_covered_display": "0"}, "missing_lines": [190, 191, 193, 194, 195, 196, 197, 198, 200, 201, 206, 207, 209, 210, 212, 213, 215, 216, 217, 219], "excluded_lines": [], "start_line": 189}, "get_current_user": {"executed_lines": [], "summary": {"covered_lines": 0, "num_statements": 1, "percent_covered": 0.0, "percent_covered_display": "0", "missing_lines": 1, "excluded_lines": 0, "percent_statements_covered": 0.0, "percent_statements_covered_display": "0"}, "missing_lines": [229], "excluded_lines": [], "start_line": 224}, "": {"executed_lines": [], "summary": {"covered_lines": 0, "num_statements": 17, "percent_covered": 0.0, "percent_covered_display": "0", "missing_lines": 17, "excluded_lines": 0, "percent_statements_covered": 0.0, "percent_statements_covered_display": "0"}, "missing_lines": [6, 7, 8, 9, 10, 12, 15, 18, 31, 33, 39, 56, 75, 138, 175, 183, 224], "excluded_lines": [], "start_line": 1}}, "classes": {"AuthError": {"executed_lines": [], "summary": {"covered_lines": 0, "num_statements": 3, "percent_covered": 0.0, "percent_covered_display": "0", "missing_lines": 3, "excluded_lines": 0, "percent_statements_covered": 0.0, "percent_statements_covered_display": "0"}, "missing_lines": [34, 35, 36], "excluded_lines": [], "start_line": 31}, "": {"executed_lines": [], "summary": {"covered_lines": 0, "num_statements": 106, "percent_covered": 0.0, "percent_covered_display": "0", "missing_lines": 106, "excluded_lines": 0, "percent_statements_covered": 0.0, "percent_statements_covered_display": "0"}, "missing_lines": [6, 7, 8, 9, 10, 12, 15, 18, 21, 22, 23, 24, 25, 26, 27, 28, 31, 33, 39, 41, 43, 44, 46, 47, 49, 50, 51, 53, 56, 58, 59, 60, 67, 68, 69, 70, 71, 72, 75, 80, 81, 82, 83, 85, 86, 87, 94, 97, 98, 99, 101, 102, 103, 110, 116, 118, 120, 121, 122, 127, 128, 129, 135, 138, 143, 144, 145, 146, 147, 148, 151, 153, 154, 158, 164, 169, 171, 172, 175, 180, 183, 188, 189, 190, 191, 193, 194, 195, 196, 197, 198, 200, 201, 206, 207, 209, 210, 212, 213, 215, 216, 217, 219, 221, 224, 229], "excluded_lines": [], "start_line": 1}}}, "src/middlewares/correlation_id.py": {"executed_lines": [], "summary": {"covered_lines": 0, "num_statements": 73, "percent_covered": 0.0, "percent_covered_display": "0", "missing_lines": 73, "excluded_lines": 0, "percent_statements_covered": 0.0, "percent_statements_covered_display": "0"}, "missing_lines": [5, 6, 7, 8, 9, 10, 13, 15, 20, 21, 22, 23, 25, 27, 28, 30, 33, 40, 43, 46, 50, 52, 53, 56, 61, 64, 69, 70, 73, 74, 77, 79, 80, 82, 84, 89, 90, 92, 94, 95, 102, 105, 111, 114, 116, 117, 119, 120, 122, 123, 124, 125, 126, 129, 134, 137, 139, 140, 142, 144, 147, 152, 153, 157, 159, 161, 163, 165, 167, 171, 173, 177, 179], "excluded_lines": [], "functions": {"CorrelationIdMiddleware.__init__": {"executed_lines": [], "summary": {"covered_lines": 0, "num_statements": 3, "percent_covered": 0.0, "percent_covered_display": "0", "missing_lines": 3, "excluded_lines": 0, "percent_statements_covered": 0.0, "percent_statements_covered_display": "0"}, "missing_lines": [21, 22, 23], "excluded_lines": [], "start_line": 20}, "CorrelationIdMiddleware.init_app": {"executed_lines": [], "summary": {"covered_lines": 0, "num_statements": 2, "percent_covered": 0.0, "percent_covered_display": "0", "missing_lines": 2, "excluded_lines": 0, "percent_statements_covered": 0.0, "percent_statements_covered_display": "0"}, "missing_lines": [27, 28], "excluded_lines": [], "start_line": 25}, "CorrelationIdMiddleware.before_request": {"executed_lines": [], "summary": {"covered_lines": 0, "num_statements": 4, "percent_covered": 0.0, "percent_covered_display": "0", "missing_lines": 4, "excluded_lines": 0, "percent_statements_covered": 0.0, "percent_statements_covered_display": "0"}, "missing_lines": [33, 40, 43, 46], "excluded_lines": [], "start_line": 30}, "CorrelationIdMiddleware.after_request": {"executed_lines": [], "summary": {"covered_lines": 0, "num_statements": 4, "percent_covered": 0.0, "percent_covered_display": "0", "missing_lines": 4, "excluded_lines": 0, "percent_statements_covered": 0.0, "percent_statements_covered_display": "0"}, "missing_lines": [52, 53, 56, 61], "excluded_lines": [], "start_line": 50}, "CorrelationIdHelper.get_correlation_id": {"executed_lines": [], "summary": {"covered_lines": 0, "num_statements": 3, "percent_covered": 0.0, "percent_covered_display": "0", "missing_lines": 3, "excluded_lines": 0, "percent_statements_covered": 0.0, "percent_statements_covered_display": "0"}, "missing_lines": [73, 74, 77], "excluded_lines": [], "start_line": 70}, "CorrelationIdHelper.create_headers": {"executed_lines": [], "summary": {"covered_lines": 0, "num_statements": 5, "percent_covered": 0.0, "percent_covered_display": "0", "missing_lines": 5, "excluded_lines": 0, "percent_statements_covered": 0.0, "percent_statements_covered_display": "0"}, "missing_lines": [82, 84, 89, 90, 92], "excluded_lines": [], "start_line": 80}, "CorrelationIdHelper.log_with_correlation": {"executed_lines": [], "summary": {"covered_lines": 0, "num_statements": 4, "percent_covered": 0.0, "percent_covered_display": "0", "missing_lines": 4, "excluded_lines": 0, "percent_statements_covered": 0.0, "percent_statements_covered_display": "0"}, "missing_lines": [102, 105, 111, 114], "excluded_lines": [], "start_line": 95}, "CorrelationIdHelper.with_correlation_context": {"executed_lines": [], "summary": {"covered_lines": 0, "num_statements": 3, "percent_covered": 0.0, "percent_covered_display": "0", "missing_lines": 3, "excluded_lines": 0, "percent_statements_covered": 0.0, "percent_statements_covered_display": "0"}, "missing_lines": [119, 120, 126], "excluded_lines": [], "start_line": 117}, "CorrelationIdHelper.with_correlation_context.wrapper": {"executed_lines": [], "summary": {"covered_lines": 0, "num_statements": 4, "percent_covered": 0.0, "percent_covered_display": "0", "missing_lines": 4, "excluded_lines": 0, "percent_statements_covered": 0.0, "percent_statements_covered_display": "0"}, "missing_lines": [122, 123, 124, 125], "excluded_lines": [], "start_line": 120}, "init_correlation_id_logging": {"executed_lines": [], "summary": {"covered_lines": 0, "num_statements": 5, "percent_covered": 0.0, "percent_covered_display": "0", "missing_lines": 5, "excluded_lines": 0, "percent_statements_covered": 0.0, "percent_statements_covered_display": "0"}, "missing_lines": [134, 137, 147, 152, 153], "excluded_lines": [], "start_line": 129}, "init_correlation_id_logging.CorrelationIdFormatter.format": {"executed_lines": [], "summary": {"covered_lines": 0, "num_statements": 4, "percent_covered": 0.0, "percent_covered_display": "0", "missing_lines": 4, "excluded_lines": 0, "percent_statements_covered": 0.0, "percent_statements_covered_display": "0"}, "missing_lines": [139, 140, 142, 144], "excluded_lines": [], "start_line": 137}, "get_correlation_id": {"executed_lines": [], "summary": {"covered_lines": 0, "num_statements": 1, "percent_covered": 0.0, "percent_covered_display": "0", "missing_lines": 1, "excluded_lines": 0, "percent_statements_covered": 0.0, "percent_statements_covered_display": "0"}, "missing_lines": [159], "excluded_lines": [], "start_line": 157}, "create_request_headers": {"executed_lines": [], "summary": {"covered_lines": 0, "num_statements": 1, "percent_covered": 0.0, "percent_covered_display": "0", "missing_lines": 1, "excluded_lines": 0, "percent_statements_covered": 0.0, "percent_statements_covered_display": "0"}, "missing_lines": [163], "excluded_lines": [], "start_line": 161}, "log_info": {"executed_lines": [], "summary": {"covered_lines": 0, "num_statements": 1, "percent_covered": 0.0, "percent_covered_display": "0", "missing_lines": 1, "excluded_lines": 0, "percent_statements_covered": 0.0, "percent_statements_covered_display": "0"}, "missing_lines": [167], "excluded_lines": [], "start_line": 165}, "log_error": {"executed_lines": [], "summary": {"covered_lines": 0, "num_statements": 1, "percent_covered": 0.0, "percent_covered_display": "0", "missing_lines": 1, "excluded_lines": 0, "percent_statements_covered": 0.0, "percent_statements_covered_display": "0"}, "missing_lines": [173], "excluded_lines": [], "start_line": 171}, "log_warning": {"executed_lines": [], "summary": {"covered_lines": 0, "num_statements": 1, "percent_covered": 0.0, "percent_covered_display": "0", "missing_lines": 1, "excluded_lines": 0, "percent_statements_covered": 0.0, "percent_statements_covered_display": "0"}, "missing_lines": [179], "excluded_lines": [], "start_line": 177}, "": {"executed_lines": [], "summary": {"covered_lines": 0, "num_statements": 27, "percent_covered": 0.0, "percent_covered_display": "0", "missing_lines": 27, "excluded_lines": 0, "percent_statements_covered": 0.0, "percent_statements_covered_display": "0"}, "missing_lines": [5, 6, 7, 8, 9, 10, 13, 15, 20, 25, 30, 50, 64, 69, 70, 79, 80, 94, 95, 116, 117, 129, 157, 161, 165, 171, 177], "excluded_lines": [], "start_line": 1}}, "classes": {"CorrelationIdMiddleware": {"executed_lines": [], "summary": {"covered_lines": 0, "num_statements": 13, "percent_covered": 0.0, "percent_covered_display": "0", "missing_lines": 13, "excluded_lines": 0, "percent_statements_covered": 0.0, "percent_statements_covered_display": "0"}, "missing_lines": [21, 22, 23, 27, 28, 33, 40, 43, 46, 52, 53, 56, 61], "excluded_lines": [], "start_line": 15}, "CorrelationIdHelper": {"executed_lines": [], "summary": {"covered_lines": 0, "num_statements": 19, "percent_covered": 0.0, "percent_covered_display": "0", "missing_lines": 19, "excluded_lines": 0, "percent_statements_covered": 0.0, "percent_statements_covered_display": "0"}, "missing_lines": [73, 74, 77, 82, 84, 89, 90, 92, 102, 105, 111, 114, 119, 120, 122, 123, 124, 125, 126], "excluded_lines": [], "start_line": 64}, "init_correlation_id_logging.CorrelationIdFormatter": {"executed_lines": [], "summary": {"covered_lines": 0, "num_statements": 4, "percent_covered": 0.0, "percent_covered_display": "0", "missing_lines": 4, "excluded_lines": 0, "percent_statements_covered": 0.0, "percent_statements_covered_display": "0"}, "missing_lines": [139, 140, 142, 144], "excluded_lines": [], "start_line": 134}, "": {"executed_lines": [], "summary": {"covered_lines": 0, "num_statements": 37, "percent_covered": 0.0, "percent_covered_display": "0", "missing_lines": 37, "excluded_lines": 0, "percent_statements_covered": 0.0, "percent_statements_covered_display": "0"}, "missing_lines": [5, 6, 7, 8, 9, 10, 13, 15, 20, 25, 30, 50, 64, 69, 70, 79, 80, 94, 95, 116, 117, 129, 134, 137, 147, 152, 153, 157, 159, 161, 163, 165, 167, 171, 173, 177, 179], "excluded_lines": [], "start_line": 1}}}, "src/middlewares/trace_context.py": {"executed_lines": [], "summary": {"covered_lines": 0, "num_statements": 65, "percent_covered": 0.0, "percent_covered_display": "0", "missing_lines": 65, "excluded_lines": 0, "percent_statements_covered": 0.0, "percent_statements_covered_display": "0"}, "missing_lines": [5, 6, 7, 8, 9, 12, 16, 19, 24, 25, 26, 27, 29, 31, 32, 34, 37, 39, 40, 41, 42, 43, 46, 47, 50, 51, 54, 55, 58, 62, 64, 65, 68, 69, 72, 75, 80, 82, 83, 96, 97, 99, 100, 101, 103, 104, 107, 108, 110, 112, 113, 121, 124, 126, 129, 136, 139, 146, 149, 157, 158, 161, 168, 169, 171], "excluded_lines": [], "functions": {"TraceContextMiddleware.__init__": {"executed_lines": [], "summary": {"covered_lines": 0, "num_statements": 3, "percent_covered": 0.0, "percent_covered_display": "0", "missing_lines": 3, "excluded_lines": 0, "percent_statements_covered": 0.0, "percent_statements_covered_display": "0"}, "missing_lines": [25, 26, 27], "excluded_lines": [], "start_line": 24}, "TraceContextMiddleware.init_app": {"executed_lines": [], "summary": {"covered_lines": 0, "num_statements": 2, "percent_covered": 0.0, "percent_covered_display": "0", "missing_lines": 2, "excluded_lines": 0, "percent_statements_covered": 0.0, "percent_statements_covered_display": "0"}, "missing_lines": [31, 32], "excluded_lines": [], "start_line": 29}, "TraceContextMiddleware.before_request": {"executed_lines": [], "summary": {"covered_lines": 0, "num_statements": 13, "percent_covered": 0.0, "percent_covered_display": "0", "missing_lines": 13, "excluded_lines": 0, "percent_statements_covered": 0.0, "percent_statements_covered_display": "0"}, "missing_lines": [37, 39, 40, 41, 42, 43, 46, 47, 50, 51, 54, 55, 58], "excluded_lines": [], "start_line": 34}, "TraceContextMiddleware.after_request": {"executed_lines": [], "summary": {"covered_lines": 0, "num_statements": 7, "percent_covered": 0.0, "percent_covered_display": "0", "missing_lines": 7, "excluded_lines": 0, "percent_statements_covered": 0.0, "percent_statements_covered_display": "0"}, "missing_lines": [64, 65, 68, 69, 72, 75, 80], "excluded_lines": [], "start_line": 62}, "TraceContextMiddleware.extract_trace_context": {"executed_lines": [], "summary": {"covered_lines": 0, "num_statements": 10, "percent_covered": 0.0, "percent_covered_display": "0", "missing_lines": 10, "excluded_lines": 0, "percent_statements_covered": 0.0, "percent_statements_covered_display": "0"}, "missing_lines": [96, 97, 99, 100, 101, 103, 104, 107, 108, 110], "excluded_lines": [], "start_line": 83}, "TraceContextMiddleware.generate_trace_context": {"executed_lines": [], "summary": {"covered_lines": 0, "num_statements": 3, "percent_covered": 0.0, "percent_covered_display": "0", "missing_lines": 3, "excluded_lines": 0, "percent_statements_covered": 0.0, "percent_statements_covered_display": "0"}, "missing_lines": [121, 124, 126], "excluded_lines": [], "start_line": 113}, "get_trace_id": {"executed_lines": [], "summary": {"covered_lines": 0, "num_statements": 1, "percent_covered": 0.0, "percent_covered_display": "0", "missing_lines": 1, "excluded_lines": 0, "percent_statements_covered": 0.0, "percent_statements_covered_display": "0"}, "missing_lines": [136], "excluded_lines": [], "start_line": 129}, "get_span_id": {"executed_lines": [], "summary": {"covered_lines": 0, "num_statements": 1, "percent_covered": 0.0, "percent_covered_display": "0", "missing_lines": 1, "excluded_lines": 0, "percent_statements_covered": 0.0, "percent_statements_covered_display": "0"}, "missing_lines": [146], "excluded_lines": [], "start_line": 139}, "set_trace_context": {"executed_lines": [], "summary": {"covered_lines": 0, "num_statements": 2, "percent_covered": 0.0, "percent_covered_display": "0", "missing_lines": 2, "excluded_lines": 0, "percent_statements_covered": 0.0, "percent_statements_covered_display": "0"}, "missing_lines": [157, 158], "excluded_lines": [], "start_line": 149}, "create_traceparent_header": {"executed_lines": [], "summary": {"covered_lines": 0, "num_statements": 3, "percent_covered": 0.0, "percent_covered_display": "0", "missing_lines": 3, "excluded_lines": 0, "percent_statements_covered": 0.0, "percent_statements_covered_display": "0"}, "missing_lines": [168, 169, 171], "excluded_lines": [], "start_line": 161}, "": {"executed_lines": [], "summary": {"covered_lines": 0, "num_statements": 20, "percent_covered": 0.0, "percent_covered_display": "0", "missing_lines": 20, "excluded_lines": 0, "percent_statements_covered": 0.0, "percent_statements_covered_display": "0"}, "missing_lines": [5, 6, 7, 8, 9, 12, 16, 19, 24, 29, 34, 62, 82, 83, 112, 113, 129, 139, 149, 161], "excluded_lines": [], "start_line": 1}}, "classes": {"TraceContextMiddleware": {"executed_lines": [], "summary": {"covered_lines": 0, "num_statements": 38, "percent_covered": 0.0, "percent_covered_display": "0", "missing_lines": 38, "excluded_lines": 0, "percent_statements_covered": 0.0, "percent_statements_covered_display": "0"}, "missing_lines": [25, 26, 27, 31, 32, 37, 39, 40, 41, 42, 43, 46, 47, 50, 51, 54, 55, 58, 64, 65, 68, 69, 72, 75, 80, 96, 97, 99, 100, 101, 103, 104, 107, 108, 110, 121, 124, 126], "excluded_lines": [], "start_line": 19}, "": {"executed_lines": [], "summary": {"covered_lines": 0, "num_statements": 27, "percent_covered": 0.0, "percent_covered_display": "0", "missing_lines": 27, "excluded_lines": 0, "percent_statements_covered": 0.0, "percent_statements_covered_display": "0"}, "missing_lines": [5, 6, 7, 8, 9, 12, 16, 19, 24, 29, 34, 62, 82, 83, 112, 113, 129, 136, 139, 146, 149, 157, 158, 161, 168, 169, 171], "excluded_lines": [], "start_line": 1}}}, "src/models/__init__.py": {"executed_lines": [6, 9, 12, 13, 14, 17], "summary": {"covered_lines": 6, "num_statements": 6, "percent_covered": 100.0, "percent_covered_display": "100", "missing_lines": 0, "excluded_lines": 0, "percent_statements_covered": 100.0, "percent_statements_covered_display": "100"}, "missing_lines": [], "excluded_lines": [], "functions": {"": {"executed_lines": [6, 9, 12, 13, 14, 17], "summary": {"covered_lines": 6, "num_statements": 6, "percent_covered": 100.0, "percent_covered_display": "100", "missing_lines": 0, "excluded_lines": 0, "percent_statements_covered": 100.0, "percent_statements_covered_display": "100"}, "missing_lines": [], "excluded_lines": [], "start_line": 1}}, "classes": {"": {"executed_lines": [6, 9, 12, 13, 14, 17], "summary": {"covered_lines": 6, "num_statements": 6, "percent_covered": 100.0, "percent_covered_display": "100", "missing_lines": 0, "excluded_lines": 0, "percent_statements_covered": 100.0, "percent_statements_covered_display": "100"}, "missing_lines": [], "excluded_lines": [], "start_line": 1}}}, "src/models/enums.py": {"executed_lines": [5, 8, 9, 10, 11, 12, 13, 14, 17, 18, 19, 20, 21, 22], "summary": {"covered_lines": 14, "num_statements": 14, "percent_covered": 100.0, "percent_covered_display": "100", "missing_lines": 0, "excluded_lines": 0, "percent_statements_covered": 100.0, "percent_statements_covered_display": "100"}, "missing_lines": [], "excluded_lines": [], "functions": {"": {"executed_lines": [5, 8, 9, 10, 11, 12, 13, 14, 17, 18, 19, 20, 21, 22], "summary": {"covered_lines": 14, "num_statements": 14, "percent_covered": 100.0, "percent_covered_display": "100", "missing_lines": 0, "excluded_lines": 0, "percent_statements_covered": 100.0, "percent_statements_covered_display": "100"}, "missing_lines": [], "excluded_lines": [], "start_line": 1}}, "classes": {"ReservationStatus": {"executed_lines": [], "summary": {"covered_lines": 0, "num_statements": 0, "percent_covered": 100.0, "percent_covered_display": "100", "missing_lines": 0, "excluded_lines": 0, "percent_statements_covered": 100.0, "percent_statements_covered_display": "100"}, "missing_lines": [], "excluded_lines": [], "start_line": 8}, "StockMovementType": {"executed_lines": [], "summary": {"covered_lines": 0, "num_statements": 0, "percent_covered": 100.0, "percent_covered_display": "100", "missing_lines": 0, "excluded_lines": 0, "percent_statements_covered": 100.0, "percent_statements_covered_display": "100"}, "missing_lines": [], "excluded_lines": [], "start_line": 17}, "": {"executed_lines": [5, 8, 9, 10, 11, 12, 13, 14, 17, 18, 19, 20, 21, 22], "summary": {"covered_lines": 14, "num_statements": 14, "percent_covered": 100.0, "percent_covered_display": "100", "missing_lines": 0, "excluded_lines": 0, "percent_statements_covered": 100.0, "percent_statements_covered_display": "100"}, "missing_lines": [], "excluded_lines": [], "start_line": 1}}}, "src/models/inventory_item.py": {"executed_lines": [5, 6, 7, 10, 12, 14, 15, 16, 17, 18, 19, 20, 21, 22, 23, 26, 27, 29, 32, 33, 37, 38, 42], "summary": {"covered_lines": 23, "num_statements": 27, "percent_covered": 85.18518518518519, "percent_covered_display": "85", "missing_lines": 4, "excluded_lines": 0, "percent_statements_covered": 85.18518518518519, "percent_statements_covered_display": "85"}, "missing_lines": [30, 35, 40, 44], "excluded_lines": [], "functions": {"InventoryItem.__repr__": {"executed_lines": [], "summary": {"covered_lines": 0, "num_statements": 1, "percent_covered": 0.0, "percent_covered_display": "0", "missing_lines": 1, "excluded_lines": 0, "percent_statements_covered": 0.0, "percent_statements_covered_display": "0"}, "missing_lines": [30], "excluded_lines": [], "start_line": 29}, "InventoryItem.total_quantity": {"executed_lines": [], "summary": {"covered_lines": 0, "num_statements": 1, "percent_covered": 0.0, "percent_covered_display": "0", "missing_lines": 1, "excluded_lines": 0, "percent_statements_covered": 0.0, "percent_statements_covered_display": "0"}, "missing_lines": [35], "excluded_lines": [], "start_line": 33}, "InventoryItem.is_low_stock": {"executed_lines": [], "summary": {"covered_lines": 0, "num_statements": 1, "percent_covered": 0.0, "percent_covered_display": "0", "missing_lines": 1, "excluded_lines": 0, "percent_statements_covered": 0.0, "percent_statements_covered_display": "0"}, "missing_lines": [40], "excluded_lines": [], "start_line": 38}, "InventoryItem.to_dict": {"executed_lines": [], "summary": {"covered_lines": 0, "num_statements": 1, "percent_covered": 0.0, "percent_covered_display": "0", "missing_lines": 1, "excluded_lines": 0, "percent_statements_covered": 0.0, "percent_statements_covered_display": "0"}, "missing_lines": [44], "excluded_lines": [], "start_line": 42}, "": {"executed_lines": [5, 6, 7, 10, 12, 14, 15, 16, 17, 18, 19, 20, 21, 22, 23, 26, 27, 29, 32, 33, 37, 38, 42], "summary": {"covered_lines": 23, "num_statements": 23, "percent_covered": 100.0, "percent_covered_display": "100", "missing_lines": 0, "excluded_lines": 0, "percent_statements_covered": 100.0, "percent_statements_covered_display": "100"}, "missing_lines": [], "excluded_lines": [], "start_line": 1}}, "classes": {"InventoryItem": {"executed_lines": [], "summary": {"covered_lines": 0, "num_statements": 4, "percent_covered": 0.0, "percent_covered_display": "0", "missing_lines": 4, "excluded_lines": 0, "percent_statements_covered": 0.0, "percent_statements_covered_display": "0"}, "missing_lines": [30, 35, 40, 44], "excluded_lines": [], "start_line": 10}, "": {"executed_lines": [5, 6, 7, 10, 12, 14, 15, 16, 17, 18, 19, 20, 21, 22, 23, 26, 27, 29, 32, 33, 37, 38, 42], "summary": {"covered_lines": 23, "num_statements": 23, "percent_covered": 100.0, "percent_covered_display": "100", "missing_lines": 0, "excluded_lines": 0, "percent_statements_covered": 100.0, "percent_statements_covered_display": "100"}, "missing_lines": [], "excluded_lines": [], "start_line": 1}}}, "src/models/reservation.py": {"executed_lines": [5, 6, 7, 8, 11, 13, 15, 16, 17, 18, 19, 20, 21, 22, 24, 27, 28, 32, 33, 39], "summary": {"covered_lines": 20, "num_statements": 26, "percent_covered": 76.92307692307692, "percent_covered_display": "77", "missing_lines": 6, "excluded_lines": 0, "percent_statements_covered": 76.92307692307692, "percent_statements_covered_display": "77"}, "missing_lines": [25, 30, 35, 36, 37, 41], "excluded_lines": [], "functions": {"Reservation.__repr__": {"executed_lines": [], "summary": {"covered_lines": 0, "num_statements": 1, "percent_covered": 0.0, "percent_covered_display": "0", "missing_lines": 1, "excluded_lines": 0, "percent_statements_covered": 0.0, "percent_statements_covered_display": "0"}, "missing_lines": [25], "excluded_lines": [], "start_line": 24}, "Reservation.is_expired": {"executed_lines": [], "summary": {"covered_lines": 0, "num_statements": 1, "percent_covered": 0.0, "percent_covered_display": "0", "missing_lines": 1, "excluded_lines": 0, "percent_statements_covered": 0.0, "percent_statements_covered_display": "0"}, "missing_lines": [30], "excluded_lines": [], "start_line": 28}, "Reservation.product_id": {"executed_lines": [], "summary": {"covered_lines": 0, "num_statements": 3, "percent_covered": 0.0, "percent_covered_display": "0", "missing_lines": 3, "excluded_lines": 0, "percent_statements_covered": 0.0, "percent_statements_covered_display": "0"}, "missing_lines": [35, 36, 37], "excluded_lines": [], "start_line": 33}, "Reservation.to_dict": {"executed_lines": [], "summary": {"covered_lines": 0, "num_statements": 1, "percent_covered": 0.0, "percent_covered_display": "0", "missing_lines": 1, "excluded_lines": 0, "percent_statements_covered": 0.0, "percent_statements_covered_display": "0"}, "missing_lines": [41], "excluded_lines": [], "start_line": 39}, "": {"executed_lines": [5, 6, 7, 8, 11, 13, 15, 16, 17, 18, 19, 20, 21, 22, 24, 27, 28, 32, 33, 39], "summary": {"covered_lines": 20, "num_statements": 20, "percent_covered": 100.0, "percent_covered_display": "100", "missing_lines": 0, "excluded_lines": 0, "percent_statements_covered": 100.0, "percent_statements_covered_display": "100"}, "missing_lines": [], "excluded_lines": [], "start_line": 1}}, "classes": {"Reservation": {"executed_lines": [], "summary": {"covered_lines": 0, "num_statements": 6, "percent_covered": 0.0, "percent_covered_display": "0", "missing_lines": 6, "excluded_lines": 0, "percent_statements_covered": 0.0, "percent_statements_covered_display": "0"}, "missing_lines": [25, 30, 35, 36, 37, 41], "excluded_lines": [], "start_line": 11}, "": {"executed_lines": [5, 6, 7, 8, 11, 13, 15, 16, 17, 18, 19, 20, 21, 22, 24, 27, 28, 32, 33, 39], "summary": {"covered_lines": 20, "num_statements": 20, "percent_covered": 100.0, "percent_covered_display": "100", "missing_lines": 0, "excluded_lines": 0, "percent_statements_covered": 100.0, "percent_statements_covered_display": "100"}, "missing_lines": [], "excluded_lines": [], "start_line": 1}}}, "src/models/stock_movement.py": {"executed_lines": [5, 6, 7, 10, 12, 14, 15, 16, 17, 18, 19, 20, 21, 23, 26], "summary": {"covered_lines": 15, "num_statements": 17, "percent_covered": 88.23529411764706, "percent_covered_display": "88", "missing_lines": 2, "excluded_lines": 0, "percent_statements_covered": 88.23529411764706, "percent_statements_covered_display": "88"}, "missing_lines": [24, 28], "excluded_lines": [], "functions": {"StockMovement.__repr__": {"executed_lines": [], "summary": {"covered_lines": 0, "num_statements": 1, "percent_covered": 0.0, "percent_covered_display": "0", "missing_lines": 1, "excluded_lines": 0, "percent_statements_covered": 0.0, "percent_statements_covered_display": "0"}, "missing_lines": [24], "excluded_lines": [], "start_line": 23}, "StockMovement.to_dict": {"executed_lines": [], "summary": {"covered_lines": 0, "num_statements": 1, "percent_covered": 0.0, "percent_covered_display": "0", "missing_lines": 1, "excluded_lines": 0, "percent_statements_covered": 0.0, "percent_statements_covered_display": "0"}, "missing_lines": [28], "excluded_lines": [], "start_line": 26}, "": {"executed_lines": [5, 6, 7, 10, 12, 14, 15, 16, 17, 18, 19, 20, 21, 23, 26], "summary": {"covered_lines": 15, "num_statements": 15, "percent_covered": 100.0, "percent_covered_display": "100", "missing_lines": 0, "excluded_lines": 0, "percent_statements_covered": 100.0, "percent_statements_covered_display": "100"}, "missing_lines": [], "excluded_lines": [], "start_line": 1}}, "classes": {"StockMovement": {"executed_lines": [], "summary": {"covered_lines": 0, "num_statements": 2, "percent_covered": 0.0, "p
[...]
 491, 492, 493, 495, 496, 498, 499, 501, 502, 505, 508, 516, 517, 519, 520, 521, 523, 525, 526, 527, 528, 531, 532, 533, 536, 537, 545, 546, 548, 549, 550, 552, 557, 558, 559, 560, 563, 564, 567, 568, 571, 574, 582, 585, 586, 588, 589, 590, 592, 594, 595, 597, 599, 600, 601, 603, 605, 606, 607, 609, 610, 611, 613, 615, 616, 617, 618, 619, 620, 621, 622, 624, 626, 627, 628, 630, 632, 633, 634, 636, 637, 639, 642, 650, 651, 653, 654, 656, 661, 662, 663, 665, 667, 669, 670, 672, 673, 675, 677, 678, 679, 681, 694, 696, 697, 699, 700, 701, 704, 705, 706, 715, 725, 728, 736, 738, 740, 742, 743, 745, 752, 753, 754, 756, 767, 768, 770, 771, 772, 774, 775, 776, 778, 781, 783, 785, 786, 787, 789, 791, 792, 794, 796, 806, 807, 809, 812, 814, 815, 816, 817, 818, 819, 822, 825, 826, 834, 835, 837, 838, 839, 841, 849, 850, 851], "excluded_lines": [], "functions": {"InventoryService.__init__": {"executed_lines": [], "summary": {"covered_lines": 0, "num_statements": 2, "percent_covered": 0.0, "percent_covered_display": "0", "missing_lines": 2, "excluded_lines": 0, "percent_statements_covered": 0.0, "percent_statements_covered_display": "0"}, "missing_lines": [20, 21], "excluded_lines": [], "start_line": 19}, "InventoryService.get_batch_inventory": {"executed_lines": [], "summary": {"covered_lines": 0, "num_statements": 22, "percent_covered": 0.0, "percent_covered_display": "0", "missing_lines": 22, "excluded_lines": 0, "percent_statements_covered": 0.0, "percent_statements_covered_display": "0"}, "missing_lines": [35, 36, 38, 40, 42, 44, 45, 55, 56, 61, 63, 65, 66, 68, 79, 80, 81, 83, 92, 94, 95, 96], "excluded_lines": [], "start_line": 23}, "InventoryService.check_stock_availability": {"executed_lines": [], "summary": {"covered_lines": 0, "num_statements": 23, "percent_covered": 0.0, "percent_covered_display": "0", "missing_lines": 23, "excluded_lines": 0, "percent_statements_covered": 0.0, "percent_statements_covered_display": "0"}, "missing_lines": [108, 110, 113, 114, 117, 118, 120, 121, 122, 124, 125, 126, 127, 129, 130, 132, 139, 140, 142, 148, 150, 151, 152], "excluded_lines": [], "start_line": 98}, "InventoryService.get_inventory_by_sku": {"executed_lines": [], "summary": {"covered_lines": 0, "num_statements": 9, "percent_covered": 0.0, "percent_covered_display": "0", "missing_lines": 9, "excluded_lines": 0, "percent_statements_covered": 0.0, "percent_statements_covered_display": "0"}, "missing_lines": [156, 157, 158, 159, 161, 166, 168, 169, 170], "excluded_lines": [], "start_line": 154}, "InventoryService.create_inventory_item": {"executed_lines": [], "summary": {"covered_lines": 0, "num_statements": 8, "percent_covered": 0.0, "percent_covered_display": "0", "missing_lines": 8, "excluded_lines": 0, "percent_statements_covered": 0.0, "percent_statements_covered_display": "0"}, "missing_lines": [174, 176, 186, 189, 191, 193, 194, 195], "excluded_lines": [], "start_line": 172}, "InventoryService.delete_inventory_item": {"executed_lines": [], "summary": {"covered_lines": 0, "num_statements": 11, "percent_covered": 0.0, "percent_covered_display": "0", "missing_lines": 11, "excluded_lines": 0, "percent_statements_covered": 0.0, "percent_statements_covered_display": "0"}, "missing_lines": [199, 201, 202, 203, 206, 208, 210, 212, 214, 215, 216], "excluded_lines": [], "start_line": 197}, "InventoryService.update_inventory_item": {"executed_lines": [], "summary": {"covered_lines": 0, "num_statements": 14, "percent_covered": 0.0, "percent_covered_display": "0", "missing_lines": 14, "excluded_lines": 0, "percent_statements_covered": 0.0, "percent_statements_covered_display": "0"}, "missing_lines": [220, 221, 222, 223, 226, 227, 228, 230, 231, 233, 235, 237, 238, 239], "excluded_lines": [], "start_line": 218}, "InventoryService.adjust_stock": {"executed_lines": [], "summary": {"covered_lines": 0, "num_statements": 14, "percent_covered": 0.0, "percent_covered_display": "0", "missing_lines": 14, "excluded_lines": 0, "percent_statements_covered": 0.0, "percent_statements_covered_display": "0"}, "missing_lines": [243, 245, 246, 247, 249, 251, 259, 261, 268, 269, 271, 273, 274, 275], "excluded_lines": [], "start_line": 241}, "InventoryService.bulk_update_inventory": {"executed_lines": [], "summary": {"covered_lines": 0, "num_statements": 7, "percent_covered": 0.0, "percent_covered_display": "0", "missing_lines": 7, "excluded_lines": 0, "percent_statements_covered": 0.0, "percent_statements_covered_display": "0"}, "missing_lines": [279, 280, 281, 282, 284, 285, 286], "excluded_lines": [], "start_line": 277}, "InventoryService.search_inventory": {"executed_lines": [], "summary": {"covered_lines": 0, "num_statements": 6, "percent_covered": 0.0, "percent_covered_display": "0", "missing_lines": 6, "excluded_lines": 0, "percent_statements_covered": 0.0, "percent_statements_covered_display": "0"}, "missing_lines": [290, 291, 292, 294, 295, 296], "excluded_lines": [], "start_line": 288}, "InventoryService.check_availability": {"executed_lines": [], "summary": {"covered_lines": 0, "num_statements": 9, "percent_covered": 0.0, "percent_covered_display": "0", "missing_lines": 9, "excluded_lines": 0, "percent_statements_covered": 0.0, "percent_statements_covered_display": "0"}, "missing_lines": [300, 301, 302, 303, 310, 311, 318, 319, 320], "excluded_lines": [], "start_line": 298}, "InventoryService.get_low_stock_items": {"executed_lines": [], "summary": {"covered_lines": 0, "num_statements": 6, "percent_covered": 0.0, "percent_covered_display": "0", "missing_lines": 6, "excluded_lines": 0, "percent_statements_covered": 0.0, "percent_statements_covered_display": "0"}, "missing_lines": [324, 325, 326, 328, 329, 330], "excluded_lines": [], "start_line": 322}, "InventoryService.health_check": {"executed_lines": [], "summary": {"covered_lines": 0, "num_statements": 12, "percent_covered": 0.0, "percent_covered_display": "0", "missing_lines": 12, "excluded_lines": 0, "percent_statements_covered": 0.0, "percent_statements_covered_display": "0"}, "missing_lines": [334, 336, 339, 340, 341, 342, 343, 344, 346, 353, 354, 355], "excluded_lines": [], "start_line": 332}, "InventoryService._clear_stock_caches": {"executed_lines": [], "summary": {"covered_lines": 0, "num_statements": 12, "percent_covered": 0.0, "percent_covered_display": "0", "missing_lines": 12, "excluded_lines": 0, "percent_statements_covered": 0.0, "percent_statements_covered_display": "0"}, "missing_lines": [363, 364, 366, 368, 369, 370, 373, 374, 375, 377, 379, 380], "excluded_lines": [], "start_line": 361}, "InventoryService.search_inventory_advanced": {"executed_lines": [], "summary": {"covered_lines": 0, "num_statements": 9, "percent_covered": 0.0, "percent_covered_display": "0", "missing_lines": 9, "excluded_lines": 0, "percent_statements_covered": 0.0, "percent_statements_covered_display": "0"}, "missing_lines": [392, 394, 397, 398, 400, 402, 404, 405, 406], "excluded_lines": [], "start_line": 382}, "InventoryService.get_inventory_with_product_details": {"executed_lines": [], "summary": {"covered_lines": 0, "num_statements": 6, "percent_covered": 0.0, "percent_covered_display": "0", "missing_lines": 6, "excluded_lines": 0, "percent_statements_covered": 0.0, "percent_statements_covered_display": "0"}, "missing_lines": [422, 424, 429, 431, 432, 433], "excluded_lines": [], "start_line": 408}, "InventoryService.create_reservation": {"executed_lines": [], "summary": {"covered_lines": 0, "num_statements": 15, "percent_covered": 0.0, "percent_covered_display": "0", "missing_lines": 15, "excluded_lines": 0, "percent_statements_covered": 0.0, "percent_statements_covered_display": "0"}, "missing_lines": [441, 443, 444, 445, 447, 448, 451, 452, 461, 464, 472, 473, 475, 476, 477], "excluded_lines": [], "start_line": 439}, "InventoryService.get_reservation": {"executed_lines": [], "summary": {"covered_lines": 0, "num_statements": 6, "percent_covered": 0.0, "percent_covered_display": "0", "missing_lines": 6, "excluded_lines": 0, "percent_statements_covered": 0.0, "percent_statements_covered_display": "0"}, "missing_lines": [481, 482, 483, 484, 485, 486], "excluded_lines": [], "start_line": 479}, "InventoryService.confirm_reservation": {"executed_lines": [], "summary": {"covered_lines": 0, "num_statements": 17, "percent_covered": 0.0, "percent_covered_display": "0", "missing_lines": 17, "excluded_lines": 0, "percent_statements_covered": 0.0, "percent_statements_covered_display": "0"}, "missing_lines": [490, 491, 492, 493, 495, 496, 498, 499, 501, 502, 505, 508, 516, 517, 519, 520, 521], "excluded_lines": [], "start_line": 488}, "InventoryService.cancel_reservation": {"executed_lines": [], "summary": {"covered_lines": 0, "num_statements": 14, "percent_covered": 0.0, "percent_covered_display": "0", "missing_lines": 14, "excluded_lines": 0, "percent_statements_covered": 0.0, "percent_statements_covered_display": "0"}, "missing_lines": [525, 526, 527, 528, 531, 532, 533, 536, 537, 545, 546, 548, 549, 550], "excluded_lines": [], "start_line": 523}, "InventoryService.release_reservation": {"executed_lines": [], "summary": {"covered_lines": 0, "num_statements": 16, "percent_covered": 0.0, "percent_covered_display": "0", "missing_lines": 16, "excluded_lines": 0, "percent_statements_covered": 0.0, "percent_statements_covered_display": "0"}, "missing_lines": [557, 558, 559, 560, 563, 564, 567, 568, 571, 574, 582, 585, 586, 588, 589, 590], "excluded_lines": [], "start_line": 552}, "InventoryService.search_reservations": {"executed_lines": [], "summary": {"covered_lines": 0, "num_statements": 6, "percent_covered": 0.0, "percent_covered_display": "0", "missing_lines": 6, "excluded_lines": 0, "percent_statements_covered": 0.0, "percent_statements_covered_display": "0"}, "missing_lines": [594, 595, 597, 599, 600, 601], "excluded_lines": [], "start_line": 592}, "InventoryService.search_reservations_with_count": {"executed_lines": [], "summary": {"covered_lines": 0, "num_statements": 6, "percent_covered": 0.0, "percent_covered_display": "0", "missing_lines": 6, "excluded_lines": 0, "percent_statements_covered": 0.0, "percent_statements_covered_display": "0"}, "missing_lines": [605, 606, 607, 609, 610, 611], "excluded_lines": [], "start_line": 603}, "InventoryService.confirm_reservations": {"executed_lines": [], "summary": {"covered_lines": 0, "num_statements": 12, "percent_covered": 0.0, "percent_covered_display": "0", "missing_lines": 12, "excluded_lines": 0, "percent_statements_covered": 0.0, "percent_statements_covered_display": "0"}, "missing_lines": [615, 616, 617, 618, 619, 620, 621, 622, 624, 626, 627, 628], "excluded_lines": [], "start_line": 613}, "InventoryService.process_expired_reservations": {"executed_lines": [], "summary": {"covered_lines": 0, "num_statements": 15, "percent_covered": 0.0, "percent_covered_display": "0", "missing_lines": 15, "excluded_lines": 0, "percent_statements_covered": 0.0, "percent_statements_covered_display": "0"}, "missing_lines": [632, 633, 634, 636, 637, 639, 642, 650, 651, 653, 654, 656, 661, 662, 663], "excluded_lines": [], "start_line": 630}, "InventoryService.cleanup_old_reservations": {"executed_lines": [], "summary": {"covered_lines": 0, "num_statements": 9, "percent_covered": 0.0, "percent_covered_display": "0", "missing_lines": 9, "excluded_lines": 0, "percent_statements_covered": 0.0, "percent_statements_covered_display": "0"}, "missing_lines": [667, 669, 670, 672, 673, 675, 677, 678, 679], "excluded_lines": [], "start_line": 665}, "InventoryService.reserve_stock_for_order": {"executed_lines": [], "summary": {"covered_lines": 0, "num_statements": 21, "percent_covered": 0.0, "percent_covered_display": "0", "missing_lines": 21, "excluded_lines": 0, "percent_statements_covered": 0.0, "percent_statements_covered_display": "0"}, "missing_lines": [694, 696, 697, 699, 700, 701, 704, 705, 706, 715, 725, 728, 736, 738, 740, 742, 743, 745, 752, 753, 754], "excluded_lines": [], "start_line": 681}, "InventoryService.confirm_reservations_bulk": {"executed_lines": [], "summary": {"covered_lines": 0, "num_statements": 18, "percent_covered": 0.0, "percent_covered_display": "0", "missing_lines": 18, "excluded_lines": 0, "percent_statements_covered": 0.0, "percent_statements_covered_display": "0"}, "missing_lines": [767, 768, 770, 771, 772, 774, 775, 776, 778, 781, 783, 785, 786, 787, 789, 791, 792, 794], "excluded_lines": [], "start_line": 756}, "InventoryService.expire_reservations": {"executed_lines": [], "summary": {"covered_lines": 0, "num_statements": 22, "percent_covered": 0.0, "percent_covered_display": "0", "missing_lines": 22, "excluded_lines": 0, "percent_statements_covered": 0.0, "percent_statements_covered_display": "0"}, "missing_lines": [806, 807, 809, 812, 814, 815, 816, 817, 818, 819, 822, 825, 826, 834, 835, 837, 838, 839, 841, 849, 850, 851], "excluded_lines": [], "start_line": 796}, "": {"executed_lines": [], "summary": {"covered_lines": 0, "num_statements": 37, "percent_covered": 0.0, "percent_covered_display": "0", "missing_lines": 37, "excluded_lines": 0, "percent_statements_covered": 0.0, "percent_statements_covered_display": "0"}, "missing_lines": [5, 6, 7, 8, 10, 11, 13, 16, 19, 23, 98, 154, 172, 197, 218, 241, 277, 288, 298, 322, 332, 361, 382, 408, 439, 479, 488, 523, 552, 592, 603, 613, 630, 665, 681, 756, 796], "excluded_lines": [], "start_line": 1}}, "classes": {"InventoryService": {"executed_lines": [], "summary": {"covered_lines": 0, "num_statements": 347, "percent_covered": 0.0, "percent_covered_display": "0", "missing_lines": 347, "excluded_lines": 0, "percent_statements_covered": 0.0, "percent_statements_covered_display": "0"}, "missing_lines": [20, 21, 35, 36, 38, 40, 42, 44, 45, 55, 56, 61, 63, 65, 66, 68, 79, 80, 81, 83, 92, 94, 95, 96, 108, 110, 113, 114, 117, 118, 120, 121, 122, 124, 125, 126, 127, 129, 130, 132, 139, 140, 142, 148, 150, 151, 152, 156, 157, 158, 159, 161, 166, 168, 169, 170, 174, 176, 186, 189, 191, 193, 194, 195, 199, 201, 202, 203, 206, 208, 210, 212, 214, 215, 216, 220, 221, 222, 223, 226, 227, 228, 230, 231, 233, 235, 237, 238, 239, 243, 245, 246, 247, 249, 251, 259, 261, 268, 269, 271, 273, 274, 275, 279, 280, 281, 282, 284, 285, 286, 290, 291, 292, 294, 295, 296, 300, 301, 302, 303, 310, 311, 318, 319, 320, 324, 325, 326, 328, 329, 330, 334, 336, 339, 340, 341, 342, 343, 344, 346, 353, 354, 355, 363, 364, 366, 368, 369, 370, 373, 374, 375, 377, 379, 380, 392, 394, 397, 398, 400, 402, 404, 405, 406, 422, 424, 429, 431, 432, 433, 441, 443, 444, 445, 447, 448, 451, 452, 461, 464, 472, 473, 475, 476, 477, 481, 482, 483, 484, 485, 486, 490, 491, 492, 493, 495, 496, 498, 499, 501, 502, 505, 508, 516, 517, 519, 520, 521, 525, 526, 527, 528, 531, 532, 533, 536, 537, 545, 546, 548, 549, 550, 557, 558, 559, 560, 563, 564, 567, 568, 571, 574, 582, 585, 586, 588, 589, 590, 594, 595, 597, 599, 600, 601, 605, 606, 607, 609, 610, 611, 615, 616, 617, 618, 619, 620, 621, 622, 624, 626, 627, 628, 632, 633, 634, 636, 637, 639, 642, 650, 651, 653, 654, 656, 661, 662, 663, 667, 669, 670, 672, 673, 675, 677, 678, 679, 694, 696, 697, 699, 700, 701, 704, 705, 706, 715, 725, 728, 736, 738, 740, 742, 743, 745, 752, 753, 754, 767, 768, 770, 771, 772, 774, 775, 776, 778, 781, 783, 785, 786, 787, 789, 791, 792, 794, 806, 807, 809, 812, 814, 815, 816, 817, 818, 819, 822, 825, 826, 834, 835, 837, 838, 839, 841, 849, 850, 851], "excluded_lines": [], "start_line": 16}, "": {"executed_lines": [], "summary": {"covered_lines": 0, "num_statements": 37, "percent_covered": 0.0, "percent_covered_display": "0", "missing_lines": 37, "excluded_lines": 0, "percent_statements_covered": 0.0, "percent_statements_covered_display": "0"}, "missing_lines": [5, 6, 7, 8, 10, 11, 13, 16, 19, 23, 98, 154, 172, 197, 218, 241, 277, 288, 298, 322, 332, 361, 382, 408, 439, 479, 488, 523, 552, 592, 603, 613, 630, 665, 681, 756, 796], "excluded_lines": [], "start_line": 1}}}, "src/utils/error_codes.py": {"executed_lines": [4, 5, 8, 11, 12, 13, 16, 19, 22, 23, 26, 27, 28, 31, 34, 37, 50, 52, 60, 61, 63, 64, 66, 69, 71, 79, 81, 93, 95, 103, 105, 113, 115], "summary": {"covered_lines": 33, "num_statements": 33, "percent_covered": 100.0, "percent_covered_display": "100", "missing_lines": 0, "excluded_lines": 0, "percent_statements_covered": 100.0, "percent_statements_covered_display": "100"}, "missing_lines": [], "excluded_lines": [], "functions": {"create_error_response": {"executed_lines": [50, 52, 60, 61, 63, 64, 66], "summary": {"covered_lines": 7, "num_statements": 7, "percent_covered": 100.0, "percent_covered_display": "100", "missing_lines": 0, "excluded_lines": 0, "percent_statements_covered": 100.0, "percent_statements_covered_display": "100"}, "missing_lines": [], "excluded_lines": [], "start_line": 37}, "sku_not_found_error": {"executed_lines": [71], "summary": {"covered_lines": 1, "num_statements": 1, "percent_covered": 100.0, "percent_covered_display": "100", "missing_lines": 0, "excluded_lines": 0, "percent_statements_covered": 100.0, "percent_statements_covered_display": "100"}, "missing_lines": [], "excluded_lines": [], "start_line": 69}, "insufficient_stock_error": {"executed_lines": [81], "summary": {"covered_lines": 1, "num_statements": 1, "percent_covered": 100.0, "percent_covered_display": "100", "missing_lines": 0, "excluded_lines": 0, "percent_statements_covered": 100.0, "percent_statements_covered_display": "100"}, "missing_lines": [], "excluded_lines": [], "start_line": 79}, "sku_already_exists_error": {"executed_lines": [95], "summary": {"covered_lines": 1, "num_statements": 1, "percent_covered": 100.0, "percent_covered_display": "100", "missing_lines": 0, "excluded_lines": 0, "percent_statements_covered": 100.0, "percent_statements_covered_display": "100"}, "missing_lines": [], "excluded_lines": [], "start_line": 93}, "reservation_not_found_error": {"executed_lines": [105], "summary": {"covered_lines": 1, "num_statements": 1, "percent_covered": 100.0, "percent_covered_display": "100", "missing_lines": 0, "excluded_lines": 0, "percent_statements_covered": 100.0, "percent_statements_covered_display": "100"}, "missing_lines": [], "excluded_lines": [], "start_line": 103}, "validation_error": {"executed_lines": [115], "summary": {"covered_lines": 1, "num_statements": 1, "percent_covered": 100.0, "percent_covered_display": "100", "missing_lines": 0, "excluded_lines": 0, "percent_statements_covered": 100.0, "percent_statements_covered_display": "100"}, "missing_lines": [], "excluded_lines": [], "start_line": 113}, "": {"executed_lines": [4, 5, 8, 11, 12, 13, 16, 19, 22, 23, 26, 27, 28, 31, 34, 37, 69, 79, 93, 103, 113], "summary": {"covered_lines": 21, "num_statements": 21, "percent_covered": 100.0, "percent_covered_display": "100", "missing_lines": 0, "excluded_lines": 0, "percent_statements_covered": 100.0, "percent_statements_covered_display": "100"}, "missing_lines": [], "excluded_lines": [], "start_line": 1}}, "classes": {"ErrorCode": {"executed_lines": [], "summary": {"covered_lines": 0, "num_statements": 0, "percent_covered": 100.0, "percent_covered_display": "100", "missing_lines": 0, "excluded_lines": 0, "percent_statements_covered": 100.0, "percent_statements_covered_display": "100"}, "missing_lines": [], "excluded_lines": [], "start_line": 8}, "": {"executed_lines": [4, 5, 8, 11, 12, 13, 16, 19, 22, 23, 26, 27, 28, 31, 34, 37, 50, 52, 60, 61, 63, 64, 66, 69, 71, 79, 81, 93, 95, 103, 105, 113, 115], "summary": {"covered_lines": 33, "num_statements": 33, "percent_covered": 100.0, "percent_covered_display": "100", "missing_lines": 0, "excluded_lines": 0, "percent_statements_covered": 100.0, "percent_statements_covered_display": "100"}, "missing_lines": [], "excluded_lines": [], "start_line": 1}}}}, "totals": {"covered_lines": 273, "num_statements": 1915, "percent_covered": 14.255874673629243, "percent_covered_display": "14", "missing_lines": 1642, "excluded_lines": 0, "percent_statements_covered": 14.255874673629243, "percent_statements_covered_display": "14"}}